<!DOCTYPE html>
<html>
  <head>
    <meta charset="utf-8"/>
    <title id="head-title">testExecutionResult.html</title>
      <link href="assets\style.css" rel="stylesheet" type="text/css"/>
  </head>
  <body>
    <h1 id="title">testExecutionResult.html</h1>
    <p>Report generated on 14-Sep-2025 at 11:55:59 by <a href="https://pypi.python.org/pypi/pytest-html">pytest-html</a>
        v4.1.1</p>
    <div id="environment-header">
      <h2>Environment</h2>
    </div>
    <table id="environment"></table>
    <!-- TEMPLATES -->
      <template id="template_environment_row">
      <tr>
        <td></td>
        <td></td>
      </tr>
    </template>
    <template id="template_results-table__body--empty">
      <tbody class="results-table-row">
        <tr id="not-found-message">
          <td colspan="4">No results found. Check the filters.</th>
        </tr>
    </template>
    <template id="template_results-table__tbody">
      <tbody class="results-table-row">
        <tr class="collapsible">
        </tr>
        <tr class="extras-row">
          <td class="extra" colspan="4">
            <div class="extraHTML"></div>
            <div class="media">
              <div class="media-container">
                  <div class="media-container__nav--left"><</div>
                  <div class="media-container__viewport">
                    <img src="" />
                    <video controls>
                      <source src="" type="video/mp4">
                    </video>
                  </div>
                  <div class="media-container__nav--right">></div>
                </div>
                <div class="media__name"></div>
                <div class="media__counter"></div>
            </div>
            <div class="logwrapper">
              <div class="logexpander"></div>
              <div class="log"></div>
            </div>
          </td>
        </tr>
      </tbody>
    </template>
    <!-- END TEMPLATES -->
    <div class="summary">
      <div class="summary__data">
        <h2>Summary</h2>
        <div class="additional-summary prefix">
        </div>
        <p class="run-count">27 tests took 00:00:03.</p>
        <p class="filter">(Un)check the boxes to filter the results.</p>
        <div class="summary__reload">
          <div class="summary__reload__button hidden" onclick="location.reload()">
            <div>There are still tests running. <br />Reload this page to get the latest results!</div>
          </div>
        </div>
        <div class="summary__spacer"></div>
        <div class="controls">
          <div class="filters">
            <input checked="true" class="filter" name="filter_checkbox" type="checkbox" data-test-result="failed" />
            <span class="failed">18 Failed,</span>
            <input checked="true" class="filter" name="filter_checkbox" type="checkbox" data-test-result="passed" />
            <span class="passed">9 Passed,</span>
            <input checked="true" class="filter" name="filter_checkbox" type="checkbox" data-test-result="skipped" />
            <span class="skipped">11 Skipped,</span>
            <input checked="true" class="filter" name="filter_checkbox" type="checkbox" data-test-result="xfailed" disabled/>
            <span class="xfailed">0 Expected failures,</span>
            <input checked="true" class="filter" name="filter_checkbox" type="checkbox" data-test-result="xpassed" disabled/>
            <span class="xpassed">0 Unexpected passes,</span>
            <input checked="true" class="filter" name="filter_checkbox" type="checkbox" data-test-result="error" disabled/>
            <span class="error">0 Errors,</span>
            <input checked="true" class="filter" name="filter_checkbox" type="checkbox" data-test-result="rerun" disabled/>
            <span class="rerun">0 Reruns</span>
          </div>
          <div class="collapse">
            <button id="show_all_details">Show all details</button>&nbsp;/&nbsp;<button id="hide_all_details">Hide all details</button>
          </div>
        </div>
      </div>
      <div class="additional-summary summary">
      </div>
      <div class="additional-summary postfix">
      </div>
    </div>
    <table id="results-table">
      <thead id="results-table-head">
        <tr>
          <th class="sortable" data-column-type="result">Result</th>
          <th class="sortable" data-column-type="testId">Test</th>
          <th class="sortable" data-column-type="duration">Duration</th>
          <th>Links</th>
        </tr>
      </thead>
    </table>
  </body>
  <footer>
    <div id="data-container" data-jsonblob="{&#34;environment&#34;: {&#34;Python&#34;: &#34;3.10.1&#34;, &#34;Platform&#34;: &#34;Windows-10-10.0.26100-SP0&#34;, &#34;Packages&#34;: {&#34;pytest&#34;: &#34;8.3.4&#34;, &#34;pluggy&#34;: &#34;1.5.0&#34;}, &#34;Plugins&#34;: {&#34;anyio&#34;: &#34;4.9.0&#34;, &#34;Faker&#34;: &#34;37.4.0&#34;, &#34;ast-transformer&#34;: &#34;1.0.3&#34;, &#34;html&#34;: &#34;4.1.1&#34;, &#34;metadata&#34;: &#34;3.1.1&#34;, &#34;order&#34;: &#34;1.3.0&#34;, &#34;ordering&#34;: &#34;0.6&#34;, &#34;rerunfailures&#34;: &#34;15.1&#34;, &#34;soft-assertions&#34;: &#34;0.1.2&#34;, &#34;xdist&#34;: &#34;3.7.0&#34;}, &#34;JAVA_HOME&#34;: &#34;C:\\Users\\hetur\\.jdks\\openjdk-21.0.2&#34;}, &#34;tests&#34;: {&#34;TestScripts/test_DE_checks.py::test_DE_supplier_data_to_staging&#34;: [{&#34;extras&#34;: [], &#34;result&#34;: &#34;Passed&#34;, &#34;testId&#34;: &#34;TestScripts/test_DE_checks.py::test_DE_supplier_data_to_staging&#34;, &#34;duration&#34;: &#34;280 ms&#34;, &#34;resultsTableRow&#34;: [&#34;&lt;td class=\&#34;col-result\&#34;&gt;Passed&lt;/td&gt;&#34;, &#34;&lt;td class=\&#34;col-testId\&#34;&gt;TestScripts/test_DE_checks.py::test_DE_supplier_data_to_staging&lt;/td&gt;&#34;, &#34;&lt;td class=\&#34;col-duration\&#34;&gt;280 ms&lt;/td&gt;&#34;, &#34;&lt;td class=\&#34;col-links\&#34;&gt;&lt;/td&gt;&#34;], &#34;log&#34;: &#34;------------------------------ Captured log setup ------------------------------\nINFO     conftest:conftest.py:32 Mysql connection getting established...\nINFO     conftest:conftest.py:34 mysql connection has been established...\n\n------------------------------ Captured log call -------------------------------\nINFO     TestScripts.test_DE_checks:test_DE_checks.py:26 Test case for supplier data extraction has started..\nINFO     CommonUtilities.utilities:utilities.py:146 Expected data is    supplier_id         supplier_name  ... rating last_order_date\n0            1      ABC Distributors  ...    4.8      2024-11-20\n1            2     Global Goods Inc.  ...    4.3      2024-11-19\n2            3   GreenTech Solutions  ...    4.6      2024-11-18\n3            4              EuroWare  ...    4.2      2024-11-22\n4            5      Pacific Products  ...    4.7      2024-11-17\n5            6     Fresh Produce Co.  ...    4.4      2024-11-21\n6            7  TechCore Electronics  ...    4.9      2024-11-23\n7            8       HanYang Trading  ...    4.1      2024-11-16\n8            9         Indo Supplies  ...    4.3      2024-11-25\n9           10         LatAm Imports  ...    4.5      2024-11-20\n\n[10 rows x 8 columns]\nINFO     CommonUtilities.utilities:utilities.py:151 Actaul data is    supplier_id         supplier_name  ... rating last_order_date\n0            1      ABC Distributors  ...    4.8      2024-11-20\n1            2     Global Goods Inc.  ...    4.3      2024-11-19\n2            3   GreenTech Solutions  ...    4.6      2024-11-18\n3            4              EuroWare  ...    4.2      2024-11-22\n4            5      Pacific Products  ...    4.7      2024-11-17\n5            6     Fresh Produce Co.  ...    4.4      2024-11-21\n6            7  TechCore Electronics  ...    4.9      2024-11-23\n7            8       HanYang Trading  ...    4.1      2024-11-16\n8            9         Indo Supplies  ...    4.3      2024-11-25\n9           10         LatAm Imports  ...    4.5      2024-11-20\n\n[10 rows x 8 columns]\nINFO     TestScripts.test_DE_checks:test_DE_checks.py:28 Test case for supplier data extraction has completed..\n\n---------------------------- Captured log teardown -----------------------------\nINFO     conftest:conftest.py:37 mysql connection has been closed...&#34;}], &#34;TestScripts/test_DE_checks.py::test_DE_inventory_data_to_staging&#34;: [{&#34;extras&#34;: [], &#34;result&#34;: &#34;Passed&#34;, &#34;testId&#34;: &#34;TestScripts/test_DE_checks.py::test_DE_inventory_data_to_staging&#34;, &#34;duration&#34;: &#34;97 ms&#34;, &#34;resultsTableRow&#34;: [&#34;&lt;td class=\&#34;col-result\&#34;&gt;Passed&lt;/td&gt;&#34;, &#34;&lt;td class=\&#34;col-testId\&#34;&gt;TestScripts/test_DE_checks.py::test_DE_inventory_data_to_staging&lt;/td&gt;&#34;, &#34;&lt;td class=\&#34;col-duration\&#34;&gt;97 ms&lt;/td&gt;&#34;, &#34;&lt;td class=\&#34;col-links\&#34;&gt;&lt;/td&gt;&#34;], &#34;log&#34;: &#34;------------------------------ Captured log setup ------------------------------\nINFO     conftest:conftest.py:32 Mysql connection getting established...\nINFO     conftest:conftest.py:34 mysql connection has been established...\n\n------------------------------ Captured log call -------------------------------\nINFO     TestScripts.test_DE_checks:test_DE_checks.py:39 Test case for inventory data extraction has started..\nINFO     CommonUtilities.utilities:utilities.py:146 Expected data is     product_id  store_id  quantity_on_hand last_updated\n0          101         1                50   2024-09-01\n1          102         1                30   2024-09-02\n2          103         2                40   2024-09-03\n3          106         3                25   2024-09-06\n4          107         1                35   2024-09-07\n5          108         2                45   2024-09-08\n6          109         3                55   2024-09-09\n7          110         3                65   2024-09-10\n8          101         4                50   2024-09-11\n9          102         4                40   2024-09-12\n10         103         5                30   2024-09-13\n11         104         5                20   2024-09-14\n12         105         6                50   2024-09-15\n13         106         6                60   2024-09-16\n14         107         7                30   2024-09-17\n15         108         7                40   2024-09-18\n16         109         8                45   2024-09-19\n17         110         8                55   2024-09-20\n18         101         9                65   2024-09-21\n19         102         9                75   2024-09-22\n20         103        10                80   2024-09-23\n21         104        10                90   2024-09-24\n22         106         2               110   2024-09-26\n23         107         3               120   2024-09-27\n24         108         4               130   2024-09-28\n25         109         5               140   2024-09-29\n26         110         6               150   2024-09-30\n27         101         7               160   2024-10-01\n28         102         8               170   2024-10-02\n29         103         9               180   2024-10-03\nINFO     CommonUtilities.utilities:utilities.py:151 Actaul data is     product_id  store_id  quantity_on_hand last_updated\n0          101         1                50   2024-09-01\n1          102         1                30   2024-09-02\n2          103         2                40   2024-09-03\n3          106         3                25   2024-09-06\n4          107         1                35   2024-09-07\n5          108         2                45   2024-09-08\n6          109         3                55   2024-09-09\n7          110         3                65   2024-09-10\n8          101         4                50   2024-09-11\n9          102         4                40   2024-09-12\n10         103         5                30   2024-09-13\n11         104         5                20   2024-09-14\n12         105         6                50   2024-09-15\n13         106         6                60   2024-09-16\n14         107         7                30   2024-09-17\n15         108         7                40   2024-09-18\n16         109         8                45   2024-09-19\n17         110         8                55   2024-09-20\n18         101         9                65   2024-09-21\n19         102         9                75   2024-09-22\n20         103        10                80   2024-09-23\n21         104        10                90   2024-09-24\n22         106         2               110   2024-09-26\n23         107         3               120   2024-09-27\n24         108         4               130   2024-09-28\n25         109         5               140   2024-09-29\n26         110         6               150   2024-09-30\n27         101         7               160   2024-10-01\n28         102         8               170   2024-10-02\n29         103         9               180   2024-10-03\nINFO     TestScripts.test_DE_checks:test_DE_checks.py:42 Test case for inventory data extraction has completed..\n\n---------------------------- Captured log teardown -----------------------------\nINFO     conftest:conftest.py:37 mysql connection has been closed...&#34;}], &#34;TestScripts/test_DE_checks.py::test_DE_stores_data_to_staging&#34;: [{&#34;extras&#34;: [], &#34;result&#34;: &#34;Failed&#34;, &#34;testId&#34;: &#34;TestScripts/test_DE_checks.py::test_DE_stores_data_to_staging&#34;, &#34;duration&#34;: &#34;381 ms&#34;, &#34;resultsTableRow&#34;: [&#34;&lt;td class=\&#34;col-result\&#34;&gt;Failed&lt;/td&gt;&#34;, &#34;&lt;td class=\&#34;col-testId\&#34;&gt;TestScripts/test_DE_checks.py::test_DE_stores_data_to_staging&lt;/td&gt;&#34;, &#34;&lt;td class=\&#34;col-duration\&#34;&gt;381 ms&lt;/td&gt;&#34;, &#34;&lt;td class=\&#34;col-links\&#34;&gt;&lt;/td&gt;&#34;], &#34;log&#34;: &#34;conect_to_oracle_database = &amp;lt;sqlalchemy.engine.base.Connection object at 0x00000269418C1180&amp;gt;\nconect_to_mysql_database = &amp;lt;sqlalchemy.engine.base.Connection object at 0x00000269419B9780&amp;gt;\n\n    @pytest.mark.regression\n    def test_DE_stores_data_to_staging(conect_to_oracle_database,conect_to_mysql_database):\n        try:\n            logger.info(&amp;quot;Test case for Stores data extraction has started..&amp;quot;)\n            query_expected =&amp;quot;&amp;quot;&amp;quot;select * from stores&amp;quot;&amp;quot;&amp;quot;\n            query_actual = &amp;quot;&amp;quot;&amp;quot;select * from stag_stores&amp;quot;&amp;quot;&amp;quot;\n&amp;gt;           verify_expected_as_db_to_actual_as_db(conect_to_oracle_database, query_expected, conect_to_mysql_database, query_actual)\n\nTestScripts\\test_DE_checks.py:54: \n_ _ _ _ _ _ _ _ _ _ _ _ _ _ _ _ _ _ _ _ _ _ _ _ _ _ _ _ _ _ _ _ _ _ _ _ _ _ _ _ _ _ _ _ _ _ _ _ _ _ _ _ _ _ _ _ _ _ _ _ _ _ _ _ _ _ \nCommonUtilities\\utilities.py:159: in verify_expected_as_db_to_actual_as_db\n    logger.info(&amp;quot;Expected data :&amp;quot;,df_expected)\nC:\\Python310\\lib\\logging\\__init__.py:1468: in info\n    self._log(INFO, msg, args, **kwargs)\nC:\\Python310\\lib\\logging\\__init__.py:1615: in _log\n    self.handle(record)\nC:\\Python310\\lib\\logging\\__init__.py:1625: in handle\n    self.callHandlers(record)\nC:\\Python310\\lib\\logging\\__init__.py:1687: in callHandlers\n    hdlr.handle(record)\nC:\\Python310\\lib\\logging\\__init__.py:967: in handle\n    self.emit(record)\nC:\\Python310\\lib\\site-packages\\_pytest\\logging.py:386: in emit\n    super().emit(record)\nC:\\Python310\\lib\\logging\\__init__.py:1106: in emit\n    self.handleError(record)\nC:\\Python310\\lib\\logging\\__init__.py:1098: in emit\n    msg = self.format(record)\nC:\\Python310\\lib\\logging\\__init__.py:942: in format\n    return fmt.format(record)\nC:\\Python310\\lib\\site-packages\\_pytest\\logging.py:139: in format\n    return super().format(record)\nC:\\Python310\\lib\\logging\\__init__.py:678: in format\n    record.message = record.getMessage()\n_ _ _ _ _ _ _ _ _ _ _ _ _ _ _ _ _ _ _ _ _ _ _ _ _ _ _ _ _ _ _ _ _ _ _ _ _ _ _ _ _ _ _ _ _ _ _ _ _ _ _ _ _ _ _ _ _ _ _ _ _ _ _ _ _ _ \n\nself = &amp;lt;LogRecord: CommonUtilities.utilities, 20, D:\\Capstone_June_2025_Test_Automation_Framework\\CommonUtilities\\utilities.py, 159, &amp;quot;Expected data :&amp;quot;&amp;gt;\n\n    def getMessage(self):\n        &amp;quot;&amp;quot;&amp;quot;\n        Return the message for this LogRecord.\n    \n        Return the message for this LogRecord after merging any user-supplied\n        arguments with the message.\n        &amp;quot;&amp;quot;&amp;quot;\n        msg = str(self.msg)\n        if self.args:\n&amp;gt;           msg = msg % self.args\nE           TypeError: not all arguments converted during string formatting\n\nC:\\Python310\\lib\\logging\\__init__.py:368: TypeError\n\nDuring handling of the above exception, another exception occurred:\n\nconect_to_oracle_database = &amp;lt;sqlalchemy.engine.base.Connection object at 0x00000269418C1180&amp;gt;\nconect_to_mysql_database = &amp;lt;sqlalchemy.engine.base.Connection object at 0x00000269419B9780&amp;gt;\n\n    @pytest.mark.regression\n    def test_DE_stores_data_to_staging(conect_to_oracle_database,conect_to_mysql_database):\n        try:\n            logger.info(&amp;quot;Test case for Stores data extraction has started..&amp;quot;)\n            query_expected =&amp;quot;&amp;quot;&amp;quot;select * from stores&amp;quot;&amp;quot;&amp;quot;\n            query_actual = &amp;quot;&amp;quot;&amp;quot;select * from stag_stores&amp;quot;&amp;quot;&amp;quot;\n            verify_expected_as_db_to_actual_as_db(conect_to_oracle_database, query_expected, conect_to_mysql_database, query_actual)\n            logger.info(&amp;quot;Test case for Stores data extraction has completed..&amp;quot;)\n        except Exception as e:\n            logger.error(&amp;quot;Test case for Stores data extraction caused problem..&amp;quot;)\n&amp;gt;           pytest.fail(&amp;quot;Test case for Stores data has failed..&amp;quot;)\nE           Failed: Test case for Stores data has failed..\n\nTestScripts\\test_DE_checks.py:58: Failed\n\n------------------------------ Captured log setup ------------------------------\nINFO     conftest:conftest.py:21 Oracle connection getting established...\nINFO     conftest:conftest.py:24 Oracle connection has been established...\nINFO     conftest:conftest.py:32 Mysql connection getting established...\nINFO     conftest:conftest.py:34 mysql connection has been established...\n\n----------------------------- Captured stderr call -----------------------------\n--- Logging error ---\nTraceback (most recent call last):\n  File &amp;quot;C:\\Python310\\lib\\logging\\__init__.py&amp;quot;, line 1098, in emit\n    msg = self.format(record)\n  File &amp;quot;C:\\Python310\\lib\\logging\\__init__.py&amp;quot;, line 942, in format\n    return fmt.format(record)\n  File &amp;quot;C:\\Python310\\lib\\logging\\__init__.py&amp;quot;, line 678, in format\n    record.message = record.getMessage()\n  File &amp;quot;C:\\Python310\\lib\\logging\\__init__.py&amp;quot;, line 368, in getMessage\n    msg = msg % self.args\nTypeError: not all arguments converted during string formatting\nCall stack:\n  File &amp;quot;C:\\Python310\\lib\\runpy.py&amp;quot;, line 196, in _run_module_as_main\n    return _run_code(code, main_globals, None,\n  File &amp;quot;C:\\Python310\\lib\\runpy.py&amp;quot;, line 86, in _run_code\n    exec(code, run_globals)\n  File &amp;quot;C:\\Python310\\Scripts\\pytest.exe\\__main__.py&amp;quot;, line 7, in &amp;lt;module&amp;gt;\n    sys.exit(console_main())\n  File &amp;quot;C:\\Python310\\lib\\site-packages\\_pytest\\config\\__init__.py&amp;quot;, line 201, in console_main\n    code = main()\n  File &amp;quot;C:\\Python310\\lib\\site-packages\\_pytest\\config\\__init__.py&amp;quot;, line 175, in main\n    ret: ExitCode | int = config.hook.pytest_cmdline_main(config=config)\n  File &amp;quot;C:\\Python310\\lib\\site-packages\\pluggy\\_hooks.py&amp;quot;, line 513, in __call__\n    return self._hookexec(self.name, self._hookimpls.copy(), kwargs, firstresult)\n  File &amp;quot;C:\\Python310\\lib\\site-packages\\pluggy\\_manager.py&amp;quot;, line 120, in _hookexec\n    return self._inner_hookexec(hook_name, methods, kwargs, firstresult)\n  File &amp;quot;C:\\Python310\\lib\\site-packages\\pluggy\\_callers.py&amp;quot;, line 103, in _multicall\n    res = hook_impl.function(*args)\n  File &amp;quot;C:\\Python310\\lib\\site-packages\\_pytest\\main.py&amp;quot;, line 330, in pytest_cmdline_main\n    return wrap_session(config, _main)\n  File &amp;quot;C:\\Python310\\lib\\site-packages\\_pytest\\main.py&amp;quot;, line 283, in wrap_session\n    session.exitstatus = doit(config, session) or 0\n  File &amp;quot;C:\\Python310\\lib\\site-packages\\_pytest\\main.py&amp;quot;, line 337, in _main\n    config.hook.pytest_runtestloop(session=session)\n  File &amp;quot;C:\\Python310\\lib\\site-packages\\pluggy\\_hooks.py&amp;quot;, line 513, in __call__\n    return self._hookexec(self.name, self._hookimpls.copy(), kwargs, firstresult)\n  File &amp;quot;C:\\Python310\\lib\\site-packages\\pluggy\\_manager.py&amp;quot;, line 120, in _hookexec\n    return self._inner_hookexec(hook_name, methods, kwargs, firstresult)\n  File &amp;quot;C:\\Python310\\lib\\site-packages\\pluggy\\_callers.py&amp;quot;, line 103, in _multicall\n    res = hook_impl.function(*args)\n  File &amp;quot;C:\\Python310\\lib\\site-packages\\_pytest\\main.py&amp;quot;, line 362, in pytest_runtestloop\n    item.config.hook.pytest_runtest_protocol(item=item, nextitem=nextitem)\n  File &amp;quot;C:\\Python310\\lib\\site-packages\\pluggy\\_hooks.py&amp;quot;, line 513, in __call__\n    return self._hookexec(self.name, self._hookimpls.copy(), kwargs, firstresult)\n  File &amp;quot;C:\\Python310\\lib\\site-packages\\pluggy\\_manager.py&amp;quot;, line 120, in _hookexec\n    return self._inner_hookexec(hook_name, methods, kwargs, firstresult)\n  File &amp;quot;C:\\Python310\\lib\\site-packages\\pluggy\\_callers.py&amp;quot;, line 103, in _multicall\n    res = hook_impl.function(*args)\n  File &amp;quot;C:\\Python310\\lib\\site-packages\\_pytest\\runner.py&amp;quot;, line 113, in pytest_runtest_protocol\n    runtestprotocol(item, nextitem=nextitem)\n  File &amp;quot;C:\\Python310\\lib\\site-packages\\_pytest\\runner.py&amp;quot;, line 132, in runtestprotocol\n    reports.append(call_and_report(item, &amp;quot;call&amp;quot;, log))\n  File &amp;quot;C:\\Python310\\lib\\site-packages\\_pytest\\runner.py&amp;quot;, line 241, in call_and_report\n    call = CallInfo.from_call(\n  File &amp;quot;C:\\Python310\\lib\\site-packages\\_pytest\\runner.py&amp;quot;, line 341, in from_call\n    result: TResult | None = func()\n  File &amp;quot;C:\\Python310\\lib\\site-packages\\_pytest\\runner.py&amp;quot;, line 242, in &amp;lt;lambda&amp;gt;\n    lambda: runtest_hook(item=item, **kwds), when=when, reraise=reraise\n  File &amp;quot;C:\\Python310\\lib\\site-packages\\pluggy\\_hooks.py&amp;quot;, line 513, in __call__\n    return self._hookexec(self.name, self._hookimpls.copy(), kwargs, firstresult)\n  File &amp;quot;C:\\Python310\\lib\\site-packages\\pluggy\\_manager.py&amp;quot;, line 120, in _hookexec\n    return self._inner_hookexec(hook_name, methods, kwargs, firstresult)\n  File &amp;quot;C:\\Python310\\lib\\site-packages\\pluggy\\_callers.py&amp;quot;, line 103, in _multicall\n    res = hook_impl.function(*args)\n  File &amp;quot;C:\\Python310\\lib\\site-packages\\_pytest\\runner.py&amp;quot;, line 174, in pytest_runtest_call\n    item.runtest()\n  File &amp;quot;C:\\Python310\\lib\\site-packages\\_pytest\\python.py&amp;quot;, line 1627, in runtest\n    self.ihook.pytest_pyfunc_call(pyfuncitem=self)\n  File &amp;quot;C:\\Python310\\lib\\site-packages\\pluggy\\_hooks.py&amp;quot;, line 513, in __call__\n    return self._hookexec(self.name, self._hookimpls.copy(), kwargs, firstresult)\n  File &amp;quot;C:\\Python310\\lib\\site-packages\\pluggy\\_manager.py&amp;quot;, line 120, in _hookexec\n    return self._inner_hookexec(hook_name, methods, kwargs, firstresult)\n  File &amp;quot;C:\\Python310\\lib\\site-packages\\pluggy\\_callers.py&amp;quot;, line 103, in _multicall\n    res = hook_impl.function(*args)\n  File &amp;quot;C:\\Python310\\lib\\site-packages\\_pytest\\python.py&amp;quot;, line 159, in pytest_pyfunc_call\n    result = testfunction(**testargs)\n  File &amp;quot;D:\\Capstone_June_2025_Test_Automation_Framework\\TestScripts\\test_DE_checks.py&amp;quot;, line 54, in test_DE_stores_data_to_staging\n    verify_expected_as_db_to_actual_as_db(conect_to_oracle_database, query_expected, conect_to_mysql_database, query_actual)\n  File &amp;quot;D:\\Capstone_June_2025_Test_Automation_Framework\\CommonUtilities\\utilities.py&amp;quot;, line 159, in verify_expected_as_db_to_actual_as_db\n    logger.info(&amp;quot;Expected data :&amp;quot;,df_expected)\nMessage: &amp;#x27;Expected data :&amp;#x27;\nArguments: (  store_id    store_name\n0        1       Walmart\n1        2        Target\n2        3      Best Buy\n3        4        Costco\n4        5    Home Depot\n5        6        Lowe&amp;#x27;s\n6        7   Apple Store\n7        8          IKEA\n8        9     Walgreens\n9       10  CVS Pharmacy,)\n\n------------------------------ Captured log call -------------------------------\nINFO     TestScripts.test_DE_checks:test_DE_checks.py:51 Test case for Stores data extraction has started..\nERROR    TestScripts.test_DE_checks:test_DE_checks.py:57 Test case for Stores data extraction caused problem..\n\n---------------------------- Captured log teardown -----------------------------\nINFO     conftest:conftest.py:37 mysql connection has been closed...\nINFO     conftest:conftest.py:27 Oracle connection has been closed...&#34;}], &#34;TestScripts/test_DE_checks.py::test_DE_product_data_to_staging&#34;: [{&#34;extras&#34;: [], &#34;result&#34;: &#34;Failed&#34;, &#34;testId&#34;: &#34;TestScripts/test_DE_checks.py::test_DE_product_data_to_staging&#34;, &#34;duration&#34;: &#34;999 ms&#34;, &#34;resultsTableRow&#34;: [&#34;&lt;td class=\&#34;col-result\&#34;&gt;Failed&lt;/td&gt;&#34;, &#34;&lt;td class=\&#34;col-testId\&#34;&gt;TestScripts/test_DE_checks.py::test_DE_product_data_to_staging&lt;/td&gt;&#34;, &#34;&lt;td class=\&#34;col-duration\&#34;&gt;999 ms&lt;/td&gt;&#34;, &#34;&lt;td class=\&#34;col-links\&#34;&gt;&lt;/td&gt;&#34;], &#34;log&#34;: &#34;conect_to_mysql_database = &amp;lt;sqlalchemy.engine.base.Connection object at 0x000002694214F730&amp;gt;\n\n    @pytest.mark.regression\n    @pytest.mark.smoke\n    # product data extraction test case\n    def test_DE_product_data_to_staging(conect_to_mysql_database):\n        try:\n            logger.info(&amp;quot;Test case for product data extraction has started..&amp;quot;)\n    \n            bucket_name = &amp;quot;jun-proj-caps-bkt&amp;quot;\n            file_key = &amp;quot;product_data/product_data.csv&amp;quot;\n            query_actual = &amp;quot;&amp;quot;&amp;quot;select * from stag_product&amp;quot;&amp;quot;&amp;quot;\n&amp;gt;           verify_expected_as_s3_to_actual_as_db(bucket_name, file_key, conect_to_mysql_database, query_actual)\n\nTestScripts\\test_DE_checks.py:70: \n_ _ _ _ _ _ _ _ _ _ _ _ _ _ _ _ _ _ _ _ _ _ _ _ _ _ _ _ _ _ _ _ _ _ _ _ _ _ _ _ _ _ _ _ _ _ _ _ _ _ _ _ _ _ _ _ _ _ _ _ _ _ _ _ _ _ \n\nbucket_name = &amp;#x27;jun-proj-caps-bkt&amp;#x27;, file_key = &amp;#x27;product_data/product_data.csv&amp;#x27;\ndb_engine_actual = &amp;lt;sqlalchemy.engine.base.Connection object at 0x000002694214F730&amp;gt;, query_actual = &amp;#x27;select * from stag_product&amp;#x27;\n\n    def verify_expected_as_s3_to_actual_as_db(bucket_name,file_key,db_engine_actual,query_actual):\n        # read from S3 as expected data\n        df_expected = read_file_from_s3(bucket_name,file_key)\n    \n        # Read expected data\n        df_actual = pd.read_sql(query_actual, db_engine_actual)\n    \n        # Compare between expected and actual data\n&amp;gt;       assert df_actual.equals(df_expected), f&amp;quot;expected data {df_expected} &amp;quot; \\\n                                              f&amp;quot;does not match with actual data {df_actual}&amp;quot;\nE       AssertionError: expected data None does not match with actual data    product_id        product_name     category  ...  stock_quantity    brand rating\nE       0         101           iPhone 15  Smartphones  ...              50    Apple    4.8\nE       1         102  Samsung Galaxy S23  Smartphones  ...              75  Samsung    4.7\nE       2         103         Dell XPS 13      Laptops  ...              30     Dell    4.6\nE       3         104      MacBook Pro 14      Laptops  ...              25    Apple    4.9\nE       4         105     Sony WH-1000XM5   Headphones  ...             100     Sony    4.7\nE       5         106       Nike Air Zoom     Sneakers  ...             200     Nike    4.5\nE       6         107      Samsung 55&amp;quot; TV  Electronics  ...              40  Samsung    4.4\nE       7         108    Philips Hue Bulb   Smart Home  ...             500  Philips    4.8\nE       8         109     Fitbit Charge 5    Wearables  ...             150   Fitbit    4.6\nE       9         110   Kindle Paperwhite     eReaders  ...              80   Amazon    4.7\nE       \nE       [10 rows x 7 columns]\n\nCommonUtilities\\utilities.py:211: AssertionError\n\nDuring handling of the above exception, another exception occurred:\n\nconect_to_mysql_database = &amp;lt;sqlalchemy.engine.base.Connection object at 0x000002694214F730&amp;gt;\n\n    @pytest.mark.regression\n    @pytest.mark.smoke\n    # product data extraction test case\n    def test_DE_product_data_to_staging(conect_to_mysql_database):\n        try:\n            logger.info(&amp;quot;Test case for product data extraction has started..&amp;quot;)\n    \n            bucket_name = &amp;quot;jun-proj-caps-bkt&amp;quot;\n            file_key = &amp;quot;product_data/product_data.csv&amp;quot;\n            query_actual = &amp;quot;&amp;quot;&amp;quot;select * from stag_product&amp;quot;&amp;quot;&amp;quot;\n            verify_expected_as_s3_to_actual_as_db(bucket_name, file_key, conect_to_mysql_database, query_actual)\n            logger.info(&amp;quot;Test case for product data extraction has completed..&amp;quot;)\n        except Exception as e:\n            logger.error(&amp;quot;Test case for product data extraction caused problem..&amp;quot;)\n&amp;gt;           pytest.fail(&amp;quot;Test case for product data has failed..&amp;quot;)\nE           Failed: Test case for product data has failed..\n\nTestScripts\\test_DE_checks.py:74: Failed\n\n------------------------------ Captured log setup ------------------------------\nINFO     conftest:conftest.py:32 Mysql connection getting established...\nINFO     conftest:conftest.py:34 mysql connection has been established...\n\n------------------------------ Captured log call -------------------------------\nINFO     TestScripts.test_DE_checks:test_DE_checks.py:65 Test case for product data extraction has started..\nERROR    CommonUtilities.utilities:utilities.py:200 exception raised while reading from S3 An error occurred (NoSuchBucket) when calling the GetObject operation: The specified bucket does not exist\nTraceback (most recent call last):\n  File &amp;quot;D:\\Capstone_June_2025_Test_Automation_Framework\\CommonUtilities\\utilities.py&amp;quot;, line 194, in read_file_from_s3\n    response = s3.get_object(Bucket=bucket_name,Key=file_key)\n  File &amp;quot;C:\\Python310\\lib\\site-packages\\botocore\\client.py&amp;quot;, line 569, in _api_call\n    return self._make_api_call(operation_name, kwargs)\n  File &amp;quot;C:\\Python310\\lib\\site-packages\\botocore\\client.py&amp;quot;, line 1023, in _make_api_call\n    raise error_class(parsed_response, operation_name)\nbotocore.errorfactory.NoSuchBucket: An error occurred (NoSuchBucket) when calling the GetObject operation: The specified bucket does not exist\nERROR    TestScripts.test_DE_checks:test_DE_checks.py:73 Test case for product data extraction caused problem..\n\n---------------------------- Captured log teardown -----------------------------\nINFO     conftest:conftest.py:37 mysql connection has been closed...&#34;}], &#34;TestScripts/test_DE_checks.py::test_DE_Sales_data_to_staging&#34;: [{&#34;extras&#34;: [], &#34;result&#34;: &#34;Passed&#34;, &#34;testId&#34;: &#34;TestScripts/test_DE_checks.py::test_DE_Sales_data_to_staging&#34;, &#34;duration&#34;: &#34;478 ms&#34;, &#34;resultsTableRow&#34;: [&#34;&lt;td class=\&#34;col-result\&#34;&gt;Passed&lt;/td&gt;&#34;, &#34;&lt;td class=\&#34;col-testId\&#34;&gt;TestScripts/test_DE_checks.py::test_DE_Sales_data_to_staging&lt;/td&gt;&#34;, &#34;&lt;td class=\&#34;col-duration\&#34;&gt;478 ms&lt;/td&gt;&#34;, &#34;&lt;td class=\&#34;col-links\&#34;&gt;&lt;/td&gt;&#34;], &#34;log&#34;: &#34;------------------------------ Captured log setup ------------------------------\nINFO     conftest:conftest.py:32 Mysql connection getting established...\nINFO     conftest:conftest.py:34 mysql connection has been established...\n\n------------------------------ Captured log call -------------------------------\nINFO     TestScripts.test_DE_checks:test_DE_checks.py:80 Test case for Sales data extraction has started..\nINFO     CommonUtilities.utilities:utilities.py:171 Sales file download started....\nINFO     paramiko.transport:transport.py:1944 Connected (version 2.0, client OpenSSH_8.7)\nINFO     paramiko.transport:transport.py:1944 Authentication (password) successful!\nINFO     paramiko.transport.sftp:sftp.py:169 [chan 0] Opened sftp connection (server version 3)\nINFO     paramiko.transport.sftp:sftp.py:169 [chan 0] sftp session closed.\nINFO     CommonUtilities.utilities:utilities.py:180 Sales file download completed....\nINFO     CommonUtilities.utilities:utilities.py:183 Sales file download completed....\nINFO     CommonUtilities.utilities:utilities.py:146 Expected data is     sales_id  product_id  store_id  quantity  price   sale_date region\n0          1         101         1        10   15.0  2024-09-01   High\n1          2         102         1         5   25.0  2024-09-01    Low\n2          3         103         2         7   20.0  2024-09-02   High\n3          4         104         2         3   30.0  2024-09-03    Low\n4          5         105         1        12   12.0  2024-09-05   High\n5          6         106         3         8   18.0  2024-09-06    Low\n6          7         107         1         4   22.0  2024-09-07   High\n7          8         108         2         6   24.0  2024-09-08    Low\n8          9         109         3        11   19.0  2024-09-09   High\n9         10         110         4         9   17.0  2024-09-10    Low\n10        11         101         4        15   14.0  2024-09-11   High\n11        12         102         5         9   27.0  2024-09-12    Low\n12        13         103         6        10   22.0  2024-09-13   High\n13        14         104         7         8   31.0  2024-09-14    Low\n14        15         105         4        12   11.0  2024-09-15   High\n15        16         106         5         5   23.0  2024-09-16    Low\n16        17         107         6         3   26.0  2024-09-17   High\n17        18         108         7         6   28.0  2024-09-18    Low\n18        19         109         8        11   20.0  2024-09-19   High\n19        20         110         9         9   19.5  2024-09-20    Low\n20        21         101         1        14   15.5  2024-09-21   High\n21        22         102         2         8   22.0  2024-09-22    Low\n22        23         103         3         7   18.0  2024-09-23   High\n23        24         104         4         6   25.0  2024-09-24    Low\n24        25         105         2        12   13.5  2024-09-25   High\n25        26         106         3         5   21.0  2024-09-26    Low\n26        27         107         1        10   19.0  2024-09-27   High\n27        28         108         5         6   27.0  2024-09-28    Low\n28        29         109         6         9   24.0  2024-09-29   High\n29        30         110         7         7   23.5  2024-09-30    Low\n30        31         101         4        13   14.5  2024-10-01   High\n31        32         102         5         6   29.0  2024-10-02    Low\n32        33         103         6         8   21.0  2024-10-03   High\n33        34         104         7         5   30.0  2024-10-04    Low\n34        35         105         4         7   15.0  2024-10-05   High\n35        36         106         5         3   25.0  2024-10-06    Low\n36        37         107         6        12   18.0  2024-10-07   High\n37        38         108         7         9   20.0  2024-10-08    Low\n38        39         109         8        10   22.0  2024-10-09   High\n39        40         110         9         6   26.0  2024-10-10    Low\n40        41         101         3         5   15.0  2024-10-11   High\n41        42         102         4         4   20.0  2024-10-12    Low\n42        43         103         5         9   19.0  2024-10-13   High\n43        44         104         6         7   28.0  2024-10-14    Low\n44        45         105         7        10   25.0  2024-10-15   High\n45        46         106         8         8   22.5  2024-10-16    Low\n46        47         107         9         6   24.0  2024-10-17   High\n47        48         108         1         3   27.0  2024-10-18    Low\n48        49         109         2        11   18.5  2024-10-19   High\n49        50         110         3        12   21.0  2024-10-20    Low\n50        51         101         1        10   15.0  2024-08-01   High\n51        52         101         1         5   25.0  2024-08-01    Low\n52        53         101         2         7   20.0  2023-09-02   High\n53        54         101         2         3   30.0  2023-09-03    Low\n54        55         105         1        12   12.0  2024-09-05   High\n55        56         106         3         8   18.0  2024-09-06    Low\n56        57         107         1         4   22.0  2024-09-07   High\n57        58         108         2         6   24.0  2024-09-08    Low\n58        59         109         3        11   19.0  2024-09-09   High\n59        60         110         4         9   17.0  2024-09-10    Low\nINFO     CommonUtilities.utilities:utilities.py:151 Actaul data is     sales_id  product_id  store_id  quantity  price   sale_date region\n0          1         101         1        10   15.0  2024-09-01   High\n1          2         102         1         5   25.0  2024-09-01    Low\n2          3         103         2         7   20.0  2024-09-02   High\n3          4         104         2         3   30.0  2024-09-03    Low\n4          5         105         1        12   12.0  2024-09-05   High\n5          6         106         3         8   18.0  2024-09-06    Low\n6          7         107         1         4   22.0  2024-09-07   High\n7          8         108         2         6   24.0  2024-09-08    Low\n8          9         109         3        11   19.0  2024-09-09   High\n9         10         110         4         9   17.0  2024-09-10    Low\n10        11         101         4        15   14.0  2024-09-11   High\n11        12         102         5         9   27.0  2024-09-12    Low\n12        13         103         6        10   22.0  2024-09-13   High\n13        14         104         7         8   31.0  2024-09-14    Low\n14        15         105         4        12   11.0  2024-09-15   High\n15        16         106         5         5   23.0  2024-09-16    Low\n16        17         107         6         3   26.0  2024-09-17   High\n17        18         108         7         6   28.0  2024-09-18    Low\n18        19         109         8        11   20.0  2024-09-19   High\n19        20         110         9         9   19.5  2024-09-20    Low\n20        21         101         1        14   15.5  2024-09-21   High\n21        22         102         2         8   22.0  2024-09-22    Low\n22        23         103         3         7   18.0  2024-09-23   High\n23        24         104         4         6   25.0  2024-09-24    Low\n24        25         105         2        12   13.5  2024-09-25   High\n25        26         106         3         5   21.0  2024-09-26    Low\n26        27         107         1        10   19.0  2024-09-27   High\n27        28         108         5         6   27.0  2024-09-28    Low\n28        29         109         6         9   24.0  2024-09-29   High\n29        30         110         7         7   23.5  2024-09-30    Low\n30        31         101         4        13   14.5  2024-10-01   High\n31        32         102         5         6   29.0  2024-10-02    Low\n32        33         103         6         8   21.0  2024-10-03   High\n33        34         104         7         5   30.0  2024-10-04    Low\n34        35         105         4         7   15.0  2024-10-05   High\n35        36         106         5         3   25.0  2024-10-06    Low\n36        37         107         6        12   18.0  2024-10-07   High\n37        38         108         7         9   20.0  2024-10-08    Low\n38        39         109         8        10   22.0  2024-10-09   High\n39        40         110         9         6   26.0  2024-10-10    Low\n40        41         101         3         5   15.0  2024-10-11   High\n41        42         102         4         4   20.0  2024-10-12    Low\n42        43         103         5         9   19.0  2024-10-13   High\n43        44         104         6         7   28.0  2024-10-14    Low\n44        45         105         7        10   25.0  2024-10-15   High\n45        46         106         8         8   22.5  2024-10-16    Low\n46        47         107         9         6   24.0  2024-10-17   High\n47        48         108         1         3   27.0  2024-10-18    Low\n48        49         109         2        11   18.5  2024-10-19   High\n49        50         110         3        12   21.0  2024-10-20    Low\n50        51         101         1        10   15.0  2024-08-01   High\n51        52         101         1         5   25.0  2024-08-01    Low\n52        53         101         2         7   20.0  2023-09-02   High\n53        54         101         2         3   30.0  2023-09-03    Low\n54        55         105         1        12   12.0  2024-09-05   High\n55        56         106         3         8   18.0  2024-09-06    Low\n56        57         107         1         4   22.0  2024-09-07   High\n57        58         108         2         6   24.0  2024-09-08    Low\n58        59         109         3        11   19.0  2024-09-09   High\n59        60         110         4         9   17.0  2024-09-10    Low\nINFO     TestScripts.test_DE_checks:test_DE_checks.py:84 Test case for Sales data extraction has completed..\n\n---------------------------- Captured log teardown -----------------------------\nINFO     conftest:conftest.py:37 mysql connection has been closed...&#34;}], &#34;TestScripts/test_DL_checks.py::test_DL_Sales_summary_checks&#34;: [{&#34;extras&#34;: [], &#34;result&#34;: &#34;Failed&#34;, &#34;testId&#34;: &#34;TestScripts/test_DL_checks.py::test_DL_Sales_summary_checks&#34;, &#34;duration&#34;: &#34;38 ms&#34;, &#34;resultsTableRow&#34;: [&#34;&lt;td class=\&#34;col-result\&#34;&gt;Failed&lt;/td&gt;&#34;, &#34;&lt;td class=\&#34;col-testId\&#34;&gt;TestScripts/test_DL_checks.py::test_DL_Sales_summary_checks&lt;/td&gt;&#34;, &#34;&lt;td class=\&#34;col-duration\&#34;&gt;38 ms&lt;/td&gt;&#34;, &#34;&lt;td class=\&#34;col-links\&#34;&gt;&lt;/td&gt;&#34;], &#34;log&#34;: &#34;conect_to_mysql_database = &amp;lt;sqlalchemy.engine.base.Connection object at 0x000002694214D8A0&amp;gt;\n\n    def test_DL_Sales_summary_checks(conect_to_mysql_database):\n        try:\n            logger.info(&amp;quot;Test case for Sales summary data load check has started..&amp;quot;)\n            query_expected =&amp;quot;&amp;quot;&amp;quot;select * from monthly_sales_summary_source order by product_id&amp;quot;&amp;quot;&amp;quot;\n            query_actual = &amp;quot;&amp;quot;&amp;quot;select * from monthly_sales_summary  order by product_id&amp;quot;&amp;quot;&amp;quot;\n&amp;gt;           verify_expected_as_db_to_actual_as_db(conect_to_mysql_database, query_expected, conect_to_mysql_database, query_actual)\n\nTestScripts\\test_DL_checks.py:27: \n_ _ _ _ _ _ _ _ _ _ _ _ _ _ _ _ _ _ _ _ _ _ _ _ _ _ _ _ _ _ _ _ _ _ _ _ _ _ _ _ _ _ _ _ _ _ _ _ _ _ _ _ _ _ _ _ _ _ _ _ _ _ _ _ _ _ \nCommonUtilities\\utilities.py:159: in verify_expected_as_db_to_actual_as_db\n    logger.info(&amp;quot;Expected data :&amp;quot;,df_expected)\nC:\\Python310\\lib\\logging\\__init__.py:1468: in info\n    self._log(INFO, msg, args, **kwargs)\nC:\\Python310\\lib\\logging\\__init__.py:1615: in _log\n    self.handle(record)\nC:\\Python310\\lib\\logging\\__init__.py:1625: in handle\n    self.callHandlers(record)\nC:\\Python310\\lib\\logging\\__init__.py:1687: in callHandlers\n    hdlr.handle(record)\nC:\\Python310\\lib\\logging\\__init__.py:967: in handle\n    self.emit(record)\nC:\\Python310\\lib\\site-packages\\_pytest\\logging.py:386: in emit\n    super().emit(record)\nC:\\Python310\\lib\\logging\\__init__.py:1106: in emit\n    self.handleError(record)\nC:\\Python310\\lib\\logging\\__init__.py:1098: in emit\n    msg = self.format(record)\nC:\\Python310\\lib\\logging\\__init__.py:942: in format\n    return fmt.format(record)\nC:\\Python310\\lib\\site-packages\\_pytest\\logging.py:139: in format\n    return super().format(record)\nC:\\Python310\\lib\\logging\\__init__.py:678: in format\n    record.message = record.getMessage()\n_ _ _ _ _ _ _ _ _ _ _ _ _ _ _ _ _ _ _ _ _ _ _ _ _ _ _ _ _ _ _ _ _ _ _ _ _ _ _ _ _ _ _ _ _ _ _ _ _ _ _ _ _ _ _ _ _ _ _ _ _ _ _ _ _ _ \n\nself = &amp;lt;LogRecord: CommonUtilities.utilities, 20, D:\\Capstone_June_2025_Test_Automation_Framework\\CommonUtilities\\utilities.py, 159, &amp;quot;Expected data :&amp;quot;&amp;gt;\n\n    def getMessage(self):\n        &amp;quot;&amp;quot;&amp;quot;\n        Return the message for this LogRecord.\n    \n        Return the message for this LogRecord after merging any user-supplied\n        arguments with the message.\n        &amp;quot;&amp;quot;&amp;quot;\n        msg = str(self.msg)\n        if self.args:\n&amp;gt;           msg = msg % self.args\nE           TypeError: not all arguments converted during string formatting\n\nC:\\Python310\\lib\\logging\\__init__.py:368: TypeError\n\nDuring handling of the above exception, another exception occurred:\n\nconect_to_mysql_database = &amp;lt;sqlalchemy.engine.base.Connection object at 0x000002694214D8A0&amp;gt;\n\n    def test_DL_Sales_summary_checks(conect_to_mysql_database):\n        try:\n            logger.info(&amp;quot;Test case for Sales summary data load check has started..&amp;quot;)\n            query_expected =&amp;quot;&amp;quot;&amp;quot;select * from monthly_sales_summary_source order by product_id&amp;quot;&amp;quot;&amp;quot;\n            query_actual = &amp;quot;&amp;quot;&amp;quot;select * from monthly_sales_summary  order by product_id&amp;quot;&amp;quot;&amp;quot;\n            verify_expected_as_db_to_actual_as_db(conect_to_mysql_database, query_expected, conect_to_mysql_database, query_actual)\n            logger.info(&amp;quot;Test case for Sales summary data load check has completed..&amp;quot;)\n        except Exception as e:\n&amp;gt;           logger.error(&amp;quot;Test case for  Sales summary data load check caused problem..&amp;quot;,e)\n\nTestScripts\\test_DL_checks.py:30: \n_ _ _ _ _ _ _ _ _ _ _ _ _ _ _ _ _ _ _ _ _ _ _ _ _ _ _ _ _ _ _ _ _ _ _ _ _ _ _ _ _ _ _ _ _ _ _ _ _ _ _ _ _ _ _ _ _ _ _ _ _ _ _ _ _ _ \nC:\\Python310\\lib\\logging\\__init__.py:1497: in error\n    self._log(ERROR, msg, args, **kwargs)\nC:\\Python310\\lib\\logging\\__init__.py:1615: in _log\n    self.handle(record)\nC:\\Python310\\lib\\logging\\__init__.py:1625: in handle\n    self.callHandlers(record)\nC:\\Python310\\lib\\logging\\__init__.py:1687: in callHandlers\n    hdlr.handle(record)\nC:\\Python310\\lib\\logging\\__init__.py:967: in handle\n    self.emit(record)\nC:\\Python310\\lib\\site-packages\\_pytest\\logging.py:386: in emit\n    super().emit(record)\nC:\\Python310\\lib\\logging\\__init__.py:1106: in emit\n    self.handleError(record)\nC:\\Python310\\lib\\logging\\__init__.py:1098: in emit\n    msg = self.format(record)\nC:\\Python310\\lib\\logging\\__init__.py:942: in format\n    return fmt.format(record)\nC:\\Python310\\lib\\site-packages\\_pytest\\logging.py:139: in format\n    return super().format(record)\nC:\\Python310\\lib\\logging\\__init__.py:678: in format\n    record.message = record.getMessage()\n_ _ _ _ _ _ _ _ _ _ _ _ _ _ _ _ _ _ _ _ _ _ _ _ _ _ _ _ _ _ _ _ _ _ _ _ _ _ _ _ _ _ _ _ _ _ _ _ _ _ _ _ _ _ _ _ _ _ _ _ _ _ _ _ _ _ \n\nself = &amp;lt;LogRecord: TestScripts.test_DL_checks, 40, D:\\Capstone_June_2025_Test_Automation_Framework\\TestScripts\\test_DL_checks.py, 30, &amp;quot;Test case for  Sales summary data load check caused problem..&amp;quot;&amp;gt;\n\n    def getMessage(self):\n        &amp;quot;&amp;quot;&amp;quot;\n        Return the message for this LogRecord.\n    \n        Return the message for this LogRecord after merging any user-supplied\n        arguments with the message.\n        &amp;quot;&amp;quot;&amp;quot;\n        msg = str(self.msg)\n        if self.args:\n&amp;gt;           msg = msg % self.args\nE           TypeError: not all arguments converted during string formatting\n\nC:\\Python310\\lib\\logging\\__init__.py:368: TypeError\n\n------------------------------ Captured log setup ------------------------------\nINFO     conftest:conftest.py:32 Mysql connection getting established...\nINFO     conftest:conftest.py:34 mysql connection has been established...\n\n----------------------------- Captured stderr call -----------------------------\n--- Logging error ---\nTraceback (most recent call last):\n  File &amp;quot;C:\\Python310\\lib\\logging\\__init__.py&amp;quot;, line 1098, in emit\n    msg = self.format(record)\n  File &amp;quot;C:\\Python310\\lib\\logging\\__init__.py&amp;quot;, line 942, in format\n    return fmt.format(record)\n  File &amp;quot;C:\\Python310\\lib\\logging\\__init__.py&amp;quot;, line 678, in format\n    record.message = record.getMessage()\n  File &amp;quot;C:\\Python310\\lib\\logging\\__init__.py&amp;quot;, line 368, in getMessage\n    msg = msg % self.args\nTypeError: not all arguments converted during string formatting\nCall stack:\n  File &amp;quot;C:\\Python310\\lib\\runpy.py&amp;quot;, line 196, in _run_module_as_main\n    return _run_code(code, main_globals, None,\n  File &amp;quot;C:\\Python310\\lib\\runpy.py&amp;quot;, line 86, in _run_code\n    exec(code, run_globals)\n  File &amp;quot;C:\\Python310\\Scripts\\pytest.exe\\__main__.py&amp;quot;, line 7, in &amp;lt;module&amp;gt;\n    sys.exit(console_main())\n  File &amp;quot;C:\\Python310\\lib\\site-packages\\_pytest\\config\\__init__.py&amp;quot;, line 201, in console_main\n    code = main()\n  File &amp;quot;C:\\Python310\\lib\\site-packages\\_pytest\\config\\__init__.py&amp;quot;, line 175, in main\n    ret: ExitCode | int = config.hook.pytest_cmdline_main(config=config)\n  File &amp;quot;C:\\Python310\\lib\\site-packages\\pluggy\\_hooks.py&amp;quot;, line 513, in __call__\n    return self._hookexec(self.name, self._hookimpls.copy(), kwargs, firstresult)\n  File &amp;quot;C:\\Python310\\lib\\site-packages\\pluggy\\_manager.py&amp;quot;, line 120, in _hookexec\n    return self._inner_hookexec(hook_name, methods, kwargs, firstresult)\n  File &amp;quot;C:\\Python310\\lib\\site-packages\\pluggy\\_callers.py&amp;quot;, line 103, in _multicall\n    res = hook_impl.function(*args)\n  File &amp;quot;C:\\Python310\\lib\\site-packages\\_pytest\\main.py&amp;quot;, line 330, in pytest_cmdline_main\n    return wrap_session(config, _main)\n  File &amp;quot;C:\\Python310\\lib\\site-packages\\_pytest\\main.py&amp;quot;, line 283, in wrap_session\n    session.exitstatus = doit(config, session) or 0\n  File &amp;quot;C:\\Python310\\lib\\site-packages\\_pytest\\main.py&amp;quot;, line 337, in _main\n    config.hook.pytest_runtestloop(session=session)\n  File &amp;quot;C:\\Python310\\lib\\site-packages\\pluggy\\_hooks.py&amp;quot;, line 513, in __call__\n    return self._hookexec(self.name, self._hookimpls.copy(), kwargs, firstresult)\n  File &amp;quot;C:\\Python310\\lib\\site-packages\\pluggy\\_manager.py&amp;quot;, line 120, in _hookexec\n    return self._inner_hookexec(hook_name, methods, kwargs, firstresult)\n  File &amp;quot;C:\\Python310\\lib\\site-packages\\pluggy\\_callers.py&amp;quot;, line 103, in _multicall\n    res = hook_impl.function(*args)\n  File &amp;quot;C:\\Python310\\lib\\site-packages\\_pytest\\main.py&amp;quot;, line 362, in pytest_runtestloop\n    item.config.hook.pytest_runtest_protocol(item=item, nextitem=nextitem)\n  File &amp;quot;C:\\Python310\\lib\\site-packages\\pluggy\\_hooks.py&amp;quot;, line 513, in __call__\n    return self._hookexec(self.name, self._hookimpls.copy(), kwargs, firstresult)\n  File &amp;quot;C:\\Python310\\lib\\site-packages\\pluggy\\_manager.py&amp;quot;, line 120, in _hookexec\n    return self._inner_hookexec(hook_name, methods, kwargs, firstresult)\n  File &amp;quot;C:\\Python310\\lib\\site-packages\\pluggy\\_callers.py&amp;quot;, line 103, in _multicall\n    res = hook_impl.function(*args)\n  File &amp;quot;C:\\Python310\\lib\\site-packages\\_pytest\\runner.py&amp;quot;, line 113, in pytest_runtest_protocol\n    runtestprotocol(item, nextitem=nextitem)\n  File &amp;quot;C:\\Python310\\lib\\site-packages\\_pytest\\runner.py&amp;quot;, line 132, in runtestprotocol\n    reports.append(call_and_report(item, &amp;quot;call&amp;quot;, log))\n  File &amp;quot;C:\\Python310\\lib\\site-packages\\_pytest\\runner.py&amp;quot;, line 241, in call_and_report\n    call = CallInfo.from_call(\n  File &amp;quot;C:\\Python310\\lib\\site-packages\\_pytest\\runner.py&amp;quot;, line 341, in from_call\n    result: TResult | None = func()\n  File &amp;quot;C:\\Python310\\lib\\site-packages\\_pytest\\runner.py&amp;quot;, line 242, in &amp;lt;lambda&amp;gt;\n    lambda: runtest_hook(item=item, **kwds), when=when, reraise=reraise\n  File &amp;quot;C:\\Python310\\lib\\site-packages\\pluggy\\_hooks.py&amp;quot;, line 513, in __call__\n    return self._hookexec(self.name, self._hookimpls.copy(), kwargs, firstresult)\n  File &amp;quot;C:\\Python310\\lib\\site-packages\\pluggy\\_manager.py&amp;quot;, line 120, in _hookexec\n    return self._inner_hookexec(hook_name, methods, kwargs, firstresult)\n  File &amp;quot;C:\\Python310\\lib\\site-packages\\pluggy\\_callers.py&amp;quot;, line 103, in _multicall\n    res = hook_impl.function(*args)\n  File &amp;quot;C:\\Python310\\lib\\site-packages\\_pytest\\runner.py&amp;quot;, line 174, in pytest_runtest_call\n    item.runtest()\n  File &amp;quot;C:\\Python310\\lib\\site-packages\\_pytest\\python.py&amp;quot;, line 1627, in runtest\n    self.ihook.pytest_pyfunc_call(pyfuncitem=self)\n  File &amp;quot;C:\\Python310\\lib\\site-packages\\pluggy\\_hooks.py&amp;quot;, line 513, in __call__\n    return self._hookexec(self.name, self._hookimpls.copy(), kwargs, firstresult)\n  File &amp;quot;C:\\Python310\\lib\\site-packages\\pluggy\\_manager.py&amp;quot;, line 120, in _hookexec\n    return self._inner_hookexec(hook_name, methods, kwargs, firstresult)\n  File &amp;quot;C:\\Python310\\lib\\site-packages\\pluggy\\_callers.py&amp;quot;, line 103, in _multicall\n    res = hook_impl.function(*args)\n  File &amp;quot;C:\\Python310\\lib\\site-packages\\_pytest\\python.py&amp;quot;, line 159, in pytest_pyfunc_call\n    result = testfunction(**testargs)\n  File &amp;quot;D:\\Capstone_June_2025_Test_Automation_Framework\\TestScripts\\test_DL_checks.py&amp;quot;, line 27, in test_DL_Sales_summary_checks\n    verify_expected_as_db_to_actual_as_db(conect_to_mysql_database, query_expected, conect_to_mysql_database, query_actual)\n  File &amp;quot;D:\\Capstone_June_2025_Test_Automation_Framework\\CommonUtilities\\utilities.py&amp;quot;, line 159, in verify_expected_as_db_to_actual_as_db\n    logger.info(&amp;quot;Expected data :&amp;quot;,df_expected)\nMessage: &amp;#x27;Expected data :&amp;#x27;\nArguments: (   product_id month  year total_sales\n0         101     9  2024       427.0\n1         101    10  2024       263.5\n2         102     9  2024       419.0\n3         102    10  2024       254.0\n4         103     9  2024       346.0\n5         103    10  2024       339.0\n6         104     9  2024       398.0\n7         104    10  2024       346.0\n8         105     9  2024       294.0\n9         105    10  2024       355.0\n10        106     9  2024       220.0\n11        106    10  2024       255.0\n12        107     9  2024       268.0\n13        107    10  2024       360.0\n14        108     9  2024       330.0\n15        108    10  2024       261.0\n16        109     9  2024       436.0\n17        109    10  2024       423.5\n18        110     9  2024       646.0\n19        110    10  2024       408.0,)\n--- Logging error ---\nTraceback (most recent call last):\n  File &amp;quot;D:\\Capstone_June_2025_Test_Automation_Framework\\TestScripts\\test_DL_checks.py&amp;quot;, line 27, in test_DL_Sales_summary_checks\n    verify_expected_as_db_to_actual_as_db(conect_to_mysql_database, query_expected, conect_to_mysql_database, query_actual)\n  File &amp;quot;D:\\Capstone_June_2025_Test_Automation_Framework\\CommonUtilities\\utilities.py&amp;quot;, line 159, in verify_expected_as_db_to_actual_as_db\n    logger.info(&amp;quot;Expected data :&amp;quot;,df_expected)\n  File &amp;quot;C:\\Python310\\lib\\logging\\__init__.py&amp;quot;, line 1468, in info\n    self._log(INFO, msg, args, **kwargs)\n  File &amp;quot;C:\\Python310\\lib\\logging\\__init__.py&amp;quot;, line 1615, in _log\n    self.handle(record)\n  File &amp;quot;C:\\Python310\\lib\\logging\\__init__.py&amp;quot;, line 1625, in handle\n    self.callHandlers(record)\n  File &amp;quot;C:\\Python310\\lib\\logging\\__init__.py&amp;quot;, line 1687, in callHandlers\n    hdlr.handle(record)\n  File &amp;quot;C:\\Python310\\lib\\logging\\__init__.py&amp;quot;, line 967, in handle\n    self.emit(record)\n  File &amp;quot;C:\\Python310\\lib\\site-packages\\_pytest\\logging.py&amp;quot;, line 386, in emit\n    super().emit(record)\n  File &amp;quot;C:\\Python310\\lib\\logging\\__init__.py&amp;quot;, line 1106, in emit\n    self.handleError(record)\n  File &amp;quot;C:\\Python310\\lib\\logging\\__init__.py&amp;quot;, line 1098, in emit\n    msg = self.format(record)\n  File &amp;quot;C:\\Python310\\lib\\logging\\__init__.py&amp;quot;, line 942, in format\n    return fmt.format(record)\n  File &amp;quot;C:\\Python310\\lib\\site-packages\\_pytest\\logging.py&amp;quot;, line 139, in format\n    return super().format(record)\n  File &amp;quot;C:\\Python310\\lib\\logging\\__init__.py&amp;quot;, line 678, in format\n    record.message = record.getMessage()\n  File &amp;quot;C:\\Python310\\lib\\logging\\__init__.py&amp;quot;, line 368, in getMessage\n    msg = msg % self.args\nTypeError: not all arguments converted during string formatting\n\nDuring handling of the above exception, another exception occurred:\n\nTraceback (most recent call last):\n  File &amp;quot;C:\\Python310\\lib\\logging\\__init__.py&amp;quot;, line 1098, in emit\n    msg = self.format(record)\n  File &amp;quot;C:\\Python310\\lib\\logging\\__init__.py&amp;quot;, line 942, in format\n    return fmt.format(record)\n  File &amp;quot;C:\\Python310\\lib\\logging\\__init__.py&amp;quot;, line 678, in format\n    record.message = record.getMessage()\n  File &amp;quot;C:\\Python310\\lib\\logging\\__init__.py&amp;quot;, line 368, in getMessage\n    msg = msg % self.args\nTypeError: not all arguments converted during string formatting\nCall stack:\n  File &amp;quot;C:\\Python310\\lib\\runpy.py&amp;quot;, line 196, in _run_module_as_main\n    return _run_code(code, main_globals, None,\n  File &amp;quot;C:\\Python310\\lib\\runpy.py&amp;quot;, line 86, in _run_code\n    exec(code, run_globals)\n  File &amp;quot;C:\\Python310\\Scripts\\pytest.exe\\__main__.py&amp;quot;, line 7, in &amp;lt;module&amp;gt;\n    sys.exit(console_main())\n  File &amp;quot;C:\\Python310\\lib\\site-packages\\_pytest\\config\\__init__.py&amp;quot;, line 201, in console_main\n    code = main()\n  File &amp;quot;C:\\Python310\\lib\\site-packages\\_pytest\\config\\__init__.py&amp;quot;, line 175, in main\n    ret: ExitCode | int = config.hook.pytest_cmdline_main(config=config)\n  File &amp;quot;C:\\Python310\\lib\\site-packages\\pluggy\\_hooks.py&amp;quot;, line 513, in __call__\n    return self._hookexec(self.name, self._hookimpls.copy(), kwargs, firstresult)\n  File &amp;quot;C:\\Python310\\lib\\site-packages\\pluggy\\_manager.py&amp;quot;, line 120, in _hookexec\n    return self._inner_hookexec(hook_name, methods, kwargs, firstresult)\n  File &amp;quot;C:\\Python310\\lib\\site-packages\\pluggy\\_callers.py&amp;quot;, line 103, in _multicall\n    res = hook_impl.function(*args)\n  File &amp;quot;C:\\Python310\\lib\\site-packages\\_pytest\\main.py&amp;quot;, line 330, in pytest_cmdline_main\n    return wrap_session(config, _main)\n  File &amp;quot;C:\\Python310\\lib\\site-packages\\_pytest\\main.py&amp;quot;, line 283, in wrap_session\n    session.exitstatus = doit(config, session) or 0\n  File &amp;quot;C:\\Python310\\lib\\site-packages\\_pytest\\main.py&amp;quot;, line 337, in _main\n    config.hook.pytest_runtestloop(session=session)\n  File &amp;quot;C:\\Python310\\lib\\site-packages\\pluggy\\_hooks.py&amp;quot;, line 513, in __call__\n    return self._hookexec(self.name, self._hookimpls.copy(), kwargs, firstresult)\n  File &amp;quot;C:\\Python310\\lib\\site-packages\\pluggy\\_manager.py&amp;quot;, line 120, in _hookexec\n    return self._inner_hookexec(hook_name, methods, kwargs, firstresult)\n  File &amp;quot;C:\\Python310\\lib\\site-packages\\pluggy\\_callers.py&amp;quot;, line 103, in _multicall\n    res = hook_impl.function(*args)\n  File &amp;quot;C:\\Python310\\lib\\site-packages\\_pytest\\main.py&amp;quot;, line 362, in pytest_runtestloop\n    item.config.hook.pytest_runtest_protocol(item=item, nextitem=nextitem)\n  File &amp;quot;C:\\Python310\\lib\\site-packages\\pluggy\\_hooks.py&amp;quot;, line 513, in __call__\n    return self._hookexec(self.name, self._hookimpls.copy(), kwargs, firstresult)\n  File &amp;quot;C:\\Python310\\lib\\site-packages\\pluggy\\_manager.py&amp;quot;, line 120, in _hookexec\n    return self._inner_hookexec(hook_name, methods, kwargs, firstresult)\n  File &amp;quot;C:\\Python310\\lib\\site-packages\\pluggy\\_callers.py&amp;quot;, line 103, in _multicall\n    res = hook_impl.function(*args)\n  File &amp;quot;C:\\Python310\\lib\\site-packages\\_pytest\\runner.py&amp;quot;, line 113, in pytest_runtest_protocol\n    runtestprotocol(item, nextitem=nextitem)\n  File &amp;quot;C:\\Python310\\lib\\site-packages\\_pytest\\runner.py&amp;quot;, line 132, in runtestprotocol\n    reports.append(call_and_report(item, &amp;quot;call&amp;quot;, log))\n  File &amp;quot;C:\\Python310\\lib\\site-packages\\_pytest\\runner.py&amp;quot;, line 241, in call_and_report\n    call = CallInfo.from_call(\n  File &amp;quot;C:\\Python310\\lib\\site-packages\\_pytest\\runner.py&amp;quot;, line 341, in from_call\n    result: TResult | None = func()\n  File &amp;quot;C:\\Python310\\lib\\site-packages\\_pytest\\runner.py&amp;quot;, line 242, in &amp;lt;lambda&amp;gt;\n    lambda: runtest_hook(item=item, **kwds), when=when, reraise=reraise\n  File &amp;quot;C:\\Python310\\lib\\site-packages\\pluggy\\_hooks.py&amp;quot;, line 513, in __call__\n    return self._hookexec(self.name, self._hookimpls.copy(), kwargs, firstresult)\n  File &amp;quot;C:\\Python310\\lib\\site-packages\\pluggy\\_manager.py&amp;quot;, line 120, in _hookexec\n    return self._inner_hookexec(hook_name, methods, kwargs, firstresult)\n  File &amp;quot;C:\\Python310\\lib\\site-packages\\pluggy\\_callers.py&amp;quot;, line 103, in _multicall\n    res = hook_impl.function(*args)\n  File &amp;quot;C:\\Python310\\lib\\site-packages\\_pytest\\runner.py&amp;quot;, line 174, in pytest_runtest_call\n    item.runtest()\n  File &amp;quot;C:\\Python310\\lib\\site-packages\\_pytest\\python.py&amp;quot;, line 1627, in runtest\n    self.ihook.pytest_pyfunc_call(pyfuncitem=self)\n  File &amp;quot;C:\\Python310\\lib\\site-packages\\pluggy\\_hooks.py&amp;quot;, line 513, in __call__\n    return self._hookexec(self.name, self._hookimpls.copy(), kwargs, firstresult)\n  File &amp;quot;C:\\Python310\\lib\\site-packages\\pluggy\\_manager.py&amp;quot;, line 120, in _hookexec\n    return self._inner_hookexec(hook_name, methods, kwargs, firstresult)\n  File &amp;quot;C:\\Python310\\lib\\site-packages\\pluggy\\_callers.py&amp;quot;, line 103, in _multicall\n    res = hook_impl.function(*args)\n  File &amp;quot;C:\\Python310\\lib\\site-packages\\_pytest\\python.py&amp;quot;, line 159, in pytest_pyfunc_call\n    result = testfunction(**testargs)\n  File &amp;quot;D:\\Capstone_June_2025_Test_Automation_Framework\\TestScripts\\test_DL_checks.py&amp;quot;, line 30, in test_DL_Sales_summary_checks\n    logger.error(&amp;quot;Test case for  Sales summary data load check caused problem..&amp;quot;,e)\nMessage: &amp;#x27;Test case for  Sales summary data load check caused problem..&amp;#x27;\nArguments: (TypeError(&amp;#x27;not all arguments converted during string formatting&amp;#x27;),)\n\n------------------------------ Captured log call -------------------------------\nINFO     TestScripts.test_DL_checks:test_DL_checks.py:24 Test case for Sales summary data load check has started..\n\n---------------------------- Captured log teardown -----------------------------\nINFO     conftest:conftest.py:37 mysql connection has been closed...&#34;}], &#34;TestScripts/test_DL_checks.py::test_DL_fact_sales_checks&#34;: [{&#34;extras&#34;: [], &#34;result&#34;: &#34;Failed&#34;, &#34;testId&#34;: &#34;TestScripts/test_DL_checks.py::test_DL_fact_sales_checks&#34;, &#34;duration&#34;: &#34;33 ms&#34;, &#34;resultsTableRow&#34;: [&#34;&lt;td class=\&#34;col-result\&#34;&gt;Failed&lt;/td&gt;&#34;, &#34;&lt;td class=\&#34;col-testId\&#34;&gt;TestScripts/test_DL_checks.py::test_DL_fact_sales_checks&lt;/td&gt;&#34;, &#34;&lt;td class=\&#34;col-duration\&#34;&gt;33 ms&lt;/td&gt;&#34;, &#34;&lt;td class=\&#34;col-links\&#34;&gt;&lt;/td&gt;&#34;], &#34;log&#34;: &#34;conect_to_mysql_database = &amp;lt;sqlalchemy.engine.base.Connection object at 0x0000026943281D80&amp;gt;\n\n    def test_DL_fact_sales_checks(conect_to_mysql_database):\n        try:\n            logger.info(&amp;quot;Test case for fact sales check has started..&amp;quot;)\n            query_expected =&amp;quot;&amp;quot;&amp;quot;select s.sales_id,s.product_id,s.store_id,s.quantity,s.total_sales_amount as total_sales,s.sale_date from sales_with_details as s&amp;quot;&amp;quot;&amp;quot;\n            query_actual = &amp;quot;&amp;quot;&amp;quot;select sales_id,product_id,store_id,quantity,total_sales,sale_date from fact_sales&amp;quot;&amp;quot;&amp;quot;\n&amp;gt;           verify_expected_as_db_to_actual_as_db(conect_to_mysql_database, query_expected, conect_to_mysql_database, query_actual)\n\nTestScripts\\test_DL_checks.py:39: \n_ _ _ _ _ _ _ _ _ _ _ _ _ _ _ _ _ _ _ _ _ _ _ _ _ _ _ _ _ _ _ _ _ _ _ _ _ _ _ _ _ _ _ _ _ _ _ _ _ _ _ _ _ _ _ _ _ _ _ _ _ _ _ _ _ _ \nCommonUtilities\\utilities.py:159: in verify_expected_as_db_to_actual_as_db\n    logger.info(&amp;quot;Expected data :&amp;quot;,df_expected)\nC:\\Python310\\lib\\logging\\__init__.py:1468: in info\n    self._log(INFO, msg, args, **kwargs)\nC:\\Python310\\lib\\logging\\__init__.py:1615: in _log\n    self.handle(record)\nC:\\Python310\\lib\\logging\\__init__.py:1625: in handle\n    self.callHandlers(record)\nC:\\Python310\\lib\\logging\\__init__.py:1687: in callHandlers\n    hdlr.handle(record)\nC:\\Python310\\lib\\logging\\__init__.py:967: in handle\n    self.emit(record)\nC:\\Python310\\lib\\site-packages\\_pytest\\logging.py:386: in emit\n    super().emit(record)\nC:\\Python310\\lib\\logging\\__init__.py:1106: in emit\n    self.handleError(record)\nC:\\Python310\\lib\\logging\\__init__.py:1098: in emit\n    msg = self.format(record)\nC:\\Python310\\lib\\logging\\__init__.py:942: in format\n    return fmt.format(record)\nC:\\Python310\\lib\\site-packages\\_pytest\\logging.py:139: in format\n    return super().format(record)\nC:\\Python310\\lib\\logging\\__init__.py:678: in format\n    record.message = record.getMessage()\n_ _ _ _ _ _ _ _ _ _ _ _ _ _ _ _ _ _ _ _ _ _ _ _ _ _ _ _ _ _ _ _ _ _ _ _ _ _ _ _ _ _ _ _ _ _ _ _ _ _ _ _ _ _ _ _ _ _ _ _ _ _ _ _ _ _ \n\nself = &amp;lt;LogRecord: CommonUtilities.utilities, 20, D:\\Capstone_June_2025_Test_Automation_Framework\\CommonUtilities\\utilities.py, 159, &amp;quot;Expected data :&amp;quot;&amp;gt;\n\n    def getMessage(self):\n        &amp;quot;&amp;quot;&amp;quot;\n        Return the message for this LogRecord.\n    \n        Return the message for this LogRecord after merging any user-supplied\n        arguments with the message.\n        &amp;quot;&amp;quot;&amp;quot;\n        msg = str(self.msg)\n        if self.args:\n&amp;gt;           msg = msg % self.args\nE           TypeError: not all arguments converted during string formatting\n\nC:\\Python310\\lib\\logging\\__init__.py:368: TypeError\n\nDuring handling of the above exception, another exception occurred:\n\nconect_to_mysql_database = &amp;lt;sqlalchemy.engine.base.Connection object at 0x0000026943281D80&amp;gt;\n\n    def test_DL_fact_sales_checks(conect_to_mysql_database):\n        try:\n            logger.info(&amp;quot;Test case for fact sales check has started..&amp;quot;)\n            query_expected =&amp;quot;&amp;quot;&amp;quot;select s.sales_id,s.product_id,s.store_id,s.quantity,s.total_sales_amount as total_sales,s.sale_date from sales_with_details as s&amp;quot;&amp;quot;&amp;quot;\n            query_actual = &amp;quot;&amp;quot;&amp;quot;select sales_id,product_id,store_id,quantity,total_sales,sale_date from fact_sales&amp;quot;&amp;quot;&amp;quot;\n            verify_expected_as_db_to_actual_as_db(conect_to_mysql_database, query_expected, conect_to_mysql_database, query_actual)\n            logger.info(&amp;quot;Test case for fact sales check has completed..&amp;quot;)\n        except Exception as e:\n            logger.error(&amp;quot;Test case for fact sales check caused problem..&amp;quot;)\n&amp;gt;           pytest.fail(&amp;quot;Test case for fact sales check has failed..&amp;quot;)\nE           Failed: Test case for fact sales check has failed..\n\nTestScripts\\test_DL_checks.py:43: Failed\n\n------------------------------ Captured log setup ------------------------------\nINFO     conftest:conftest.py:32 Mysql connection getting established...\nINFO     conftest:conftest.py:34 mysql connection has been established...\n\n----------------------------- Captured stderr call -----------------------------\n--- Logging error ---\nTraceback (most recent call last):\n  File &amp;quot;C:\\Python310\\lib\\logging\\__init__.py&amp;quot;, line 1098, in emit\n    msg = self.format(record)\n  File &amp;quot;C:\\Python310\\lib\\logging\\__init__.py&amp;quot;, line 942, in format\n    return fmt.format(record)\n  File &amp;quot;C:\\Python310\\lib\\logging\\__init__.py&amp;quot;, line 678, in format\n    record.message = record.getMessage()\n  File &amp;quot;C:\\Python310\\lib\\logging\\__init__.py&amp;quot;, line 368, in getMessage\n    msg = msg % self.args\nTypeError: not all arguments converted during string formatting\nCall stack:\n  File &amp;quot;C:\\Python310\\lib\\runpy.py&amp;quot;, line 196, in _run_module_as_main\n    return _run_code(code, main_globals, None,\n  File &amp;quot;C:\\Python310\\lib\\runpy.py&amp;quot;, line 86, in _run_code\n    exec(code, run_globals)\n  File &amp;quot;C:\\Python310\\Scripts\\pytest.exe\\__main__.py&amp;quot;, line 7, in &amp;lt;module&amp;gt;\n    sys.exit(console_main())\n  File &amp;quot;C:\\Python310\\lib\\site-packages\\_pytest\\config\\__init__.py&amp;quot;, line 201, in console_main\n    code = main()\n  File &amp;quot;C:\\Python310\\lib\\site-packages\\_pytest\\config\\__init__.py&amp;quot;, line 175, in main\n    ret: ExitCode | int = config.hook.pytest_cmdline_main(config=config)\n  File &amp;quot;C:\\Python310\\lib\\site-packages\\pluggy\\_hooks.py&amp;quot;, line 513, in __call__\n    return self._hookexec(self.name, self._hookimpls.copy(), kwargs, firstresult)\n  File &amp;quot;C:\\Python310\\lib\\site-packages\\pluggy\\_manager.py&amp;quot;, line 120, in _hookexec\n    return self._inner_hookexec(hook_name, methods, kwargs, firstresult)\n  File &amp;quot;C:\\Python310\\lib\\site-packages\\pluggy\\_callers.py&amp;quot;, line 103, in _multicall\n    res = hook_impl.function(*args)\n  File &amp;quot;C:\\Python310\\lib\\site-packages\\_pytest\\main.py&amp;quot;, line 330, in pytest_cmdline_main\n    return wrap_session(config, _main)\n  File &amp;quot;C:\\Python310\\lib\\site-packages\\_pytest\\main.py&amp;quot;, line 283, in wrap_session\n    session.exitstatus = doit(config, session) or 0\n  File &amp;quot;C:\\Python310\\lib\\site-packages\\_pytest\\main.py&amp;quot;, line 337, in _main\n    config.hook.pytest_runtestloop(session=session)\n  File &amp;quot;C:\\Python310\\lib\\site-packages\\pluggy\\_hooks.py&amp;quot;, line 513, in __call__\n    return self._hookexec(self.name, self._hookimpls.copy(), kwargs, firstresult)\n  File &amp;quot;C:\\Python310\\lib\\site-packages\\pluggy\\_manager.py&amp;quot;, line 120, in _hookexec\n    return self._inner_hookexec(hook_name, methods, kwargs, firstresult)\n  File &amp;quot;C:\\Python310\\lib\\site-packages\\pluggy\\_callers.py&amp;quot;, line 103, in _multicall\n    res = hook_impl.function(*args)\n  File &amp;quot;C:\\Python310\\lib\\site-packages\\_pytest\\main.py&amp;quot;, line 362, in pytest_runtestloop\n    item.config.hook.pytest_runtest_protocol(item=item, nextitem=nextitem)\n  File &amp;quot;C:\\Python310\\lib\\site-packages\\pluggy\\_hooks.py&amp;quot;, line 513, in __call__\n    return self._hookexec(self.name, self._hookimpls.copy(), kwargs, firstresult)\n  File &amp;quot;C:\\Python310\\lib\\site-packages\\pluggy\\_manager.py&amp;quot;, line 120, in _hookexec\n    return self._inner_hookexec(hook_name, methods, kwargs, firstresult)\n  File &amp;quot;C:\\Python310\\lib\\site-packages\\pluggy\\_callers.py&amp;quot;, line 103, in _multicall\n    res = hook_impl.function(*args)\n  File &amp;quot;C:\\Python310\\lib\\site-packages\\_pytest\\runner.py&amp;quot;, line 113, in pytest_runtest_protocol\n    runtestprotocol(item, nextitem=nextitem)\n  File &amp;quot;C:\\Python310\\lib\\site-packages\\_pytest\\runner.py&amp;quot;, line 132, in runtestprotocol\n    reports.append(call_and_report(item, &amp;quot;call&amp;quot;, log))\n  File &amp;quot;C:\\Python310\\lib\\site-packages\\_pytest\\runner.py&amp;quot;, line 241, in call_and_report\n    call = CallInfo.from_call(\n  File &amp;quot;C:\\Python310\\lib\\site-packages\\_pytest\\runner.py&amp;quot;, line 341, in from_call\n    result: TResult | None = func()\n  File &amp;quot;C:\\Python310\\lib\\site-packages\\_pytest\\runner.py&amp;quot;, line 242, in &amp;lt;lambda&amp;gt;\n    lambda: runtest_hook(item=item, **kwds), when=when, reraise=reraise\n  File &amp;quot;C:\\Python310\\lib\\site-packages\\pluggy\\_hooks.py&amp;quot;, line 513, in __call__\n    return self._hookexec(self.name, self._hookimpls.copy(), kwargs, firstresult)\n  File &amp;quot;C:\\Python310\\lib\\site-packages\\pluggy\\_manager.py&amp;quot;, line 120, in _hookexec\n    return self._inner_hookexec(hook_name, methods, kwargs, firstresult)\n  File &amp;quot;C:\\Python310\\lib\\site-packages\\pluggy\\_callers.py&amp;quot;, line 103, in _multicall\n    res = hook_impl.function(*args)\n  File &amp;quot;C:\\Python310\\lib\\site-packages\\_pytest\\runner.py&amp;quot;, line 174, in pytest_runtest_call\n    item.runtest()\n  File &amp;quot;C:\\Python310\\lib\\site-packages\\_pytest\\python.py&amp;quot;, line 1627, in runtest\n    self.ihook.pytest_pyfunc_call(pyfuncitem=self)\n  File &amp;quot;C:\\Python310\\lib\\site-packages\\pluggy\\_hooks.py&amp;quot;, line 513, in __call__\n    return self._hookexec(self.name, self._hookimpls.copy(), kwargs, firstresult)\n  File &amp;quot;C:\\Python310\\lib\\site-packages\\pluggy\\_manager.py&amp;quot;, line 120, in _hookexec\n    return self._inner_hookexec(hook_name, methods, kwargs, firstresult)\n  File &amp;quot;C:\\Python310\\lib\\site-packages\\pluggy\\_callers.py&amp;quot;, line 103, in _multicall\n    res = hook_impl.function(*args)\n  File &amp;quot;C:\\Python310\\lib\\site-packages\\_pytest\\python.py&amp;quot;, line 159, in pytest_pyfunc_call\n    result = testfunction(**testargs)\n  File &amp;quot;D:\\Capstone_June_2025_Test_Automation_Framework\\TestScripts\\test_DL_checks.py&amp;quot;, line 39, in test_DL_fact_sales_checks\n    verify_expected_as_db_to_actual_as_db(conect_to_mysql_database, query_expected, conect_to_mysql_database, query_actual)\n  File &amp;quot;D:\\Capstone_June_2025_Test_Automation_Framework\\CommonUtilities\\utilities.py&amp;quot;, line 159, in verify_expected_as_db_to_actual_as_db\n    logger.info(&amp;quot;Expected data :&amp;quot;,df_expected)\nMessage: &amp;#x27;Expected data :&amp;#x27;\nArguments: (   sales_id product_id store_id quantity total_sales   sale_date\n0        48        108        1        3        81.0  2024-10-18\n1        27        107        1       10       190.0  2024-09-27\n2        21        101        1       14       217.0  2024-09-21\n3        49        109        2       11       203.5  2024-10-19\n4        25        105        2       12       162.0  2024-09-25\n5        22        102        2        8       176.0  2024-09-22\n6        50        110        3       12       252.0  2024-10-20\n7        41        101        3        5        75.0  2024-10-11\n8        26        106        3        5       105.0  2024-09-26\n9        23        103        3        7       126.0  2024-09-23\n10       60        110        4        9       153.0  2024-09-10\n11       42        102        4        4        80.0  2024-10-12\n12       35        105        4        7       105.0  2024-10-05\n13       31        101        4       13       188.5  2024-10-01\n14       24        104        4        6       150.0  2024-09-24\n15       15        105        4       12       132.0  2024-09-15\n16       11        101        4       15       210.0  2024-09-11\n17       10        110        4        9       153.0  2024-09-10\n18       43        103        5        9       171.0  2024-10-13\n19       36        106        5        3        75.0  2024-10-06\n20       32        102        5        6       174.0  2024-10-02\n21       28        108        5        6       162.0  2024-09-28\n22       16        106        5        5       115.0  2024-09-16\n23       12        102        5        9       243.0  2024-09-12\n24       44        104        6        7       196.0  2024-10-14\n25       37        107        6       12       216.0  2024-10-07\n26       33        103        6        8       168.0  2024-10-03\n27       29        109        6        9       216.0  2024-09-29\n28       17        107        6        3        78.0  2024-09-17\n29       13        103        6       10       220.0  2024-09-13\n30       45        105        7       10       250.0  2024-10-15\n31       38        108        7        9       180.0  2024-10-08\n32       34        104        7        5       150.0  2024-10-04\n33       30        110        7        7       164.5  2024-09-30\n34       18        108        7        6       168.0  2024-09-18\n35       14        104        7        8       248.0  2024-09-14\n36       46        106        8        8       180.0  2024-10-16\n37       39        109        8       10       220.0  2024-10-09\n38       19        109        8       11       220.0  2024-09-19\n39       47        107        9        6       144.0  2024-10-17\n40       40        110        9        6       156.0  2024-10-10\n41       20        110        9        9       175.5  2024-09-20,)\n\n------------------------------ Captured log call -------------------------------\nINFO     TestScripts.test_DL_checks:test_DL_checks.py:36 Test case for fact sales check has started..\nERROR    TestScripts.test_DL_checks:test_DL_checks.py:42 Test case for fact sales check caused problem..\n\n---------------------------- Captured log teardown -----------------------------\nINFO     conftest:conftest.py:37 mysql connection has been closed...&#34;}], &#34;TestScripts/test_DL_checks.py::test_DL_fact_inventory_checks&#34;: [{&#34;extras&#34;: [], &#34;result&#34;: &#34;Failed&#34;, &#34;testId&#34;: &#34;TestScripts/test_DL_checks.py::test_DL_fact_inventory_checks&#34;, &#34;duration&#34;: &#34;52 ms&#34;, &#34;resultsTableRow&#34;: [&#34;&lt;td class=\&#34;col-result\&#34;&gt;Failed&lt;/td&gt;&#34;, &#34;&lt;td class=\&#34;col-testId\&#34;&gt;TestScripts/test_DL_checks.py::test_DL_fact_inventory_checks&lt;/td&gt;&#34;, &#34;&lt;td class=\&#34;col-duration\&#34;&gt;52 ms&lt;/td&gt;&#34;, &#34;&lt;td class=\&#34;col-links\&#34;&gt;&lt;/td&gt;&#34;], &#34;log&#34;: &#34;conect_to_mysql_database = &amp;lt;sqlalchemy.engine.base.Connection object at 0x000002694214D330&amp;gt;\n\n    def test_DL_fact_inventory_checks(conect_to_mysql_database):\n        try:\n            logger.info(&amp;quot;Test case for fact inventory check has started..&amp;quot;)\n            query_expected =&amp;quot;&amp;quot;&amp;quot;select product_id,store_id,quantity_on_hand,last_updated from stag_inventory&amp;quot;&amp;quot;&amp;quot;\n            query_actual = &amp;quot;&amp;quot;&amp;quot;select product_id,store_id,quantity_on_hand,last_updated from fact_inventory&amp;quot;&amp;quot;&amp;quot;\n&amp;gt;           verify_expected_as_db_to_actual_as_db(conect_to_mysql_database, query_expected, conect_to_mysql_database, query_actual)\n\nTestScripts\\test_DL_checks.py:51: \n_ _ _ _ _ _ _ _ _ _ _ _ _ _ _ _ _ _ _ _ _ _ _ _ _ _ _ _ _ _ _ _ _ _ _ _ _ _ _ _ _ _ _ _ _ _ _ _ _ _ _ _ _ _ _ _ _ _ _ _ _ _ _ _ _ _ \nCommonUtilities\\utilities.py:159: in verify_expected_as_db_to_actual_as_db\n    logger.info(&amp;quot;Expected data :&amp;quot;,df_expected)\nC:\\Python310\\lib\\logging\\__init__.py:1468: in info\n    self._log(INFO, msg, args, **kwargs)\nC:\\Python310\\lib\\logging\\__init__.py:1615: in _log\n    self.handle(record)\nC:\\Python310\\lib\\logging\\__init__.py:1625: in handle\n    self.callHandlers(record)\nC:\\Python310\\lib\\logging\\__init__.py:1687: in callHandlers\n    hdlr.handle(record)\nC:\\Python310\\lib\\logging\\__init__.py:967: in handle\n    self.emit(record)\nC:\\Python310\\lib\\site-packages\\_pytest\\logging.py:386: in emit\n    super().emit(record)\nC:\\Python310\\lib\\logging\\__init__.py:1106: in emit\n    self.handleError(record)\nC:\\Python310\\lib\\logging\\__init__.py:1098: in emit\n    msg = self.format(record)\nC:\\Python310\\lib\\logging\\__init__.py:942: in format\n    return fmt.format(record)\nC:\\Python310\\lib\\site-packages\\_pytest\\logging.py:139: in format\n    return super().format(record)\nC:\\Python310\\lib\\logging\\__init__.py:678: in format\n    record.message = record.getMessage()\n_ _ _ _ _ _ _ _ _ _ _ _ _ _ _ _ _ _ _ _ _ _ _ _ _ _ _ _ _ _ _ _ _ _ _ _ _ _ _ _ _ _ _ _ _ _ _ _ _ _ _ _ _ _ _ _ _ _ _ _ _ _ _ _ _ _ \n\nself = &amp;lt;LogRecord: CommonUtilities.utilities, 20, D:\\Capstone_June_2025_Test_Automation_Framework\\CommonUtilities\\utilities.py, 159, &amp;quot;Expected data :&amp;quot;&amp;gt;\n\n    def getMessage(self):\n        &amp;quot;&amp;quot;&amp;quot;\n        Return the message for this LogRecord.\n    \n        Return the message for this LogRecord after merging any user-supplied\n        arguments with the message.\n        &amp;quot;&amp;quot;&amp;quot;\n        msg = str(self.msg)\n        if self.args:\n&amp;gt;           msg = msg % self.args\nE           TypeError: not all arguments converted during string formatting\n\nC:\\Python310\\lib\\logging\\__init__.py:368: TypeError\n\nDuring handling of the above exception, another exception occurred:\n\nconect_to_mysql_database = &amp;lt;sqlalchemy.engine.base.Connection object at 0x000002694214D330&amp;gt;\n\n    def test_DL_fact_inventory_checks(conect_to_mysql_database):\n        try:\n            logger.info(&amp;quot;Test case for fact inventory check has started..&amp;quot;)\n            query_expected =&amp;quot;&amp;quot;&amp;quot;select product_id,store_id,quantity_on_hand,last_updated from stag_inventory&amp;quot;&amp;quot;&amp;quot;\n            query_actual = &amp;quot;&amp;quot;&amp;quot;select product_id,store_id,quantity_on_hand,last_updated from fact_inventory&amp;quot;&amp;quot;&amp;quot;\n            verify_expected_as_db_to_actual_as_db(conect_to_mysql_database, query_expected, conect_to_mysql_database, query_actual)\n            logger.info(&amp;quot;Test case for fact inventory check has completed..&amp;quot;)\n        except Exception as e:\n            logger.error(&amp;quot;Test case for fact inventory check caused problem..&amp;quot;)\n&amp;gt;           pytest.fail(&amp;quot;Test case for fact inventory check has failed..&amp;quot;)\nE           Failed: Test case for fact inventory check has failed..\n\nTestScripts\\test_DL_checks.py:55: Failed\n\n------------------------------ Captured log setup ------------------------------\nINFO     conftest:conftest.py:32 Mysql connection getting established...\nINFO     conftest:conftest.py:34 mysql connection has been established...\n\n----------------------------- Captured stderr call -----------------------------\n--- Logging error ---\nTraceback (most recent call last):\n  File &amp;quot;C:\\Python310\\lib\\logging\\__init__.py&amp;quot;, line 1098, in emit\n    msg = self.format(record)\n  File &amp;quot;C:\\Python310\\lib\\logging\\__init__.py&amp;quot;, line 942, in format\n    return fmt.format(record)\n  File &amp;quot;C:\\Python310\\lib\\logging\\__init__.py&amp;quot;, line 678, in format\n    record.message = record.getMessage()\n  File &amp;quot;C:\\Python310\\lib\\logging\\__init__.py&amp;quot;, line 368, in getMessage\n    msg = msg % self.args\nTypeError: not all arguments converted during string formatting\nCall stack:\n  File &amp;quot;C:\\Python310\\lib\\runpy.py&amp;quot;, line 196, in _run_module_as_main\n    return _run_code(code, main_globals, None,\n  File &amp;quot;C:\\Python310\\lib\\runpy.py&amp;quot;, line 86, in _run_code\n    exec(code, run_globals)\n  File &amp;quot;C:\\Python310\\Scripts\\pytest.exe\\__main__.py&amp;quot;, line 7, in &amp;lt;module&amp;gt;\n    sys.exit(console_main())\n  File &amp;quot;C:\\Python310\\lib\\site-packages\\_pytest\\config\\__init__.py&amp;quot;, line 201, in console_main\n    code = main()\n  File &amp;quot;C:\\Python310\\lib\\site-packages\\_pytest\\config\\__init__.py&amp;quot;, line 175, in main\n    ret: ExitCode | int = config.hook.pytest_cmdline_main(config=config)\n  File &amp;quot;C:\\Python310\\lib\\site-packages\\pluggy\\_hooks.py&amp;quot;, line 513, in __call__\n    return self._hookexec(self.name, self._hookimpls.copy(), kwargs, firstresult)\n  File &amp;quot;C:\\Python310\\lib\\site-packages\\pluggy\\_manager.py&amp;quot;, line 120, in _hookexec\n    return self._inner_hookexec(hook_name, methods, kwargs, firstresult)\n  File &amp;quot;C:\\Python310\\lib\\site-packages\\pluggy\\_callers.py&amp;quot;, line 103, in _multicall\n    res = hook_impl.function(*args)\n  File &amp;quot;C:\\Python310\\lib\\site-packages\\_pytest\\main.py&amp;quot;, line 330, in pytest_cmdline_main\n    return wrap_session(config, _main)\n  File &amp;quot;C:\\Python310\\lib\\site-packages\\_pytest\\main.py&amp;quot;, line 283, in wrap_session\n    session.exitstatus = doit(config, session) or 0\n  File &amp;quot;C:\\Python310\\lib\\site-packages\\_pytest\\main.py&amp;quot;, line 337, in _main\n    config.hook.pytest_runtestloop(session=session)\n  File &amp;quot;C:\\Python310\\lib\\site-packages\\pluggy\\_hooks.py&amp;quot;, line 513, in __call__\n    return self._hookexec(self.name, self._hookimpls.copy(), kwargs, firstresult)\n  File &amp;quot;C:\\Python310\\lib\\site-packages\\pluggy\\_manager.py&amp;quot;, line 120, in _hookexec\n    return self._inner_hookexec(hook_name, methods, kwargs, firstresult)\n  File &amp;quot;C:\\Python310\\lib\\site-packages\\pluggy\\_callers.py&amp;quot;, line 103, in _multicall\n    res = hook_impl.function(*args)\n  File &amp;quot;C:\\Python310\\lib\\site-packages\\_pytest\\main.py&amp;quot;, line 362, in pytest_runtestloop\n    item.config.hook.pytest_runtest_protocol(item=item, nextitem=nextitem)\n  File &amp;quot;C:\\Python310\\lib\\site-packages\\pluggy\\_hooks.py&amp;quot;, line 513, in __call__\n    return self._hookexec(self.name, self._hookimpls.copy(), kwargs, firstresult)\n  File &amp;quot;C:\\Python310\\lib\\site-packages\\pluggy\\_manager.py&amp;quot;, line 120, in _hookexec\n    return self._inner_hookexec(hook_name, methods, kwargs, firstresult)\n  File &amp;quot;C:\\Python310\\lib\\site-packages\\pluggy\\_callers.py&amp;quot;, line 103, in _multicall\n    res = hook_impl.function(*args)\n  File &amp;quot;C:\\Python310\\lib\\site-packages\\_pytest\\runner.py&amp;quot;, line 113, in pytest_runtest_protocol\n    runtestprotocol(item, nextitem=nextitem)\n  File &amp;quot;C:\\Python310\\lib\\site-packages\\_pytest\\runner.py&amp;quot;, line 132, in runtestprotocol\n    reports.append(call_and_report(item, &amp;quot;call&amp;quot;, log))\n  File &amp;quot;C:\\Python310\\lib\\site-packages\\_pytest\\runner.py&amp;quot;, line 241, in call_and_report\n    call = CallInfo.from_call(\n  File &amp;quot;C:\\Python310\\lib\\site-packages\\_pytest\\runner.py&amp;quot;, line 341, in from_call\n    result: TResult | None = func()\n  File &amp;quot;C:\\Python310\\lib\\site-packages\\_pytest\\runner.py&amp;quot;, line 242, in &amp;lt;lambda&amp;gt;\n    lambda: runtest_hook(item=item, **kwds), when=when, reraise=reraise\n  File &amp;quot;C:\\Python310\\lib\\site-packages\\pluggy\\_hooks.py&amp;quot;, line 513, in __call__\n    return self._hookexec(self.name, self._hookimpls.copy(), kwargs, firstresult)\n  File &amp;quot;C:\\Python310\\lib\\site-packages\\pluggy\\_manager.py&amp;quot;, line 120, in _hookexec\n    return self._inner_hookexec(hook_name, methods, kwargs, firstresult)\n  File &amp;quot;C:\\Python310\\lib\\site-packages\\pluggy\\_callers.py&amp;quot;, line 103, in _multicall\n    res = hook_impl.function(*args)\n  File &amp;quot;C:\\Python310\\lib\\site-packages\\_pytest\\runner.py&amp;quot;, line 174, in pytest_runtest_call\n    item.runtest()\n  File &amp;quot;C:\\Python310\\lib\\site-packages\\_pytest\\python.py&amp;quot;, line 1627, in runtest\n    self.ihook.pytest_pyfunc_call(pyfuncitem=self)\n  File &amp;quot;C:\\Python310\\lib\\site-packages\\pluggy\\_hooks.py&amp;quot;, line 513, in __call__\n    return self._hookexec(self.name, self._hookimpls.copy(), kwargs, firstresult)\n  File &amp;quot;C:\\Python310\\lib\\site-packages\\pluggy\\_manager.py&amp;quot;, line 120, in _hookexec\n    return self._inner_hookexec(hook_name, methods, kwargs, firstresult)\n  File &amp;quot;C:\\Python310\\lib\\site-packages\\pluggy\\_callers.py&amp;quot;, line 103, in _multicall\n    res = hook_impl.function(*args)\n  File &amp;quot;C:\\Python310\\lib\\site-packages\\_pytest\\python.py&amp;quot;, line 159, in pytest_pyfunc_call\n    result = testfunction(**testargs)\n  File &amp;quot;D:\\Capstone_June_2025_Test_Automation_Framework\\TestScripts\\test_DL_checks.py&amp;quot;, line 51, in test_DL_fact_inventory_checks\n    verify_expected_as_db_to_actual_as_db(conect_to_mysql_database, query_expected, conect_to_mysql_database, query_actual)\n  File &amp;quot;D:\\Capstone_June_2025_Test_Automation_Framework\\CommonUtilities\\utilities.py&amp;quot;, line 159, in verify_expected_as_db_to_actual_as_db\n    logger.info(&amp;quot;Expected data :&amp;quot;,df_expected)\nMessage: &amp;#x27;Expected data :&amp;#x27;\nArguments: (   product_id store_id quantity_on_hand last_updated\n0         101        1               50   2024-09-01\n1         102        1               30   2024-09-02\n2         103        2               40   2024-09-03\n3         106        3               25   2024-09-06\n4         107        1               35   2024-09-07\n5         108        2               45   2024-09-08\n6         109        3               55   2024-09-09\n7         110        3               65   2024-09-10\n8         101        4               50   2024-09-11\n9         102        4               40   2024-09-12\n10        103        5               30   2024-09-13\n11        104        5               20   2024-09-14\n12        105        6               50   2024-09-15\n13        106        6               60   2024-09-16\n14        107        7               30   2024-09-17\n15        108        7               40   2024-09-18\n16        109        8               45   2024-09-19\n17        110        8               55   2024-09-20\n18        101        9               65   2024-09-21\n19        102        9               75   2024-09-22\n20        103       10               80   2024-09-23\n21        104       10               90   2024-09-24\n22        106        2              110   2024-09-26\n23        107        3              120   2024-09-27\n24        108        4              130   2024-09-28\n25        109        5              140   2024-09-29\n26        110        6              150   2024-09-30\n27        101        7              160   2024-10-01\n28        102        8              170   2024-10-02\n29        103        9              180   2024-10-03,)\n\n------------------------------ Captured log call -------------------------------\nINFO     TestScripts.test_DL_checks:test_DL_checks.py:48 Test case for fact inventory check has started..\nERROR    TestScripts.test_DL_checks:test_DL_checks.py:54 Test case for fact inventory check caused problem..\n\n---------------------------- Captured log teardown -----------------------------\nINFO     conftest:conftest.py:37 mysql connection has been closed...&#34;}], &#34;TestScripts/test_DL_checks.py::test_DL_inventory_level_by_store_checks&#34;: [{&#34;extras&#34;: [], &#34;result&#34;: &#34;Failed&#34;, &#34;testId&#34;: &#34;TestScripts/test_DL_checks.py::test_DL_inventory_level_by_store_checks&#34;, &#34;duration&#34;: &#34;57 ms&#34;, &#34;resultsTableRow&#34;: [&#34;&lt;td class=\&#34;col-result\&#34;&gt;Failed&lt;/td&gt;&#34;, &#34;&lt;td class=\&#34;col-testId\&#34;&gt;TestScripts/test_DL_checks.py::test_DL_inventory_level_by_store_checks&lt;/td&gt;&#34;, &#34;&lt;td class=\&#34;col-duration\&#34;&gt;57 ms&lt;/td&gt;&#34;, &#34;&lt;td class=\&#34;col-links\&#34;&gt;&lt;/td&gt;&#34;], &#34;log&#34;: &#34;conect_to_mysql_database = &amp;lt;sqlalchemy.engine.base.Connection object at 0x000002694167A650&amp;gt;\n\n    def test_DL_inventory_level_by_store_checks(conect_to_mysql_database):\n        try:\n            logger.info(&amp;quot;Test case for  inventory_level_by_store check has started..&amp;quot;)\n            query_expected =&amp;quot;&amp;quot;&amp;quot;select store_id,total_inventory from aggregated_inventory_level&amp;quot;&amp;quot;&amp;quot;\n            query_actual = &amp;quot;&amp;quot;&amp;quot;select store_id,total_inventory from inventory_levels_by_store&amp;quot;&amp;quot;&amp;quot;\n&amp;gt;           verify_expected_as_db_to_actual_as_db(conect_to_mysql_database, query_expected, conect_to_mysql_database, query_actual)\n\nTestScripts\\test_DL_checks.py:63: \n_ _ _ _ _ _ _ _ _ _ _ _ _ _ _ _ _ _ _ _ _ _ _ _ _ _ _ _ _ _ _ _ _ _ _ _ _ _ _ _ _ _ _ _ _ _ _ _ _ _ _ _ _ _ _ _ _ _ _ _ _ _ _ _ _ _ \nCommonUtilities\\utilities.py:159: in verify_expected_as_db_to_actual_as_db\n    logger.info(&amp;quot;Expected data :&amp;quot;,df_expected)\nC:\\Python310\\lib\\logging\\__init__.py:1468: in info\n    self._log(INFO, msg, args, **kwargs)\nC:\\Python310\\lib\\logging\\__init__.py:1615: in _log\n    self.handle(record)\nC:\\Python310\\lib\\logging\\__init__.py:1625: in handle\n    self.callHandlers(record)\nC:\\Python310\\lib\\logging\\__init__.py:1687: in callHandlers\n    hdlr.handle(record)\nC:\\Python310\\lib\\logging\\__init__.py:967: in handle\n    self.emit(record)\nC:\\Python310\\lib\\site-packages\\_pytest\\logging.py:386: in emit\n    super().emit(record)\nC:\\Python310\\lib\\logging\\__init__.py:1106: in emit\n    self.handleError(record)\nC:\\Python310\\lib\\logging\\__init__.py:1098: in emit\n    msg = self.format(record)\nC:\\Python310\\lib\\logging\\__init__.py:942: in format\n    return fmt.format(record)\nC:\\Python310\\lib\\site-packages\\_pytest\\logging.py:139: in format\n    return super().format(record)\nC:\\Python310\\lib\\logging\\__init__.py:678: in format\n    record.message = record.getMessage()\n_ _ _ _ _ _ _ _ _ _ _ _ _ _ _ _ _ _ _ _ _ _ _ _ _ _ _ _ _ _ _ _ _ _ _ _ _ _ _ _ _ _ _ _ _ _ _ _ _ _ _ _ _ _ _ _ _ _ _ _ _ _ _ _ _ _ \n\nself = &amp;lt;LogRecord: CommonUtilities.utilities, 20, D:\\Capstone_June_2025_Test_Automation_Framework\\CommonUtilities\\utilities.py, 159, &amp;quot;Expected data :&amp;quot;&amp;gt;\n\n    def getMessage(self):\n        &amp;quot;&amp;quot;&amp;quot;\n        Return the message for this LogRecord.\n    \n        Return the message for this LogRecord after merging any user-supplied\n        arguments with the message.\n        &amp;quot;&amp;quot;&amp;quot;\n        msg = str(self.msg)\n        if self.args:\n&amp;gt;           msg = msg % self.args\nE           TypeError: not all arguments converted during string formatting\n\nC:\\Python310\\lib\\logging\\__init__.py:368: TypeError\n\nDuring handling of the above exception, another exception occurred:\n\nconect_to_mysql_database = &amp;lt;sqlalchemy.engine.base.Connection object at 0x000002694167A650&amp;gt;\n\n    def test_DL_inventory_level_by_store_checks(conect_to_mysql_database):\n        try:\n            logger.info(&amp;quot;Test case for  inventory_level_by_store check has started..&amp;quot;)\n            query_expected =&amp;quot;&amp;quot;&amp;quot;select store_id,total_inventory from aggregated_inventory_level&amp;quot;&amp;quot;&amp;quot;\n            query_actual = &amp;quot;&amp;quot;&amp;quot;select store_id,total_inventory from inventory_levels_by_store&amp;quot;&amp;quot;&amp;quot;\n            verify_expected_as_db_to_actual_as_db(conect_to_mysql_database, query_expected, conect_to_mysql_database, query_actual)\n            logger.info(&amp;quot;Test case for inventory_level_by_store check has completed..&amp;quot;)\n        except Exception as e:\n            logger.error(&amp;quot;Test case for inventory_level_by_storecheck caused problem..&amp;quot;)\n&amp;gt;           pytest.fail(&amp;quot;Test case for inventory_level_by_store check has failed..&amp;quot;)\nE           Failed: Test case for inventory_level_by_store check has failed..\n\nTestScripts\\test_DL_checks.py:67: Failed\n\n------------------------------ Captured log setup ------------------------------\nINFO     conftest:conftest.py:32 Mysql connection getting established...\nINFO     conftest:conftest.py:34 mysql connection has been established...\n\n----------------------------- Captured stderr call -----------------------------\n--- Logging error ---\nTraceback (most recent call last):\n  File &amp;quot;C:\\Python310\\lib\\logging\\__init__.py&amp;quot;, line 1098, in emit\n    msg = self.format(record)\n  File &amp;quot;C:\\Python310\\lib\\logging\\__init__.py&amp;quot;, line 942, in format\n    return fmt.format(record)\n  File &amp;quot;C:\\Python310\\lib\\logging\\__init__.py&amp;quot;, line 678, in format\n    record.message = record.getMessage()\n  File &amp;quot;C:\\Python310\\lib\\logging\\__init__.py&amp;quot;, line 368, in getMessage\n    msg = msg % self.args\nTypeError: not all arguments converted during string formatting\nCall stack:\n  File &amp;quot;C:\\Python310\\lib\\runpy.py&amp;quot;, line 196, in _run_module_as_main\n    return _run_code(code, main_globals, None,\n  File &amp;quot;C:\\Python310\\lib\\runpy.py&amp;quot;, line 86, in _run_code\n    exec(code, run_globals)\n  File &amp;quot;C:\\Python310\\Scripts\\pytest.exe\\__main__.py&amp;quot;, line 7, in &amp;lt;module&amp;gt;\n    sys.exit(console_main())\n  File &amp;quot;C:\\Python310\\lib\\site-packages\\_pytest\\config\\__init__.py&amp;quot;, line 201, in console_main\n    code = main()\n  File &amp;quot;C:\\Python310\\lib\\site-packages\\_pytest\\config\\__init__.py&amp;quot;, line 175, in main\n    ret: ExitCode | int = config.hook.pytest_cmdline_main(config=config)\n  File &amp;quot;C:\\Python310\\lib\\site-packages\\pluggy\\_hooks.py&amp;quot;, line 513, in __call__\n    return self._hookexec(self.name, self._hookimpls.copy(), kwargs, firstresult)\n  File &amp;quot;C:\\Python310\\lib\\site-packages\\pluggy\\_manager.py&amp;quot;, line 120, in _hookexec\n    return self._inner_hookexec(hook_name, methods, kwargs, firstresult)\n  File &amp;quot;C:\\Python310\\lib\\site-packages\\pluggy\\_callers.py&amp;quot;, line 103, in _multicall\n    res = hook_impl.function(*args)\n  File &amp;quot;C:\\Python310\\lib\\site-packages\\_pytest\\main.py&amp;quot;, line 330, in pytest_cmdline_main\n    return wrap_session(config, _main)\n  File &amp;quot;C:\\Python310\\lib\\site-packages\\_pytest\\main.py&amp;quot;, line 283, in wrap_session\n    session.exitstatus = doit(config, session) or 0\n  File &amp;quot;C:\\Python310\\lib\\site-packages\\_pytest\\main.py&amp;quot;, line 337, in _main\n    config.hook.pytest_runtestloop(session=session)\n  File &amp;quot;C:\\Python310\\lib\\site-packages\\pluggy\\_hooks.py&amp;quot;, line 513, in __call__\n    return self._hookexec(self.name, self._hookimpls.copy(), kwargs, firstresult)\n  File &amp;quot;C:\\Python310\\lib\\site-packages\\pluggy\\_manager.py&amp;quot;, line 120, in _hookexec\n    return self._inner_hookexec(hook_name, methods, kwargs, firstresult)\n  File &amp;quot;C:\\Python310\\lib\\site-packages\\pluggy\\_callers.py&amp;quot;, line 103, in _multicall\n    res = hook_impl.function(*args)\n  File &amp;quot;C:\\Python310\\lib\\site-packages\\_pytest\\main.py&amp;quot;, line 362, in pytest_runtestloop\n    item.config.hook.pytest_runtest_protocol(item=item, nextitem=nextitem)\n  File &amp;quot;C:\\Python310\\lib\\site-packages\\pluggy\\_hooks.py&amp;quot;, line 513, in __call__\n    return self._hookexec(self.name, self._hookimpls.copy(), kwargs, firstresult)\n  File &amp;quot;C:\\Python310\\lib\\site-packages\\pluggy\\_manager.py&amp;quot;, line 120, in _hookexec\n    return self._inner_hookexec(hook_name, methods, kwargs, firstresult)\n  File &amp;quot;C:\\Python310\\lib\\site-packages\\pluggy\\_callers.py&amp;quot;, line 103, in _multicall\n    res = hook_impl.function(*args)\n  File &amp;quot;C:\\Python310\\lib\\site-packages\\_pytest\\runner.py&amp;quot;, line 113, in pytest_runtest_protocol\n    runtestprotocol(item, nextitem=nextitem)\n  File &amp;quot;C:\\Python310\\lib\\site-packages\\_pytest\\runner.py&amp;quot;, line 132, in runtestprotocol\n    reports.append(call_and_report(item, &amp;quot;call&amp;quot;, log))\n  File &amp;quot;C:\\Python310\\lib\\site-packages\\_pytest\\runner.py&amp;quot;, line 241, in call_and_report\n    call = CallInfo.from_call(\n  File &amp;quot;C:\\Python310\\lib\\site-packages\\_pytest\\runner.py&amp;quot;, line 341, in from_call\n    result: TResult | None = func()\n  File &amp;quot;C:\\Python310\\lib\\site-packages\\_pytest\\runner.py&amp;quot;, line 242, in &amp;lt;lambda&amp;gt;\n    lambda: runtest_hook(item=item, **kwds), when=when, reraise=reraise\n  File &amp;quot;C:\\Python310\\lib\\site-packages\\pluggy\\_hooks.py&amp;quot;, line 513, in __call__\n    return self._hookexec(self.name, self._hookimpls.copy(), kwargs, firstresult)\n  File &amp;quot;C:\\Python310\\lib\\site-packages\\pluggy\\_manager.py&amp;quot;, line 120, in _hookexec\n    return self._inner_hookexec(hook_name, methods, kwargs, firstresult)\n  File &amp;quot;C:\\Python310\\lib\\site-packages\\pluggy\\_callers.py&amp;quot;, line 103, in _multicall\n    res = hook_impl.function(*args)\n  File &amp;quot;C:\\Python310\\lib\\site-packages\\_pytest\\runner.py&amp;quot;, line 174, in pytest_runtest_call\n    item.runtest()\n  File &amp;quot;C:\\Python310\\lib\\site-packages\\_pytest\\python.py&amp;quot;, line 1627, in runtest\n    self.ihook.pytest_pyfunc_call(pyfuncitem=self)\n  File &amp;quot;C:\\Python310\\lib\\site-packages\\pluggy\\_hooks.py&amp;quot;, line 513, in __call__\n    return self._hookexec(self.name, self._hookimpls.copy(), kwargs, firstresult)\n  File &amp;quot;C:\\Python310\\lib\\site-packages\\pluggy\\_manager.py&amp;quot;, line 120, in _hookexec\n    return self._inner_hookexec(hook_name, methods, kwargs, firstresult)\n  File &amp;quot;C:\\Python310\\lib\\site-packages\\pluggy\\_callers.py&amp;quot;, line 103, in _multicall\n    res = hook_impl.function(*args)\n  File &amp;quot;C:\\Python310\\lib\\site-packages\\_pytest\\python.py&amp;quot;, line 159, in pytest_pyfunc_call\n    result = testfunction(**testargs)\n  File &amp;quot;D:\\Capstone_June_2025_Test_Automation_Framework\\TestScripts\\test_DL_checks.py&amp;quot;, line 63, in test_DL_inventory_level_by_store_checks\n    verify_expected_as_db_to_actual_as_db(conect_to_mysql_database, query_expected, conect_to_mysql_database, query_actual)\n  File &amp;quot;D:\\Capstone_June_2025_Test_Automation_Framework\\CommonUtilities\\utilities.py&amp;quot;, line 159, in verify_expected_as_db_to_actual_as_db\n    logger.info(&amp;quot;Expected data :&amp;quot;,df_expected)\nMessage: &amp;#x27;Expected data :&amp;#x27;\nArguments: (  store_id total_inventory\n0        1           115.0\n1        2           195.0\n2        3           265.0\n3        4           220.0\n4        5           190.0\n5        6           260.0\n6        7           230.0\n7        8           270.0\n8        9           320.0\n9       10           170.0,)\n\n------------------------------ Captured log call -------------------------------\nINFO     TestScripts.test_DL_checks:test_DL_checks.py:60 Test case for  inventory_level_by_store check has started..\nERROR    TestScripts.test_DL_checks:test_DL_checks.py:66 Test case for inventory_level_by_storecheck caused problem..\n\n---------------------------- Captured log teardown -----------------------------\nINFO     conftest:conftest.py:37 mysql connection has been closed...&#34;}], &#34;TestScripts/test_DQ_checks.py::test_sales_data_duplicate_check&#34;: [{&#34;extras&#34;: [], &#34;result&#34;: &#34;Failed&#34;, &#34;testId&#34;: &#34;TestScripts/test_DQ_checks.py::test_sales_data_duplicate_check&#34;, &#34;duration&#34;: &#34;3 ms&#34;, &#34;resultsTableRow&#34;: [&#34;&lt;td class=\&#34;col-result\&#34;&gt;Failed&lt;/td&gt;&#34;, &#34;&lt;td class=\&#34;col-testId\&#34;&gt;TestScripts/test_DQ_checks.py::test_sales_data_duplicate_check&lt;/td&gt;&#34;, &#34;&lt;td class=\&#34;col-duration\&#34;&gt;3 ms&lt;/td&gt;&#34;, &#34;&lt;td class=\&#34;col-links\&#34;&gt;&lt;/td&gt;&#34;], &#34;log&#34;: &#34;@pytest.mark.DQ\n    def test_sales_data_duplicate_check():\n        is_duplicate = check_for_duplicate_rows_in_file(&amp;quot;TestData/sales_data_linux.csv&amp;quot;, &amp;quot;csv&amp;quot;)\n&amp;gt;       assert is_duplicate == False ,&amp;quot;There are duplicates in the file&amp;quot;\nE       AssertionError: There are duplicates in the file\nE       assert None == False\n\nTestScripts\\test_DQ_checks.py:38: AssertionError\n\n----------------------------- Captured stdout call -----------------------------\nerror encountered while reading or writing.. [Errno 2] No such file or directory: &amp;#x27;TestData/sales_data_linux.csv&amp;#x27;\n\n------------------------------ Captured log call -------------------------------\nINFO     CommonUtilities.utilities:utilities.py:29 Duplicate check started ...\n\n&#34;}], &#34;TestScripts/test_DQ_checks.py::test_sales_data_duplicate_sales_id_check&#34;: [{&#34;extras&#34;: [], &#34;result&#34;: &#34;Failed&#34;, &#34;testId&#34;: &#34;TestScripts/test_DQ_checks.py::test_sales_data_duplicate_sales_id_check&#34;, &#34;duration&#34;: &#34;2 ms&#34;, &#34;resultsTableRow&#34;: [&#34;&lt;td class=\&#34;col-result\&#34;&gt;Failed&lt;/td&gt;&#34;, &#34;&lt;td class=\&#34;col-testId\&#34;&gt;TestScripts/test_DQ_checks.py::test_sales_data_duplicate_sales_id_check&lt;/td&gt;&#34;, &#34;&lt;td class=\&#34;col-duration\&#34;&gt;2 ms&lt;/td&gt;&#34;, &#34;&lt;td class=\&#34;col-links\&#34;&gt;&lt;/td&gt;&#34;], &#34;log&#34;: &#34;@pytest.mark.DQ\n    def test_sales_data_duplicate_sales_id_check():\n        is_duplicate = check_for_duplicate_column_in_file(&amp;quot;TestData/sales_data_linux.csv&amp;quot;, &amp;quot;csv&amp;quot;,&amp;quot;sales_id&amp;quot;)\n&amp;gt;       assert is_duplicate == False ,&amp;quot;There are duplicates in sales_id column in the file&amp;quot;\nE       AssertionError: There are duplicates in sales_id column in the file\nE       assert None == False\n\nTestScripts\\test_DQ_checks.py:45: AssertionError\n\n----------------------------- Captured stdout call -----------------------------\nerror encountered while reading or writing.. [Errno 2] No such file or directory: &amp;#x27;TestData/sales_data_linux.csv&amp;#x27;\n\n------------------------------ Captured log call -------------------------------\nINFO     CommonUtilities.utilities:utilities.py:49 Duplicate check started ...\n\n&#34;}], &#34;TestScripts/test_DQ_checks.py::test_product_data_duplicate_check&#34;: [{&#34;extras&#34;: [], &#34;result&#34;: &#34;Skipped&#34;, &#34;testId&#34;: &#34;TestScripts/test_DQ_checks.py::test_product_data_duplicate_check::setup&#34;, &#34;duration&#34;: &#34;0 ms&#34;, &#34;resultsTableRow&#34;: [&#34;&lt;td class=\&#34;col-result\&#34;&gt;Skipped&lt;/td&gt;&#34;, &#34;&lt;td class=\&#34;col-testId\&#34;&gt;TestScripts/test_DQ_checks.py::test_product_data_duplicate_check::setup&lt;/td&gt;&#34;, &#34;&lt;td class=\&#34;col-duration\&#34;&gt;0 ms&lt;/td&gt;&#34;, &#34;&lt;td class=\&#34;col-links\&#34;&gt;&lt;/td&gt;&#34;], &#34;log&#34;: &#34;(&amp;#x27;D:\\\\Capstone_June_2025_Test_Automation_Framework\\\\TestScripts\\\\test_DQ_checks.py&amp;#x27;, 51, &amp;#x27;Skipped: unconditional skip&amp;#x27;)\n&#34;}], &#34;TestScripts/test_DQ_checks.py::test_product_id_data_duplicate_check&#34;: [{&#34;extras&#34;: [], &#34;result&#34;: &#34;Skipped&#34;, &#34;testId&#34;: &#34;TestScripts/test_DQ_checks.py::test_product_id_data_duplicate_check::setup&#34;, &#34;duration&#34;: &#34;0 ms&#34;, &#34;resultsTableRow&#34;: [&#34;&lt;td class=\&#34;col-result\&#34;&gt;Skipped&lt;/td&gt;&#34;, &#34;&lt;td class=\&#34;col-testId\&#34;&gt;TestScripts/test_DQ_checks.py::test_product_id_data_duplicate_check::setup&lt;/td&gt;&#34;, &#34;&lt;td class=\&#34;col-duration\&#34;&gt;0 ms&lt;/td&gt;&#34;, &#34;&lt;td class=\&#34;col-links\&#34;&gt;&lt;/td&gt;&#34;], &#34;log&#34;: &#34;(&amp;#x27;D:\\\\Capstone_June_2025_Test_Automation_Framework\\\\TestScripts\\\\test_DQ_checks.py&amp;#x27;, 58, &amp;#x27;Skipped: unconditional skip&amp;#x27;)\n&#34;}], &#34;TestScripts/test_DQ_checks.py::test_supplier_data_duplicate_check&#34;: [{&#34;extras&#34;: [], &#34;result&#34;: &#34;Skipped&#34;, &#34;testId&#34;: &#34;TestScripts/test_DQ_checks.py::test_supplier_data_duplicate_check::setup&#34;, &#34;duration&#34;: &#34;0 ms&#34;, &#34;resultsTableRow&#34;: [&#34;&lt;td class=\&#34;col-result\&#34;&gt;Skipped&lt;/td&gt;&#34;, &#34;&lt;td class=\&#34;col-testId\&#34;&gt;TestScripts/test_DQ_checks.py::test_supplier_data_duplicate_check::setup&lt;/td&gt;&#34;, &#34;&lt;td class=\&#34;col-duration\&#34;&gt;0 ms&lt;/td&gt;&#34;, &#34;&lt;td class=\&#34;col-links\&#34;&gt;&lt;/td&gt;&#34;], &#34;log&#34;: &#34;(&amp;#x27;D:\\\\Capstone_June_2025_Test_Automation_Framework\\\\TestScripts\\\\test_DQ_checks.py&amp;#x27;, 64, &amp;#x27;Skipped: unconditional skip&amp;#x27;)\n&#34;}], &#34;TestScripts/test_DQ_checks.py::test_supplier_id_in_supplier_data_duplicate_check&#34;: [{&#34;extras&#34;: [], &#34;result&#34;: &#34;Skipped&#34;, &#34;testId&#34;: &#34;TestScripts/test_DQ_checks.py::test_supplier_id_in_supplier_data_duplicate_check::setup&#34;, &#34;duration&#34;: &#34;1 ms&#34;, &#34;resultsTableRow&#34;: [&#34;&lt;td class=\&#34;col-result\&#34;&gt;Skipped&lt;/td&gt;&#34;, &#34;&lt;td class=\&#34;col-testId\&#34;&gt;TestScripts/test_DQ_checks.py::test_supplier_id_in_supplier_data_duplicate_check::setup&lt;/td&gt;&#34;, &#34;&lt;td class=\&#34;col-duration\&#34;&gt;1 ms&lt;/td&gt;&#34;, &#34;&lt;td class=\&#34;col-links\&#34;&gt;&lt;/td&gt;&#34;], &#34;log&#34;: &#34;(&amp;#x27;D:\\\\Capstone_June_2025_Test_Automation_Framework\\\\TestScripts\\\\test_DQ_checks.py&amp;#x27;, 70, &amp;#x27;Skipped: unconditional skip&amp;#x27;)\n&#34;}], &#34;TestScripts/test_DQ_checks.py::test_inventory_data_duplicate_check&#34;: [{&#34;extras&#34;: [], &#34;result&#34;: &#34;Skipped&#34;, &#34;testId&#34;: &#34;TestScripts/test_DQ_checks.py::test_inventory_data_duplicate_check::setup&#34;, &#34;duration&#34;: &#34;0 ms&#34;, &#34;resultsTableRow&#34;: [&#34;&lt;td class=\&#34;col-result\&#34;&gt;Skipped&lt;/td&gt;&#34;, &#34;&lt;td class=\&#34;col-testId\&#34;&gt;TestScripts/test_DQ_checks.py::test_inventory_data_duplicate_check::setup&lt;/td&gt;&#34;, &#34;&lt;td class=\&#34;col-duration\&#34;&gt;0 ms&lt;/td&gt;&#34;, &#34;&lt;td class=\&#34;col-links\&#34;&gt;&lt;/td&gt;&#34;], &#34;log&#34;: &#34;(&amp;#x27;D:\\\\Capstone_June_2025_Test_Automation_Framework\\\\TestScripts\\\\test_DQ_checks.py&amp;#x27;, 77, &amp;#x27;Skipped: unconditional skip&amp;#x27;)\n&#34;}], &#34;TestScripts/test_DQ_checks.py::test_product_id_in_inventory_data_duplicate_check&#34;: [{&#34;extras&#34;: [], &#34;result&#34;: &#34;Skipped&#34;, &#34;testId&#34;: &#34;TestScripts/test_DQ_checks.py::test_product_id_in_inventory_data_duplicate_check::setup&#34;, &#34;duration&#34;: &#34;0 ms&#34;, &#34;resultsTableRow&#34;: [&#34;&lt;td class=\&#34;col-result\&#34;&gt;Skipped&lt;/td&gt;&#34;, &#34;&lt;td class=\&#34;col-testId\&#34;&gt;TestScripts/test_DQ_checks.py::test_product_id_in_inventory_data_duplicate_check::setup&lt;/td&gt;&#34;, &#34;&lt;td class=\&#34;col-duration\&#34;&gt;0 ms&lt;/td&gt;&#34;, &#34;&lt;td class=\&#34;col-links\&#34;&gt;&lt;/td&gt;&#34;], &#34;log&#34;: &#34;(&amp;#x27;D:\\\\Capstone_June_2025_Test_Automation_Framework\\\\TestScripts\\\\test_DQ_checks.py&amp;#x27;, 83, &amp;#x27;Skipped: unconditional skip&amp;#x27;)\n&#34;}], &#34;TestScripts/test_DQ_checks.py::test_stores_data_duplicate_check&#34;: [{&#34;extras&#34;: [], &#34;result&#34;: &#34;Skipped&#34;, &#34;testId&#34;: &#34;TestScripts/test_DQ_checks.py::test_stores_data_duplicate_check::setup&#34;, &#34;duration&#34;: &#34;0 ms&#34;, &#34;resultsTableRow&#34;: [&#34;&lt;td class=\&#34;col-result\&#34;&gt;Skipped&lt;/td&gt;&#34;, &#34;&lt;td class=\&#34;col-testId\&#34;&gt;TestScripts/test_DQ_checks.py::test_stores_data_duplicate_check::setup&lt;/td&gt;&#34;, &#34;&lt;td class=\&#34;col-duration\&#34;&gt;0 ms&lt;/td&gt;&#34;, &#34;&lt;td class=\&#34;col-links\&#34;&gt;&lt;/td&gt;&#34;], &#34;log&#34;: &#34;(&amp;#x27;D:\\\\Capstone_June_2025_Test_Automation_Framework\\\\TestScripts\\\\test_DQ_checks.py&amp;#x27;, 89, &amp;#x27;Skipped: unconditional skip&amp;#x27;)\n&#34;}], &#34;TestScripts/test_DQ_checks.py::test_DQ_store_id_in_stores_oracle_table_duplicate_check&#34;: [{&#34;extras&#34;: [], &#34;result&#34;: &#34;Skipped&#34;, &#34;testId&#34;: &#34;TestScripts/test_DQ_checks.py::test_DQ_store_id_in_stores_oracle_table_duplicate_check::setup&#34;, &#34;duration&#34;: &#34;0 ms&#34;, &#34;resultsTableRow&#34;: [&#34;&lt;td class=\&#34;col-result\&#34;&gt;Skipped&lt;/td&gt;&#34;, &#34;&lt;td class=\&#34;col-testId\&#34;&gt;TestScripts/test_DQ_checks.py::test_DQ_store_id_in_stores_oracle_table_duplicate_check::setup&lt;/td&gt;&#34;, &#34;&lt;td class=\&#34;col-duration\&#34;&gt;0 ms&lt;/td&gt;&#34;, &#34;&lt;td class=\&#34;col-links\&#34;&gt;&lt;/td&gt;&#34;], &#34;log&#34;: &#34;(&amp;#x27;D:\\\\Capstone_June_2025_Test_Automation_Framework\\\\TestScripts\\\\test_DQ_checks.py&amp;#x27;, 95, &amp;#x27;Skipped: unconditional skip&amp;#x27;)\n&#34;}], &#34;TestScripts/test_DQ_checks.py::test_DQ_sales_data_file_NULL_values_check&#34;: [{&#34;extras&#34;: [], &#34;result&#34;: &#34;Failed&#34;, &#34;testId&#34;: &#34;TestScripts/test_DQ_checks.py::test_DQ_sales_data_file_NULL_values_check&#34;, &#34;duration&#34;: &#34;5 ms&#34;, &#34;resultsTableRow&#34;: [&#34;&lt;td class=\&#34;col-result\&#34;&gt;Failed&lt;/td&gt;&#34;, &#34;&lt;td class=\&#34;col-testId\&#34;&gt;TestScripts/test_DQ_checks.py::test_DQ_sales_data_file_NULL_values_check&lt;/td&gt;&#34;, &#34;&lt;td class=\&#34;col-duration\&#34;&gt;5 ms&lt;/td&gt;&#34;, &#34;&lt;td class=\&#34;col-links\&#34;&gt;&lt;/td&gt;&#34;], &#34;log&#34;: &#34;@pytest.mark.DQ\n    def test_DQ_sales_data_file_NULL_values_check():\n        try:\n            logger.info(&amp;quot;NULL values check strted in sales data file...&amp;quot;)\n            is_null = check_for_Empty_or_NULL_values_in_file(&amp;quot;TestData/sales_data_linux.csv&amp;quot;, &amp;quot;csv&amp;quot;)\n&amp;gt;           assert is_null == False, &amp;quot;There are NUll values in the file&amp;quot;\nE           AssertionError: There are NUll values in the file\nE           assert None == False\n\nTestScripts\\test_DQ_checks.py:106: AssertionError\n\nDuring handling of the above exception, another exception occurred:\n\n    @pytest.mark.DQ\n    def test_DQ_sales_data_file_NULL_values_check():\n        try:\n            logger.info(&amp;quot;NULL values check strted in sales data file...&amp;quot;)\n            is_null = check_for_Empty_or_NULL_values_in_file(&amp;quot;TestData/sales_data_linux.csv&amp;quot;, &amp;quot;csv&amp;quot;)\n            assert is_null == False, &amp;quot;There are NUll values in the file&amp;quot;\n            logger.info(&amp;quot;NULL values check completed in sales data file...&amp;quot;)\n        except Exception as e:\n            logger.error(&amp;quot;Error while checking for the nulll values&amp;quot;)\n&amp;gt;           pytest.fail(&amp;quot;There are null values in the sales file&amp;quot;)\nE           Failed: There are null values in the sales file\n\nTestScripts\\test_DQ_checks.py:110: Failed\n\n----------------------------- Captured stdout call -----------------------------\nerror encountered while reading or writing.. [Errno 2] No such file or directory: &amp;#x27;TestData/sales_data_linux.csv&amp;#x27;\n\n------------------------------ Captured log call -------------------------------\nINFO     TestScripts.test_DQ_checks:test_DQ_checks.py:104 NULL values check strted in sales data file...\nINFO     CommonUtilities.utilities:utilities.py:70  Nulls check started ...\nERROR    TestScripts.test_DQ_checks:test_DQ_checks.py:109 Error while checking for the nulll values\n\n&#34;}], &#34;TestScripts/test_DQ_checks.py::test_sales_data_file_NULL_values_for_region_column_check&#34;: [{&#34;extras&#34;: [], &#34;result&#34;: &#34;Failed&#34;, &#34;testId&#34;: &#34;TestScripts/test_DQ_checks.py::test_sales_data_file_NULL_values_for_region_column_check&#34;, &#34;duration&#34;: &#34;2 ms&#34;, &#34;resultsTableRow&#34;: [&#34;&lt;td class=\&#34;col-result\&#34;&gt;Failed&lt;/td&gt;&#34;, &#34;&lt;td class=\&#34;col-testId\&#34;&gt;TestScripts/test_DQ_checks.py::test_sales_data_file_NULL_values_for_region_column_check&lt;/td&gt;&#34;, &#34;&lt;td class=\&#34;col-duration\&#34;&gt;2 ms&lt;/td&gt;&#34;, &#34;&lt;td class=\&#34;col-links\&#34;&gt;&lt;/td&gt;&#34;], &#34;log&#34;: &#34;@pytest.mark.DQ\n    def test_sales_data_file_NULL_values_for_region_column_check():\n        try:\n            logger.info(&amp;quot;NULL values check strted in sales data file...&amp;quot;)\n            is_null = check_for_Empty_or_NULL_values_in_specific_column_in_file(&amp;quot;TestData/sales_data_linux.csv&amp;quot;, &amp;quot;csv&amp;quot;,&amp;quot;region&amp;quot;)\n&amp;gt;           assert is_null == False, &amp;quot;There are NUll values in the file&amp;quot;\nE           AssertionError: There are NUll values in the file\nE           assert None == False\n\nTestScripts\\test_DQ_checks.py:117: AssertionError\n\nDuring handling of the above exception, another exception occurred:\n\n    @pytest.mark.DQ\n    def test_sales_data_file_NULL_values_for_region_column_check():\n        try:\n            logger.info(&amp;quot;NULL values check strted in sales data file...&amp;quot;)\n            is_null = check_for_Empty_or_NULL_values_in_specific_column_in_file(&amp;quot;TestData/sales_data_linux.csv&amp;quot;, &amp;quot;csv&amp;quot;,&amp;quot;region&amp;quot;)\n            assert is_null == False, &amp;quot;There are NUll values in the file&amp;quot;\n            logger.info(f&amp;quot;NULL values check completed in sales data file for region column&amp;quot;)\n        except Exception as e:\n            logger.error(&amp;quot;Error while checking for the null values&amp;quot;)\n&amp;gt;           pytest.fail(&amp;quot;There are null values in the sales file&amp;quot;)\nE           Failed: There are null values in the sales file\n\nTestScripts\\test_DQ_checks.py:121: Failed\n\n----------------------------- Captured stdout call -----------------------------\nerror encountered while reading or writing.. [Errno 2] No such file or directory: &amp;#x27;TestData/sales_data_linux.csv&amp;#x27;\n\n------------------------------ Captured log call -------------------------------\nINFO     TestScripts.test_DQ_checks:test_DQ_checks.py:115 NULL values check strted in sales data file...\nINFO     CommonUtilities.utilities:utilities.py:90  Nulls check started column region  ...\nERROR    TestScripts.test_DQ_checks:test_DQ_checks.py:120 Error while checking for the null values\n\n&#34;}], &#34;TestScripts/test_DQ_checks.py::test_DQ_sales_data_file_availability&#34;: [{&#34;extras&#34;: [], &#34;result&#34;: &#34;Failed&#34;, &#34;testId&#34;: &#34;TestScripts/test_DQ_checks.py::test_DQ_sales_data_file_availability&#34;, &#34;duration&#34;: &#34;3 ms&#34;, &#34;resultsTableRow&#34;: [&#34;&lt;td class=\&#34;col-result\&#34;&gt;Failed&lt;/td&gt;&#34;, &#34;&lt;td class=\&#34;col-testId\&#34;&gt;TestScripts/test_DQ_checks.py::test_DQ_sales_data_file_availability&lt;/td&gt;&#34;, &#34;&lt;td class=\&#34;col-duration\&#34;&gt;3 ms&lt;/td&gt;&#34;, &#34;&lt;td class=\&#34;col-links\&#34;&gt;&lt;/td&gt;&#34;], &#34;log&#34;: &#34;@pytest.mark.DQ\n    def test_DQ_sales_data_file_availability():\n        try:\n            logger.info(&amp;quot;sales data file availability check started....&amp;quot;)\n            does_file_exist = check_file_exists(&amp;quot;TestData/sales_data_linux.csv&amp;quot;)\n&amp;gt;           assert does_file_exist == True, &amp;quot;Sales file doesn not exist at the source location&amp;quot;\nE           AssertionError: Sales file doesn not exist at the source location\nE           assert False == True\n\nTestScripts\\test_DQ_checks.py:135: AssertionError\n\nDuring handling of the above exception, another exception occurred:\n\n    @pytest.mark.DQ\n    def test_DQ_sales_data_file_availability():\n        try:\n            logger.info(&amp;quot;sales data file availability check started....&amp;quot;)\n            does_file_exist = check_file_exists(&amp;quot;TestData/sales_data_linux.csv&amp;quot;)\n            assert does_file_exist == True, &amp;quot;Sales file doesn not exist at the source location&amp;quot;\n            logger.info(&amp;quot;sales data file availability check completed....&amp;quot;)\n        except Exception as e:\n            logger.error(&amp;quot;Error while file availability checks&amp;quot;)\n&amp;gt;           pytest.fail(&amp;quot;sales file doesn not exist at the mentioned location&amp;quot;)\nE           Failed: sales file doesn not exist at the mentioned location\n\nTestScripts\\test_DQ_checks.py:139: Failed\n\n------------------------------ Captured log call -------------------------------\nINFO     TestScripts.test_DQ_checks:test_DQ_checks.py:133 sales data file availability check started....\nERROR    TestScripts.test_DQ_checks:test_DQ_checks.py:138 Error while file availability checks\n\n&#34;}], &#34;TestScripts/test_DQ_checks.py::test_DQ_product_data_file_availability&#34;: [{&#34;extras&#34;: [], &#34;result&#34;: &#34;Skipped&#34;, &#34;testId&#34;: &#34;TestScripts/test_DQ_checks.py::test_DQ_product_data_file_availability::setup&#34;, &#34;duration&#34;: &#34;0 ms&#34;, &#34;resultsTableRow&#34;: [&#34;&lt;td class=\&#34;col-result\&#34;&gt;Skipped&lt;/td&gt;&#34;, &#34;&lt;td class=\&#34;col-testId\&#34;&gt;TestScripts/test_DQ_checks.py::test_DQ_product_data_file_availability::setup&lt;/td&gt;&#34;, &#34;&lt;td class=\&#34;col-duration\&#34;&gt;0 ms&lt;/td&gt;&#34;, &#34;&lt;td class=\&#34;col-links\&#34;&gt;&lt;/td&gt;&#34;], &#34;log&#34;: &#34;(&amp;#x27;D:\\\\Capstone_June_2025_Test_Automation_Framework\\\\TestScripts\\\\test_DQ_checks.py&amp;#x27;, 142, &amp;#x27;Skipped: unconditional skip&amp;#x27;)\n&#34;}], &#34;TestScripts/test_DQ_checks.py::test_DQ_inventory_data_file_availability&#34;: [{&#34;extras&#34;: [], &#34;result&#34;: &#34;Skipped&#34;, &#34;testId&#34;: &#34;TestScripts/test_DQ_checks.py::test_DQ_inventory_data_file_availability::setup&#34;, &#34;duration&#34;: &#34;0 ms&#34;, &#34;resultsTableRow&#34;: [&#34;&lt;td class=\&#34;col-result\&#34;&gt;Skipped&lt;/td&gt;&#34;, &#34;&lt;td class=\&#34;col-testId\&#34;&gt;TestScripts/test_DQ_checks.py::test_DQ_inventory_data_file_availability::setup&lt;/td&gt;&#34;, &#34;&lt;td class=\&#34;col-duration\&#34;&gt;0 ms&lt;/td&gt;&#34;, &#34;&lt;td class=\&#34;col-links\&#34;&gt;&lt;/td&gt;&#34;], &#34;log&#34;: &#34;(&amp;#x27;D:\\\\Capstone_June_2025_Test_Automation_Framework\\\\TestScripts\\\\test_DQ_checks.py&amp;#x27;, 146, &amp;#x27;Skipped: unconditional skip&amp;#x27;)\n&#34;}], &#34;TestScripts/test_DQ_checks.py::test_DQ_supplier_data_file_availability&#34;: [{&#34;extras&#34;: [], &#34;result&#34;: &#34;Skipped&#34;, &#34;testId&#34;: &#34;TestScripts/test_DQ_checks.py::test_DQ_supplier_data_file_availability::setup&#34;, &#34;duration&#34;: &#34;0 ms&#34;, &#34;resultsTableRow&#34;: [&#34;&lt;td class=\&#34;col-result\&#34;&gt;Skipped&lt;/td&gt;&#34;, &#34;&lt;td class=\&#34;col-testId\&#34;&gt;TestScripts/test_DQ_checks.py::test_DQ_supplier_data_file_availability::setup&lt;/td&gt;&#34;, &#34;&lt;td class=\&#34;col-duration\&#34;&gt;0 ms&lt;/td&gt;&#34;, &#34;&lt;td class=\&#34;col-links\&#34;&gt;&lt;/td&gt;&#34;], &#34;log&#34;: &#34;(&amp;#x27;D:\\\\Capstone_June_2025_Test_Automation_Framework\\\\TestScripts\\\\test_DQ_checks.py&amp;#x27;, 150, &amp;#x27;Skipped: unconditional skip&amp;#x27;)\n&#34;}], &#34;TestScripts/test_DQ_checks.py::test_DQ_sales_data_file_size&#34;: [{&#34;extras&#34;: [], &#34;result&#34;: &#34;Failed&#34;, &#34;testId&#34;: &#34;TestScripts/test_DQ_checks.py::test_DQ_sales_data_file_size&#34;, &#34;duration&#34;: &#34;4 ms&#34;, &#34;resultsTableRow&#34;: [&#34;&lt;td class=\&#34;col-result\&#34;&gt;Failed&lt;/td&gt;&#34;, &#34;&lt;td class=\&#34;col-testId\&#34;&gt;TestScripts/test_DQ_checks.py::test_DQ_sales_data_file_size&lt;/td&gt;&#34;, &#34;&lt;td class=\&#34;col-duration\&#34;&gt;4 ms&lt;/td&gt;&#34;, &#34;&lt;td class=\&#34;col-links\&#34;&gt;&lt;/td&gt;&#34;], &#34;log&#34;: &#34;@pytest.mark.DQ\n    def test_DQ_sales_data_file_size():\n        try:\n            logger.info(&amp;quot;sales data file size check started....&amp;quot;)\n            non_zero_file_size = check_file_size(&amp;quot;TestData/sales_data_linux.csv&amp;quot;)\n&amp;gt;           assert non_zero_file_size == True, &amp;quot;Sales file is empty&amp;quot;\nE           AssertionError: Sales file is empty\nE           assert None == True\n\nTestScripts\\test_DQ_checks.py:161: AssertionError\n\nDuring handling of the above exception, another exception occurred:\n\n    @pytest.mark.DQ\n    def test_DQ_sales_data_file_size():\n        try:\n            logger.info(&amp;quot;sales data file size check started....&amp;quot;)\n            non_zero_file_size = check_file_size(&amp;quot;TestData/sales_data_linux.csv&amp;quot;)\n            assert non_zero_file_size == True, &amp;quot;Sales file is empty&amp;quot;\n            logger.info(&amp;quot;sales data file size check completed....&amp;quot;)\n        except Exception as e:\n            logger.error(&amp;quot;Error while file size checks&amp;quot;)\n&amp;gt;           pytest.fail(&amp;quot;sales file is empty&amp;quot;)\nE           Failed: sales file is empty\n\nTestScripts\\test_DQ_checks.py:165: Failed\n\n------------------------------ Captured log call -------------------------------\nINFO     TestScripts.test_DQ_checks:test_DQ_checks.py:159 sales data file size check started....\nERROR    CommonUtilities.utilities:utilities.py:128 file TestData/sales_data_linux.csv is having zero size [WinError 2] The system cannot find the file specified: &amp;#x27;TestData/sales_data_linux.csv&amp;#x27;\nERROR    TestScripts.test_DQ_checks:test_DQ_checks.py:164 Error while file size checks\n\n&#34;}], &#34;TestScripts/test_DQ_checks.py::test_DQ_product_data_file_size&#34;: [{&#34;extras&#34;: [], &#34;result&#34;: &#34;Passed&#34;, &#34;testId&#34;: &#34;TestScripts/test_DQ_checks.py::test_DQ_product_data_file_size&#34;, &#34;duration&#34;: &#34;1 ms&#34;, &#34;resultsTableRow&#34;: [&#34;&lt;td class=\&#34;col-result\&#34;&gt;Passed&lt;/td&gt;&#34;, &#34;&lt;td class=\&#34;col-testId\&#34;&gt;TestScripts/test_DQ_checks.py::test_DQ_product_data_file_size&lt;/td&gt;&#34;, &#34;&lt;td class=\&#34;col-duration\&#34;&gt;1 ms&lt;/td&gt;&#34;, &#34;&lt;td class=\&#34;col-links\&#34;&gt;&lt;/td&gt;&#34;], &#34;log&#34;: &#34;No log output captured.&#34;}], &#34;TestScripts/test_DQ_checks.py::test_DQ_inventory_data_file_size&#34;: [{&#34;extras&#34;: [], &#34;result&#34;: &#34;Passed&#34;, &#34;testId&#34;: &#34;TestScripts/test_DQ_checks.py::test_DQ_inventory_data_file_size&#34;, &#34;duration&#34;: &#34;1 ms&#34;, &#34;resultsTableRow&#34;: [&#34;&lt;td class=\&#34;col-result\&#34;&gt;Passed&lt;/td&gt;&#34;, &#34;&lt;td class=\&#34;col-testId\&#34;&gt;TestScripts/test_DQ_checks.py::test_DQ_inventory_data_file_size&lt;/td&gt;&#34;, &#34;&lt;td class=\&#34;col-duration\&#34;&gt;1 ms&lt;/td&gt;&#34;, &#34;&lt;td class=\&#34;col-links\&#34;&gt;&lt;/td&gt;&#34;], &#34;log&#34;: &#34;No log output captured.&#34;}], &#34;TestScripts/test_DQ_checks.py::test_DQ_supplier_data_file_size&#34;: [{&#34;extras&#34;: [], &#34;result&#34;: &#34;Passed&#34;, &#34;testId&#34;: &#34;TestScripts/test_DQ_checks.py::test_DQ_supplier_data_file_size&#34;, &#34;duration&#34;: &#34;2 ms&#34;, &#34;resultsTableRow&#34;: [&#34;&lt;td class=\&#34;col-result\&#34;&gt;Passed&lt;/td&gt;&#34;, &#34;&lt;td class=\&#34;col-testId\&#34;&gt;TestScripts/test_DQ_checks.py::test_DQ_supplier_data_file_size&lt;/td&gt;&#34;, &#34;&lt;td class=\&#34;col-duration\&#34;&gt;2 ms&lt;/td&gt;&#34;, &#34;&lt;td class=\&#34;col-links\&#34;&gt;&lt;/td&gt;&#34;], &#34;log&#34;: &#34;No log output captured.&#34;}], &#34;TestScripts/test_DQ_checks.py::test_DQ_ReferentialIntegrity_check_between_stag_sales_and_fact_sales_target&#34;: [{&#34;extras&#34;: [], &#34;result&#34;: &#34;Passed&#34;, &#34;testId&#34;: &#34;TestScripts/test_DQ_checks.py::test_DQ_ReferentialIntegrity_check_between_stag_sales_and_fact_sales_target&#34;, &#34;duration&#34;: &#34;52 ms&#34;, &#34;resultsTableRow&#34;: [&#34;&lt;td class=\&#34;col-result\&#34;&gt;Passed&lt;/td&gt;&#34;, &#34;&lt;td class=\&#34;col-testId\&#34;&gt;TestScripts/test_DQ_checks.py::test_DQ_ReferentialIntegrity_check_between_stag_sales_and_fact_sales_target&lt;/td&gt;&#34;, &#34;&lt;td class=\&#34;col-duration\&#34;&gt;52 ms&lt;/td&gt;&#34;, &#34;&lt;td class=\&#34;col-links\&#34;&gt;&lt;/td&gt;&#34;], &#34;log&#34;: &#34;No log output captured.&#34;}], &#34;TestScripts/test_DQ_checks.py::test_DQ_ReferentialIntegrity_check_between_stag_stores_and_fact_sales_target&#34;: [{&#34;extras&#34;: [], &#34;result&#34;: &#34;Passed&#34;, &#34;testId&#34;: &#34;TestScripts/test_DQ_checks.py::test_DQ_ReferentialIntegrity_check_between_stag_stores_and_fact_sales_target&#34;, &#34;duration&#34;: &#34;4 ms&#34;, &#34;resultsTableRow&#34;: [&#34;&lt;td class=\&#34;col-result\&#34;&gt;Passed&lt;/td&gt;&#34;, &#34;&lt;td class=\&#34;col-testId\&#34;&gt;TestScripts/test_DQ_checks.py::test_DQ_ReferentialIntegrity_check_between_stag_stores_and_fact_sales_target&lt;/td&gt;&#34;, &#34;&lt;td class=\&#34;col-duration\&#34;&gt;4 ms&lt;/td&gt;&#34;, &#34;&lt;td class=\&#34;col-links\&#34;&gt;&lt;/td&gt;&#34;], &#34;log&#34;: &#34;No log output captured.&#34;}], &#34;TestScripts/test_DQ_checks.py::test_DQ_ReferentialIntegrity_check_between_stag_product_and_fact_sales_target&#34;: [{&#34;extras&#34;: [], &#34;result&#34;: &#34;Passed&#34;, &#34;testId&#34;: &#34;TestScripts/test_DQ_checks.py::test_DQ_ReferentialIntegrity_check_between_stag_product_and_fact_sales_target&#34;, &#34;duration&#34;: &#34;2 ms&#34;, &#34;resultsTableRow&#34;: [&#34;&lt;td class=\&#34;col-result\&#34;&gt;Passed&lt;/td&gt;&#34;, &#34;&lt;td class=\&#34;col-testId\&#34;&gt;TestScripts/test_DQ_checks.py::test_DQ_ReferentialIntegrity_check_between_stag_product_and_fact_sales_target&lt;/td&gt;&#34;, &#34;&lt;td class=\&#34;col-duration\&#34;&gt;2 ms&lt;/td&gt;&#34;, &#34;&lt;td class=\&#34;col-links\&#34;&gt;&lt;/td&gt;&#34;], &#34;log&#34;: &#34;No log output captured.&#34;}], &#34;TestScripts/test_DT_checks.py::test_DT_Filter_checks&#34;: [{&#34;extras&#34;: [], &#34;result&#34;: &#34;Failed&#34;, &#34;testId&#34;: &#34;TestScripts/test_DT_checks.py::test_DT_Filter_checks&#34;, &#34;duration&#34;: &#34;70 ms&#34;, &#34;resultsTableRow&#34;: [&#34;&lt;td class=\&#34;col-result\&#34;&gt;Failed&lt;/td&gt;&#34;, &#34;&lt;td class=\&#34;col-testId\&#34;&gt;TestScripts/test_DT_checks.py::test_DT_Filter_checks&lt;/td&gt;&#34;, &#34;&lt;td class=\&#34;col-duration\&#34;&gt;70 ms&lt;/td&gt;&#34;, &#34;&lt;td class=\&#34;col-links\&#34;&gt;&lt;/td&gt;&#34;], &#34;log&#34;: &#34;conect_to_mysql_database = &amp;lt;sqlalchemy.engine.base.Connection object at 0x00000269432828F0&amp;gt;\n\n    def test_DT_Filter_checks(conect_to_mysql_database):\n        try:\n            logger.info(&amp;quot;Test case for Filter transfromaiton check has started..&amp;quot;)\n            query_expected =&amp;quot;&amp;quot;&amp;quot;select * from stag_sales where sale_date&amp;gt;=&amp;#x27;2024-09-10&amp;#x27;&amp;quot;&amp;quot;&amp;quot;\n            query_actual = &amp;quot;&amp;quot;&amp;quot;select * from filtered_sales&amp;quot;&amp;quot;&amp;quot;\n&amp;gt;           verify_expected_as_db_to_actual_as_db(conect_to_mysql_database, query_expected, conect_to_mysql_database, query_actual)\n\nTestScripts\\test_DT_checks.py:27: \n_ _ _ _ _ _ _ _ _ _ _ _ _ _ _ _ _ _ _ _ _ _ _ _ _ _ _ _ _ _ _ _ _ _ _ _ _ _ _ _ _ _ _ _ _ _ _ _ _ _ _ _ _ _ _ _ _ _ _ _ _ _ _ _ _ _ \nCommonUtilities\\utilities.py:159: in verify_expected_as_db_to_actual_as_db\n    logger.info(&amp;quot;Expected data :&amp;quot;,df_expected)\nC:\\Python310\\lib\\logging\\__init__.py:1468: in info\n    self._log(INFO, msg, args, **kwargs)\nC:\\Python310\\lib\\logging\\__init__.py:1615: in _log\n    self.handle(record)\nC:\\Python310\\lib\\logging\\__init__.py:1625: in handle\n    self.callHandlers(record)\nC:\\Python310\\lib\\logging\\__init__.py:1687: in callHandlers\n    hdlr.handle(record)\nC:\\Python310\\lib\\logging\\__init__.py:967: in handle\n    self.emit(record)\nC:\\Python310\\lib\\site-packages\\_pytest\\logging.py:386: in emit\n    super().emit(record)\nC:\\Python310\\lib\\logging\\__init__.py:1106: in emit\n    self.handleError(record)\nC:\\Python310\\lib\\logging\\__init__.py:1098: in emit\n    msg = self.format(record)\nC:\\Python310\\lib\\logging\\__init__.py:942: in format\n    return fmt.format(record)\nC:\\Python310\\lib\\site-packages\\_pytest\\logging.py:139: in format\n    return super().format(record)\nC:\\Python310\\lib\\logging\\__init__.py:678: in format\n    record.message = record.getMessage()\n_ _ _ _ _ _ _ _ _ _ _ _ _ _ _ _ _ _ _ _ _ _ _ _ _ _ _ _ _ _ _ _ _ _ _ _ _ _ _ _ _ _ _ _ _ _ _ _ _ _ _ _ _ _ _ _ _ _ _ _ _ _ _ _ _ _ \n\nself = &amp;lt;LogRecord: CommonUtilities.utilities, 20, D:\\Capstone_June_2025_Test_Automation_Framework\\CommonUtilities\\utilities.py, 159, &amp;quot;Expected data :&amp;quot;&amp;gt;\n\n    def getMessage(self):\n        &amp;quot;&amp;quot;&amp;quot;\n        Return the message for this LogRecord.\n    \n        Return the message for this LogRecord after merging any user-supplied\n        arguments with the message.\n        &amp;quot;&amp;quot;&amp;quot;\n        msg = str(self.msg)\n        if self.args:\n&amp;gt;           msg = msg % self.args\nE           TypeError: not all arguments converted during string formatting\n\nC:\\Python310\\lib\\logging\\__init__.py:368: TypeError\n\nDuring handling of the above exception, another exception occurred:\n\nconect_to_mysql_database = &amp;lt;sqlalchemy.engine.base.Connection object at 0x00000269432828F0&amp;gt;\n\n    def test_DT_Filter_checks(conect_to_mysql_database):\n        try:\n            logger.info(&amp;quot;Test case for Filter transfromaiton check has started..&amp;quot;)\n            query_expected =&amp;quot;&amp;quot;&amp;quot;select * from stag_sales where sale_date&amp;gt;=&amp;#x27;2024-09-10&amp;#x27;&amp;quot;&amp;quot;&amp;quot;\n            query_actual = &amp;quot;&amp;quot;&amp;quot;select * from filtered_sales&amp;quot;&amp;quot;&amp;quot;\n            verify_expected_as_db_to_actual_as_db(conect_to_mysql_database, query_expected, conect_to_mysql_database, query_actual)\n            logger.info(&amp;quot;Test case for Filter transfromaiton check has completed..&amp;quot;)\n        except Exception as e:\n            logger.error(&amp;quot;Test case for Filter transfromaiton check caused problem..&amp;quot;)\n&amp;gt;           pytest.fail(&amp;quot;Test case for Filter transfromaiton check has failed..&amp;quot;)\nE           Failed: Test case for Filter transfromaiton check has failed..\n\nTestScripts\\test_DT_checks.py:31: Failed\n\n------------------------------ Captured log setup ------------------------------\nINFO     conftest:conftest.py:32 Mysql connection getting established...\nINFO     conftest:conftest.py:34 mysql connection has been established...\n\n----------------------------- Captured stderr call -----------------------------\n--- Logging error ---\nTraceback (most recent call last):\n  File &amp;quot;C:\\Python310\\lib\\logging\\__init__.py&amp;quot;, line 1098, in emit\n    msg = self.format(record)\n  File &amp;quot;C:\\Python310\\lib\\logging\\__init__.py&amp;quot;, line 942, in format\n    return fmt.format(record)\n  File &amp;quot;C:\\Python310\\lib\\logging\\__init__.py&amp;quot;, line 678, in format\n    record.message = record.getMessage()\n  File &amp;quot;C:\\Python310\\lib\\logging\\__init__.py&amp;quot;, line 368, in getMessage\n    msg = msg % self.args\nTypeError: not all arguments converted during string formatting\nCall stack:\n  File &amp;quot;C:\\Python310\\lib\\runpy.py&amp;quot;, line 196, in _run_module_as_main\n    return _run_code(code, main_globals, None,\n  File &amp;quot;C:\\Python310\\lib\\runpy.py&amp;quot;, line 86, in _run_code\n    exec(code, run_globals)\n  File &amp;quot;C:\\Python310\\Scripts\\pytest.exe\\__main__.py&amp;quot;, line 7, in &amp;lt;module&amp;gt;\n    sys.exit(console_main())\n  File &amp;quot;C:\\Python310\\lib\\site-packages\\_pytest\\config\\__init__.py&amp;quot;, line 201, in console_main\n    code = main()\n  File &amp;quot;C:\\Python310\\lib\\site-packages\\_pytest\\config\\__init__.py&amp;quot;, line 175, in main\n    ret: ExitCode | int = config.hook.pytest_cmdline_main(config=config)\n  File &amp;quot;C:\\Python310\\lib\\site-packages\\pluggy\\_hooks.py&amp;quot;, line 513, in __call__\n    return self._hookexec(self.name, self._hookimpls.copy(), kwargs, firstresult)\n  File &amp;quot;C:\\Python310\\lib\\site-packages\\pluggy\\_manager.py&amp;quot;, line 120, in _hookexec\n    return self._inner_hookexec(hook_name, methods, kwargs, firstresult)\n  File &amp;quot;C:\\Python310\\lib\\site-packages\\pluggy\\_callers.py&amp;quot;, line 103, in _multicall\n    res = hook_impl.function(*args)\n  File &amp;quot;C:\\Python310\\lib\\site-packages\\_pytest\\main.py&amp;quot;, line 330, in pytest_cmdline_main\n    return wrap_session(config, _main)\n  File &amp;quot;C:\\Python310\\lib\\site-packages\\_pytest\\main.py&amp;quot;, line 283, in wrap_session\n    session.exitstatus = doit(config, session) or 0\n  File &amp;quot;C:\\Python310\\lib\\site-packages\\_pytest\\main.py&amp;quot;, line 337, in _main\n    config.hook.pytest_runtestloop(session=session)\n  File &amp;quot;C:\\Python310\\lib\\site-packages\\pluggy\\_hooks.py&amp;quot;, line 513, in __call__\n    return self._hookexec(self.name, self._hookimpls.copy(), kwargs, firstresult)\n  File &amp;quot;C:\\Python310\\lib\\site-packages\\pluggy\\_manager.py&amp;quot;, line 120, in _hookexec\n    return self._inner_hookexec(hook_name, methods, kwargs, firstresult)\n  File &amp;quot;C:\\Python310\\lib\\site-packages\\pluggy\\_callers.py&amp;quot;, line 103, in _multicall\n    res = hook_impl.function(*args)\n  File &amp;quot;C:\\Python310\\lib\\site-packages\\_pytest\\main.py&amp;quot;, line 362, in pytest_runtestloop\n    item.config.hook.pytest_runtest_protocol(item=item, nextitem=nextitem)\n  File &amp;quot;C:\\Python310\\lib\\site-packages\\pluggy\\_hooks.py&amp;quot;, line 513, in __call__\n    return self._hookexec(self.name, self._hookimpls.copy(), kwargs, firstresult)\n  File &amp;quot;C:\\Python310\\lib\\site-packages\\pluggy\\_manager.py&amp;quot;, line 120, in _hookexec\n    return self._inner_hookexec(hook_name, methods, kwargs, firstresult)\n  File &amp;quot;C:\\Python310\\lib\\site-packages\\pluggy\\_callers.py&amp;quot;, line 103, in _multicall\n    res = hook_impl.function(*args)\n  File &amp;quot;C:\\Python310\\lib\\site-packages\\_pytest\\runner.py&amp;quot;, line 113, in pytest_runtest_protocol\n    runtestprotocol(item, nextitem=nextitem)\n  File &amp;quot;C:\\Python310\\lib\\site-packages\\_pytest\\runner.py&amp;quot;, line 132, in runtestprotocol\n    reports.append(call_and_report(item, &amp;quot;call&amp;quot;, log))\n  File &amp;quot;C:\\Python310\\lib\\site-packages\\_pytest\\runner.py&amp;quot;, line 241, in call_and_report\n    call = CallInfo.from_call(\n  File &amp;quot;C:\\Python310\\lib\\site-packages\\_pytest\\runner.py&amp;quot;, line 341, in from_call\n    result: TResult | None = func()\n  File &amp;quot;C:\\Python310\\lib\\site-packages\\_pytest\\runner.py&amp;quot;, line 242, in &amp;lt;lambda&amp;gt;\n    lambda: runtest_hook(item=item, **kwds), when=when, reraise=reraise\n  File &amp;quot;C:\\Python310\\lib\\site-packages\\pluggy\\_hooks.py&amp;quot;, line 513, in __call__\n    return self._hookexec(self.name, self._hookimpls.copy(), kwargs, firstresult)\n  File &amp;quot;C:\\Python310\\lib\\site-packages\\pluggy\\_manager.py&amp;quot;, line 120, in _hookexec\n    return self._inner_hookexec(hook_name, methods, kwargs, firstresult)\n  File &amp;quot;C:\\Python310\\lib\\site-packages\\pluggy\\_callers.py&amp;quot;, line 103, in _multicall\n    res = hook_impl.function(*args)\n  File &amp;quot;C:\\Python310\\lib\\site-packages\\_pytest\\runner.py&amp;quot;, line 174, in pytest_runtest_call\n    item.runtest()\n  File &amp;quot;C:\\Python310\\lib\\site-packages\\_pytest\\python.py&amp;quot;, line 1627, in runtest\n    self.ihook.pytest_pyfunc_call(pyfuncitem=self)\n  File &amp;quot;C:\\Python310\\lib\\site-packages\\pluggy\\_hooks.py&amp;quot;, line 513, in __call__\n    return self._hookexec(self.name, self._hookimpls.copy(), kwargs, firstresult)\n  File &amp;quot;C:\\Python310\\lib\\site-packages\\pluggy\\_manager.py&amp;quot;, line 120, in _hookexec\n    return self._inner_hookexec(hook_name, methods, kwargs, firstresult)\n  File &amp;quot;C:\\Python310\\lib\\site-packages\\pluggy\\_callers.py&amp;quot;, line 103, in _multicall\n    res = hook_impl.function(*args)\n  File &amp;quot;C:\\Python310\\lib\\site-packages\\_pytest\\python.py&amp;quot;, line 159, in pytest_pyfunc_call\n    result = testfunction(**testargs)\n  File &amp;quot;D:\\Capstone_June_2025_Test_Automation_Framework\\TestScripts\\test_DT_checks.py&amp;quot;, line 27, in test_DT_Filter_checks\n    verify_expected_as_db_to_actual_as_db(conect_to_mysql_database, query_expected, conect_to_mysql_database, query_actual)\n  File &amp;quot;D:\\Capstone_June_2025_Test_Automation_Framework\\CommonUtilities\\utilities.py&amp;quot;, line 159, in verify_expected_as_db_to_actual_as_db\n    logger.info(&amp;quot;Expected data :&amp;quot;,df_expected)\nMessage: &amp;#x27;Expected data :&amp;#x27;\nArguments: (   sales_id product_id store_id quantity price   sale_date region\n0        10        110        4        9  17.0  2024-09-10    Low\n1        11        101        4       15  14.0  2024-09-11   High\n2        12        102        5        9  27.0  2024-09-12    Low\n3        13        103        6       10  22.0  2024-09-13   High\n4        14        104        7        8  31.0  2024-09-14    Low\n5        15        105        4       12  11.0  2024-09-15   High\n6        16        106        5        5  23.0  2024-09-16    Low\n7        17        107        6        3  26.0  2024-09-17   High\n8        18        108        7        6  28.0  2024-09-18    Low\n9        19        109        8       11  20.0  2024-09-19   High\n10       20        110        9        9  19.5  2024-09-20    Low\n11       21        101        1       14  15.5  2024-09-21   High\n12       22        102        2        8  22.0  2024-09-22    Low\n13       23        103        3        7  18.0  2024-09-23   High\n14       24        104        4        6  25.0  2024-09-24    Low\n15       25        105        2       12  13.5  2024-09-25   High\n16       26        106        3        5  21.0  2024-09-26    Low\n17       27        107        1       10  19.0  2024-09-27   High\n18       28        108        5        6  27.0  2024-09-28    Low\n19       29        109        6        9  24.0  2024-09-29   High\n20       30        110        7        7  23.5  2024-09-30    Low\n21       31        101        4       13  14.5  2024-10-01   High\n22       32        102        5        6  29.0  2024-10-02    Low\n23       33        103        6        8  21.0  2024-10-03   High\n24       34        104        7        5  30.0  2024-10-04    Low\n25       35        105        4        7  15.0  2024-10-05   High\n26       36        106        5        3  25.0  2024-10-06    Low\n27       37        107        6       12  18.0  2024-10-07   High\n28       38        108        7        9  20.0  2024-10-08    Low\n29       39        109        8       10  22.0  2024-10-09   High\n30       40        110        9        6  26.0  2024-10-10    Low\n31       41        101        3        5  15.0  2024-10-11   High\n32       42        102        4        4  20.0  2024-10-12    Low\n33       43        103        5        9  19.0  2024-10-13   High\n34       44        104        6        7  28.0  2024-10-14    Low\n35       45        105        7       10  25.0  2024-10-15   High\n36       46        106        8        8  22.5  2024-10-16    Low\n37       47        107        9        6  24.0  2024-10-17   High\n38       48        108        1        3  27.0  2024-10-18    Low\n39       49        109        2       11  18.5  2024-10-19   High\n40       50        110        3       12  21.0  2024-10-20    Low\n41       60        110        4        9  17.0  2024-09-10    Low,)\n\n------------------------------ Captured log call -------------------------------\nINFO     TestScripts.test_DT_checks:test_DT_checks.py:24 Test case for Filter transfromaiton check has started..\nERROR    TestScripts.test_DT_checks:test_DT_checks.py:30 Test case for Filter transfromaiton check caused problem..\n\n---------------------------- Captured log teardown -----------------------------\nINFO     conftest:conftest.py:37 mysql connection has been closed...&#34;}], &#34;TestScripts/test_DT_checks.py::test_DT_Router_High_checks&#34;: [{&#34;extras&#34;: [], &#34;result&#34;: &#34;Failed&#34;, &#34;testId&#34;: &#34;TestScripts/test_DT_checks.py::test_DT_Router_High_checks&#34;, &#34;duration&#34;: &#34;87 ms&#34;, &#34;resultsTableRow&#34;: [&#34;&lt;td class=\&#34;col-result\&#34;&gt;Failed&lt;/td&gt;&#34;, &#34;&lt;td class=\&#34;col-testId\&#34;&gt;TestScripts/test_DT_checks.py::test_DT_Router_High_checks&lt;/td&gt;&#34;, &#34;&lt;td class=\&#34;col-duration\&#34;&gt;87 ms&lt;/td&gt;&#34;, &#34;&lt;td class=\&#34;col-links\&#34;&gt;&lt;/td&gt;&#34;], &#34;log&#34;: &#34;conect_to_mysql_database = &amp;lt;sqlalchemy.engine.base.Connection object at 0x000002694218DC60&amp;gt;\n\n    def test_DT_Router_High_checks(conect_to_mysql_database):\n        try:\n            logger.info(&amp;quot;Test case for Router High transfromaiton check has started..&amp;quot;)\n            query_expected =&amp;quot;&amp;quot;&amp;quot;select * from filtered_sales where region=&amp;#x27;High&amp;#x27;&amp;quot;&amp;quot;&amp;quot;\n            query_actual = &amp;quot;&amp;quot;&amp;quot;select * from high_sales&amp;quot;&amp;quot;&amp;quot;\n&amp;gt;           verify_expected_as_db_to_actual_as_db(conect_to_mysql_database, query_expected, conect_to_mysql_database, query_actual)\n\nTestScripts\\test_DT_checks.py:39: \n_ _ _ _ _ _ _ _ _ _ _ _ _ _ _ _ _ _ _ _ _ _ _ _ _ _ _ _ _ _ _ _ _ _ _ _ _ _ _ _ _ _ _ _ _ _ _ _ _ _ _ _ _ _ _ _ _ _ _ _ _ _ _ _ _ _ \nCommonUtilities\\utilities.py:159: in verify_expected_as_db_to_actual_as_db\n    logger.info(&amp;quot;Expected data :&amp;quot;,df_expected)\nC:\\Python310\\lib\\logging\\__init__.py:1468: in info\n    self._log(INFO, msg, args, **kwargs)\nC:\\Python310\\lib\\logging\\__init__.py:1615: in _log\n    self.handle(record)\nC:\\Python310\\lib\\logging\\__init__.py:1625: in handle\n    self.callHandlers(record)\nC:\\Python310\\lib\\logging\\__init__.py:1687: in callHandlers\n    hdlr.handle(record)\nC:\\Python310\\lib\\logging\\__init__.py:967: in handle\n    self.emit(record)\nC:\\Python310\\lib\\site-packages\\_pytest\\logging.py:386: in emit\n    super().emit(record)\nC:\\Python310\\lib\\logging\\__init__.py:1106: in emit\n    self.handleError(record)\nC:\\Python310\\lib\\logging\\__init__.py:1098: in emit\n    msg = self.format(record)\nC:\\Python310\\lib\\logging\\__init__.py:942: in format\n    return fmt.format(record)\nC:\\Python310\\lib\\site-packages\\_pytest\\logging.py:139: in format\n    return super().format(record)\nC:\\Python310\\lib\\logging\\__init__.py:678: in format\n    record.message = record.getMessage()\n_ _ _ _ _ _ _ _ _ _ _ _ _ _ _ _ _ _ _ _ _ _ _ _ _ _ _ _ _ _ _ _ _ _ _ _ _ _ _ _ _ _ _ _ _ _ _ _ _ _ _ _ _ _ _ _ _ _ _ _ _ _ _ _ _ _ \n\nself = &amp;lt;LogRecord: CommonUtilities.utilities, 20, D:\\Capstone_June_2025_Test_Automation_Framework\\CommonUtilities\\utilities.py, 159, &amp;quot;Expected data :&amp;quot;&amp;gt;\n\n    def getMessage(self):\n        &amp;quot;&amp;quot;&amp;quot;\n        Return the message for this LogRecord.\n    \n        Return the message for this LogRecord after merging any user-supplied\n        arguments with the message.\n        &amp;quot;&amp;quot;&amp;quot;\n        msg = str(self.msg)\n        if self.args:\n&amp;gt;           msg = msg % self.args\nE           TypeError: not all arguments converted during string formatting\n\nC:\\Python310\\lib\\logging\\__init__.py:368: TypeError\n\nDuring handling of the above exception, another exception occurred:\n\nconect_to_mysql_database = &amp;lt;sqlalchemy.engine.base.Connection object at 0x000002694218DC60&amp;gt;\n\n    def test_DT_Router_High_checks(conect_to_mysql_database):\n        try:\n            logger.info(&amp;quot;Test case for Router High transfromaiton check has started..&amp;quot;)\n            query_expected =&amp;quot;&amp;quot;&amp;quot;select * from filtered_sales where region=&amp;#x27;High&amp;#x27;&amp;quot;&amp;quot;&amp;quot;\n            query_actual = &amp;quot;&amp;quot;&amp;quot;select * from high_sales&amp;quot;&amp;quot;&amp;quot;\n            verify_expected_as_db_to_actual_as_db(conect_to_mysql_database, query_expected, conect_to_mysql_database, query_actual)\n            logger.info(&amp;quot;Test case for Router High transfromaiton check has completed..&amp;quot;)\n        except Exception as e:\n            logger.error(&amp;quot;Test case for Router High transfromaiton check caused problem..&amp;quot;)\n&amp;gt;           pytest.fail(&amp;quot;Test case for Router High transfromaiton check has failed..&amp;quot;)\nE           Failed: Test case for Router High transfromaiton check has failed..\n\nTestScripts\\test_DT_checks.py:43: Failed\n\n------------------------------ Captured log setup ------------------------------\nINFO     conftest:conftest.py:32 Mysql connection getting established...\nINFO     conftest:conftest.py:34 mysql connection has been established...\n\n----------------------------- Captured stderr call -----------------------------\n--- Logging error ---\nTraceback (most recent call last):\n  File &amp;quot;C:\\Python310\\lib\\logging\\__init__.py&amp;quot;, line 1098, in emit\n    msg = self.format(record)\n  File &amp;quot;C:\\Python310\\lib\\logging\\__init__.py&amp;quot;, line 942, in format\n    return fmt.format(record)\n  File &amp;quot;C:\\Python310\\lib\\logging\\__init__.py&amp;quot;, line 678, in format\n    record.message = record.getMessage()\n  File &amp;quot;C:\\Python310\\lib\\logging\\__init__.py&amp;quot;, line 368, in getMessage\n    msg = msg % self.args\nTypeError: not all arguments converted during string formatting\nCall stack:\n  File &amp;quot;C:\\Python310\\lib\\runpy.py&amp;quot;, line 196, in _run_module_as_main\n    return _run_code(code, main_globals, None,\n  File &amp;quot;C:\\Python310\\lib\\runpy.py&amp;quot;, line 86, in _run_code\n    exec(code, run_globals)\n  File &amp;quot;C:\\Python310\\Scripts\\pytest.exe\\__main__.py&amp;quot;, line 7, in &amp;lt;module&amp;gt;\n    sys.exit(console_main())\n  File &amp;quot;C:\\Python310\\lib\\site-packages\\_pytest\\config\\__init__.py&amp;quot;, line 201, in console_main\n    code = main()\n  File &amp;quot;C:\\Python310\\lib\\site-packages\\_pytest\\config\\__init__.py&amp;quot;, line 175, in main\n    ret: ExitCode | int = config.hook.pytest_cmdline_main(config=config)\n  File &amp;quot;C:\\Python310\\lib\\site-packages\\pluggy\\_hooks.py&amp;quot;, line 513, in __call__\n    return self._hookexec(self.name, self._hookimpls.copy(), kwargs, firstresult)\n  File &amp;quot;C:\\Python310\\lib\\site-packages\\pluggy\\_manager.py&amp;quot;, line 120, in _hookexec\n    return self._inner_hookexec(hook_name, methods, kwargs, firstresult)\n  File &amp;quot;C:\\Python310\\lib\\site-packages\\pluggy\\_callers.py&amp;quot;, line 103, in _multicall\n    res = hook_impl.function(*args)\n  File &amp;quot;C:\\Python310\\lib\\site-packages\\_pytest\\main.py&amp;quot;, line 330, in pytest_cmdline_main\n    return wrap_session(config, _main)\n  File &amp;quot;C:\\Python310\\lib\\site-packages\\_pytest\\main.py&amp;quot;, line 283, in wrap_session\n    session.exitstatus = doit(config, session) or 0\n  File &amp;quot;C:\\Python310\\lib\\site-packages\\_pytest\\main.py&amp;quot;, line 337, in _main\n    config.hook.pytest_runtestloop(session=session)\n  File &amp;quot;C:\\Python310\\lib\\site-packages\\pluggy\\_hooks.py&amp;quot;, line 513, in __call__\n    return self._hookexec(self.name, self._hookimpls.copy(), kwargs, firstresult)\n  File &amp;quot;C:\\Python310\\lib\\site-packages\\pluggy\\_manager.py&amp;quot;, line 120, in _hookexec\n    return self._inner_hookexec(hook_name, methods, kwargs, firstresult)\n  File &amp;quot;C:\\Python310\\lib\\site-packages\\pluggy\\_callers.py&amp;quot;, line 103, in _multicall\n    res = hook_impl.function(*args)\n  File &amp;quot;C:\\Python310\\lib\\site-packages\\_pytest\\main.py&amp;quot;, line 362, in pytest_runtestloop\n    item.config.hook.pytest_runtest_protocol(item=item, nextitem=nextitem)\n  File &amp;quot;C:\\Python310\\lib\\site-packages\\pluggy\\_hooks.py&amp;quot;, line 513, in __call__\n    return self._hookexec(self.name, self._hookimpls.copy(), kwargs, firstresult)\n  File &amp;quot;C:\\Python310\\lib\\site-packages\\pluggy\\_manager.py&amp;quot;, line 120, in _hookexec\n    return self._inner_hookexec(hook_name, methods, kwargs, firstresult)\n  File &amp;quot;C:\\Python310\\lib\\site-packages\\pluggy\\_callers.py&amp;quot;, line 103, in _multicall\n    res = hook_impl.function(*args)\n  File &amp;quot;C:\\Python310\\lib\\site-packages\\_pytest\\runner.py&amp;quot;, line 113, in pytest_runtest_protocol\n    runtestprotocol(item, nextitem=nextitem)\n  File &amp;quot;C:\\Python310\\lib\\site-packages\\_pytest\\runner.py&amp;quot;, line 132, in runtestprotocol\n    reports.append(call_and_report(item, &amp;quot;call&amp;quot;, log))\n  File &amp;quot;C:\\Python310\\lib\\site-packages\\_pytest\\runner.py&amp;quot;, line 241, in call_and_report\n    call = CallInfo.from_call(\n  File &amp;quot;C:\\Python310\\lib\\site-packages\\_pytest\\runner.py&amp;quot;, line 341, in from_call\n    result: TResult | None = func()\n  File &amp;quot;C:\\Python310\\lib\\site-packages\\_pytest\\runner.py&amp;quot;, line 242, in &amp;lt;lambda&amp;gt;\n    lambda: runtest_hook(item=item, **kwds), when=when, reraise=reraise\n  File &amp;quot;C:\\Python310\\lib\\site-packages\\pluggy\\_hooks.py&amp;quot;, line 513, in __call__\n    return self._hookexec(self.name, self._hookimpls.copy(), kwargs, firstresult)\n  File &amp;quot;C:\\Python310\\lib\\site-packages\\pluggy\\_manager.py&amp;quot;, line 120, in _hookexec\n    return self._inner_hookexec(hook_name, methods, kwargs, firstresult)\n  File &amp;quot;C:\\Python310\\lib\\site-packages\\pluggy\\_callers.py&amp;quot;, line 103, in _multicall\n    res = hook_impl.function(*args)\n  File &amp;quot;C:\\Python310\\lib\\site-packages\\_pytest\\runner.py&amp;quot;, line 174, in pytest_runtest_call\n    item.runtest()\n  File &amp;quot;C:\\Python310\\lib\\site-packages\\_pytest\\python.py&amp;quot;, line 1627, in runtest\n    self.ihook.pytest_pyfunc_call(pyfuncitem=self)\n  File &amp;quot;C:\\Python310\\lib\\site-packages\\pluggy\\_hooks.py&amp;quot;, line 513, in __call__\n    return self._hookexec(self.name, self._hookimpls.copy(), kwargs, firstresult)\n  File &amp;quot;C:\\Python310\\lib\\site-packages\\pluggy\\_manager.py&amp;quot;, line 120, in _hookexec\n    return self._inner_hookexec(hook_name, methods, kwargs, firstresult)\n  File &amp;quot;C:\\Python310\\lib\\site-packages\\pluggy\\_callers.py&amp;quot;, line 103, in _multicall\n    res = hook_impl.function(*args)\n  File &amp;quot;C:\\Python310\\lib\\site-packages\\_pytest\\python.py&amp;quot;, line 159, in pytest_pyfunc_call\n    result = testfunction(**testargs)\n  File &amp;quot;D:\\Capstone_June_2025_Test_Automation_Framework\\TestScripts\\test_DT_checks.py&amp;quot;, line 39, in test_DT_Router_High_checks\n    verify_expected_as_db_to_actual_as_db(conect_to_mysql_database, query_expected, conect_to_mysql_database, query_actual)\n  File &amp;quot;D:\\Capstone_June_2025_Test_Automation_Framework\\CommonUtilities\\utilities.py&amp;quot;, line 159, in verify_expected_as_db_to_actual_as_db\n    logger.info(&amp;quot;Expected data :&amp;quot;,df_expected)\nMessage: &amp;#x27;Expected data :&amp;#x27;\nArguments: (   sales_id product_id store_id quantity price   sale_date region\n0        11        101        4       15  14.0  2024-09-11   High\n1        13        103        6       10  22.0  2024-09-13   High\n2        15        105        4       12  11.0  2024-09-15   High\n3        17        107        6        3  26.0  2024-09-17   High\n4        19        109        8       11  20.0  2024-09-19   High\n5        21        101        1       14  15.5  2024-09-21   High\n6        23        103        3        7  18.0  2024-09-23   High\n7        25        105        2       12  13.5  2024-09-25   High\n8        27        107        1       10  19.0  2024-09-27   High\n9        29        109        6        9  24.0  2024-09-29   High\n10       31        101        4       13  14.5  2024-10-01   High\n11       33        103        6        8  21.0  2024-10-03   High\n12       35        105        4        7  15.0  2024-10-05   High\n13       37        107        6       12  18.0  2024-10-07   High\n14       39        109        8       10  22.0  2024-10-09   High\n15       41        101        3        5  15.0  2024-10-11   High\n16       43        103        5        9  19.0  2024-10-13   High\n17       45        105        7       10  25.0  2024-10-15   High\n18       47        107        9        6  24.0  2024-10-17   High\n19       49        109        2       11  18.5  2024-10-19   High,)\n\n------------------------------ Captured log call -------------------------------\nINFO     TestScripts.test_DT_checks:test_DT_checks.py:36 Test case for Router High transfromaiton check has started..\nERROR    TestScripts.test_DT_checks:test_DT_checks.py:42 Test case for Router High transfromaiton check caused problem..\n\n---------------------------- Captured log teardown -----------------------------\nINFO     conftest:conftest.py:37 mysql connection has been closed...&#34;}], &#34;TestScripts/test_DT_checks.py::test_DT_Router_Low_checks&#34;: [{&#34;extras&#34;: [], &#34;result&#34;: &#34;Failed&#34;, &#34;testId&#34;: &#34;TestScripts/test_DT_checks.py::test_DT_Router_Low_checks&#34;, &#34;duration&#34;: &#34;56 ms&#34;, &#34;resultsTableRow&#34;: [&#34;&lt;td class=\&#34;col-result\&#34;&gt;Failed&lt;/td&gt;&#34;, &#34;&lt;td class=\&#34;col-testId\&#34;&gt;TestScripts/test_DT_checks.py::test_DT_Router_Low_checks&lt;/td&gt;&#34;, &#34;&lt;td class=\&#34;col-duration\&#34;&gt;56 ms&lt;/td&gt;&#34;, &#34;&lt;td class=\&#34;col-links\&#34;&gt;&lt;/td&gt;&#34;], &#34;log&#34;: &#34;conect_to_mysql_database = &amp;lt;sqlalchemy.engine.base.Connection object at 0x000002694214D3F0&amp;gt;\n\n    def test_DT_Router_Low_checks(conect_to_mysql_database):\n        try:\n            logger.info(&amp;quot;Test case for Router Low transfromaiton check has started..&amp;quot;)\n            query_expected =&amp;quot;&amp;quot;&amp;quot;select * from filtered_sales where region=&amp;#x27;Low&amp;#x27;&amp;quot;&amp;quot;&amp;quot;\n            query_actual = &amp;quot;&amp;quot;&amp;quot;select * from low_sales&amp;quot;&amp;quot;&amp;quot;\n&amp;gt;           verify_expected_as_db_to_actual_as_db(conect_to_mysql_database, query_expected, conect_to_mysql_database, query_actual)\n\nTestScripts\\test_DT_checks.py:52: \n_ _ _ _ _ _ _ _ _ _ _ _ _ _ _ _ _ _ _ _ _ _ _ _ _ _ _ _ _ _ _ _ _ _ _ _ _ _ _ _ _ _ _ _ _ _ _ _ _ _ _ _ _ _ _ _ _ _ _ _ _ _ _ _ _ _ \nCommonUtilities\\utilities.py:159: in verify_expected_as_db_to_actual_as_db\n    logger.info(&amp;quot;Expected data :&amp;quot;,df_expected)\nC:\\Python310\\lib\\logging\\__init__.py:1468: in info\n    self._log(INFO, msg, args, **kwargs)\nC:\\Python310\\lib\\logging\\__init__.py:1615: in _log\n    self.handle(record)\nC:\\Python310\\lib\\logging\\__init__.py:1625: in handle\n    self.callHandlers(record)\nC:\\Python310\\lib\\logging\\__init__.py:1687: in callHandlers\n    hdlr.handle(record)\nC:\\Python310\\lib\\logging\\__init__.py:967: in handle\n    self.emit(record)\nC:\\Python310\\lib\\site-packages\\_pytest\\logging.py:386: in emit\n    super().emit(record)\nC:\\Python310\\lib\\logging\\__init__.py:1106: in emit\n    self.handleError(record)\nC:\\Python310\\lib\\logging\\__init__.py:1098: in emit\n    msg = self.format(record)\nC:\\Python310\\lib\\logging\\__init__.py:942: in format\n    return fmt.format(record)\nC:\\Python310\\lib\\site-packages\\_pytest\\logging.py:139: in format\n    return super().format(record)\nC:\\Python310\\lib\\logging\\__init__.py:678: in format\n    record.message = record.getMessage()\n_ _ _ _ _ _ _ _ _ _ _ _ _ _ _ _ _ _ _ _ _ _ _ _ _ _ _ _ _ _ _ _ _ _ _ _ _ _ _ _ _ _ _ _ _ _ _ _ _ _ _ _ _ _ _ _ _ _ _ _ _ _ _ _ _ _ \n\nself = &amp;lt;LogRecord: CommonUtilities.utilities, 20, D:\\Capstone_June_2025_Test_Automation_Framework\\CommonUtilities\\utilities.py, 159, &amp;quot;Expected data :&amp;quot;&amp;gt;\n\n    def getMessage(self):\n        &amp;quot;&amp;quot;&amp;quot;\n        Return the message for this LogRecord.\n    \n        Return the message for this LogRecord after merging any user-supplied\n        arguments with the message.\n        &amp;quot;&amp;quot;&amp;quot;\n        msg = str(self.msg)\n        if self.args:\n&amp;gt;           msg = msg % self.args\nE           TypeError: not all arguments converted during string formatting\n\nC:\\Python310\\lib\\logging\\__init__.py:368: TypeError\n\nDuring handling of the above exception, another exception occurred:\n\nconect_to_mysql_database = &amp;lt;sqlalchemy.engine.base.Connection object at 0x000002694214D3F0&amp;gt;\n\n    def test_DT_Router_Low_checks(conect_to_mysql_database):\n        try:\n            logger.info(&amp;quot;Test case for Router Low transfromaiton check has started..&amp;quot;)\n            query_expected =&amp;quot;&amp;quot;&amp;quot;select * from filtered_sales where region=&amp;#x27;Low&amp;#x27;&amp;quot;&amp;quot;&amp;quot;\n            query_actual = &amp;quot;&amp;quot;&amp;quot;select * from low_sales&amp;quot;&amp;quot;&amp;quot;\n            verify_expected_as_db_to_actual_as_db(conect_to_mysql_database, query_expected, conect_to_mysql_database, query_actual)\n            logger.info(&amp;quot;Test case for Router Low transfromaiton check has completed..&amp;quot;)\n        except Exception as e:\n            logger.error(&amp;quot;Test case for Router Low transfromaiton check caused problem..&amp;quot;)\n&amp;gt;           pytest.fail(&amp;quot;Test case for Router Low transfromaiton check has failed..&amp;quot;)\nE           Failed: Test case for Router Low transfromaiton check has failed..\n\nTestScripts\\test_DT_checks.py:56: Failed\n\n------------------------------ Captured log setup ------------------------------\nINFO     conftest:conftest.py:32 Mysql connection getting established...\nINFO     conftest:conftest.py:34 mysql connection has been established...\n\n----------------------------- Captured stderr call -----------------------------\n--- Logging error ---\nTraceback (most recent call last):\n  File &amp;quot;C:\\Python310\\lib\\logging\\__init__.py&amp;quot;, line 1098, in emit\n    msg = self.format(record)\n  File &amp;quot;C:\\Python310\\lib\\logging\\__init__.py&amp;quot;, line 942, in format\n    return fmt.format(record)\n  File &amp;quot;C:\\Python310\\lib\\logging\\__init__.py&amp;quot;, line 678, in format\n    record.message = record.getMessage()\n  File &amp;quot;C:\\Python310\\lib\\logging\\__init__.py&amp;quot;, line 368, in getMessage\n    msg = msg % self.args\nTypeError: not all arguments converted during string formatting\nCall stack:\n  File &amp;quot;C:\\Python310\\lib\\runpy.py&amp;quot;, line 196, in _run_module_as_main\n    return _run_code(code, main_globals, None,\n  File &amp;quot;C:\\Python310\\lib\\runpy.py&amp;quot;, line 86, in _run_code\n    exec(code, run_globals)\n  File &amp;quot;C:\\Python310\\Scripts\\pytest.exe\\__main__.py&amp;quot;, line 7, in &amp;lt;module&amp;gt;\n    sys.exit(console_main())\n  File &amp;quot;C:\\Python310\\lib\\site-packages\\_pytest\\config\\__init__.py&amp;quot;, line 201, in console_main\n    code = main()\n  File &amp;quot;C:\\Python310\\lib\\site-packages\\_pytest\\config\\__init__.py&amp;quot;, line 175, in main\n    ret: ExitCode | int = config.hook.pytest_cmdline_main(config=config)\n  File &amp;quot;C:\\Python310\\lib\\site-packages\\pluggy\\_hooks.py&amp;quot;, line 513, in __call__\n    return self._hookexec(self.name, self._hookimpls.copy(), kwargs, firstresult)\n  File &amp;quot;C:\\Python310\\lib\\site-packages\\pluggy\\_manager.py&amp;quot;, line 120, in _hookexec\n    return self._inner_hookexec(hook_name, methods, kwargs, firstresult)\n  File &amp;quot;C:\\Python310\\lib\\site-packages\\pluggy\\_callers.py&amp;quot;, line 103, in _multicall\n    res = hook_impl.function(*args)\n  File &amp;quot;C:\\Python310\\lib\\site-packages\\_pytest\\main.py&amp;quot;, line 330, in pytest_cmdline_main\n    return wrap_session(config, _main)\n  File &amp;quot;C:\\Python310\\lib\\site-packages\\_pytest\\main.py&amp;quot;, line 283, in wrap_session\n    session.exitstatus = doit(config, session) or 0\n  File &amp;quot;C:\\Python310\\lib\\site-packages\\_pytest\\main.py&amp;quot;, line 337, in _main\n    config.hook.pytest_runtestloop(session=session)\n  File &amp;quot;C:\\Python310\\lib\\site-packages\\pluggy\\_hooks.py&amp;quot;, line 513, in __call__\n    return self._hookexec(self.name, self._hookimpls.copy(), kwargs, firstresult)\n  File &amp;quot;C:\\Python310\\lib\\site-packages\\pluggy\\_manager.py&amp;quot;, line 120, in _hookexec\n    return self._inner_hookexec(hook_name, methods, kwargs, firstresult)\n  File &amp;quot;C:\\Python310\\lib\\site-packages\\pluggy\\_callers.py&amp;quot;, line 103, in _multicall\n    res = hook_impl.function(*args)\n  File &amp;quot;C:\\Python310\\lib\\site-packages\\_pytest\\main.py&amp;quot;, line 362, in pytest_runtestloop\n    item.config.hook.pytest_runtest_protocol(item=item, nextitem=nextitem)\n  File &amp;quot;C:\\Python310\\lib\\site-packages\\pluggy\\_hooks.py&amp;quot;, line 513, in __call__\n    return self._hookexec(self.name, self._hookimpls.copy(), kwargs, firstresult)\n  File &amp;quot;C:\\Python310\\lib\\site-packages\\pluggy\\_manager.py&amp;quot;, line 120, in _hookexec\n    return self._inner_hookexec(hook_name, methods, kwargs, firstresult)\n  File &amp;quot;C:\\Python310\\lib\\site-packages\\pluggy\\_callers.py&amp;quot;, line 103, in _multicall\n    res = hook_impl.function(*args)\n  File &amp;quot;C:\\Python310\\lib\\site-packages\\_pytest\\runner.py&amp;quot;, line 113, in pytest_runtest_protocol\n    runtestprotocol(item, nextitem=nextitem)\n  File &amp;quot;C:\\Python310\\lib\\site-packages\\_pytest\\runner.py&amp;quot;, line 132, in runtestprotocol\n    reports.append(call_and_report(item, &amp;quot;call&amp;quot;, log))\n  File &amp;quot;C:\\Python310\\lib\\site-packages\\_pytest\\runner.py&amp;quot;, line 241, in call_and_report\n    call = CallInfo.from_call(\n  File &amp;quot;C:\\Python310\\lib\\site-packages\\_pytest\\runner.py&amp;quot;, line 341, in from_call\n    result: TResult | None = func()\n  File &amp;quot;C:\\Python310\\lib\\site-packages\\_pytest\\runner.py&amp;quot;, line 242, in &amp;lt;lambda&amp;gt;\n    lambda: runtest_hook(item=item, **kwds), when=when, reraise=reraise\n  File &amp;quot;C:\\Python310\\lib\\site-packages\\pluggy\\_hooks.py&amp;quot;, line 513, in __call__\n    return self._hookexec(self.name, self._hookimpls.copy(), kwargs, firstresult)\n  File &amp;quot;C:\\Python310\\lib\\site-packages\\pluggy\\_manager.py&amp;quot;, line 120, in _hookexec\n    return self._inner_hookexec(hook_name, methods, kwargs, firstresult)\n  File &amp;quot;C:\\Python310\\lib\\site-packages\\pluggy\\_callers.py&amp;quot;, line 103, in _multicall\n    res = hook_impl.function(*args)\n  File &amp;quot;C:\\Python310\\lib\\site-packages\\_pytest\\runner.py&amp;quot;, line 174, in pytest_runtest_call\n    item.runtest()\n  File &amp;quot;C:\\Python310\\lib\\site-packages\\_pytest\\python.py&amp;quot;, line 1627, in runtest\n    self.ihook.pytest_pyfunc_call(pyfuncitem=self)\n  File &amp;quot;C:\\Python310\\lib\\site-packages\\pluggy\\_hooks.py&amp;quot;, line 513, in __call__\n    return self._hookexec(self.name, self._hookimpls.copy(), kwargs, firstresult)\n  File &amp;quot;C:\\Python310\\lib\\site-packages\\pluggy\\_manager.py&amp;quot;, line 120, in _hookexec\n    return self._inner_hookexec(hook_name, methods, kwargs, firstresult)\n  File &amp;quot;C:\\Python310\\lib\\site-packages\\pluggy\\_callers.py&amp;quot;, line 103, in _multicall\n    res = hook_impl.function(*args)\n  File &amp;quot;C:\\Python310\\lib\\site-packages\\_pytest\\python.py&amp;quot;, line 159, in pytest_pyfunc_call\n    result = testfunction(**testargs)\n  File &amp;quot;D:\\Capstone_June_2025_Test_Automation_Framework\\TestScripts\\test_DT_checks.py&amp;quot;, line 52, in test_DT_Router_Low_checks\n    verify_expected_as_db_to_actual_as_db(conect_to_mysql_database, query_expected, conect_to_mysql_database, query_actual)\n  File &amp;quot;D:\\Capstone_June_2025_Test_Automation_Framework\\CommonUtilities\\utilities.py&amp;quot;, line 159, in verify_expected_as_db_to_actual_as_db\n    logger.info(&amp;quot;Expected data :&amp;quot;,df_expected)\nMessage: &amp;#x27;Expected data :&amp;#x27;\nArguments: (   sales_id product_id store_id quantity price   sale_date region\n0        10        110        4        9  17.0  2024-09-10    Low\n1        12        102        5        9  27.0  2024-09-12    Low\n2        14        104        7        8  31.0  2024-09-14    Low\n3        16        106        5        5  23.0  2024-09-16    Low\n4        18        108        7        6  28.0  2024-09-18    Low\n5        20        110        9        9  19.5  2024-09-20    Low\n6        22        102        2        8  22.0  2024-09-22    Low\n7        24        104        4        6  25.0  2024-09-24    Low\n8        26        106        3        5  21.0  2024-09-26    Low\n9        28        108        5        6  27.0  2024-09-28    Low\n10       30        110        7        7  23.5  2024-09-30    Low\n11       32        102        5        6  29.0  2024-10-02    Low\n12       34        104        7        5  30.0  2024-10-04    Low\n13       36        106        5        3  25.0  2024-10-06    Low\n14       38        108        7        9  20.0  2024-10-08    Low\n15       40        110        9        6  26.0  2024-10-10    Low\n16       42        102        4        4  20.0  2024-10-12    Low\n17       44        104        6        7  28.0  2024-10-14    Low\n18       46        106        8        8  22.5  2024-10-16    Low\n19       48        108        1        3  27.0  2024-10-18    Low\n20       50        110        3       12  21.0  2024-10-20    Low\n21       60        110        4        9  17.0  2024-09-10    Low,)\n\n------------------------------ Captured log call -------------------------------\nINFO     TestScripts.test_DT_checks:test_DT_checks.py:49 Test case for Router Low transfromaiton check has started..\nERROR    TestScripts.test_DT_checks:test_DT_checks.py:55 Test case for Router Low transfromaiton check caused problem..\n\n---------------------------- Captured log teardown -----------------------------\nINFO     conftest:conftest.py:37 mysql connection has been closed...&#34;}], &#34;TestScripts/test_DT_checks.py::test_DT_Aggregator_sales_data_checks&#34;: [{&#34;extras&#34;: [], &#34;result&#34;: &#34;Failed&#34;, &#34;testId&#34;: &#34;TestScripts/test_DT_checks.py::test_DT_Aggregator_sales_data_checks&#34;, &#34;duration&#34;: &#34;72 ms&#34;, &#34;resultsTableRow&#34;: [&#34;&lt;td class=\&#34;col-result\&#34;&gt;Failed&lt;/td&gt;&#34;, &#34;&lt;td class=\&#34;col-testId\&#34;&gt;TestScripts/test_DT_checks.py::test_DT_Aggregator_sales_data_checks&lt;/td&gt;&#34;, &#34;&lt;td class=\&#34;col-duration\&#34;&gt;72 ms&lt;/td&gt;&#34;, &#34;&lt;td class=\&#34;col-links\&#34;&gt;&lt;/td&gt;&#34;], &#34;log&#34;: &#34;conect_to_mysql_database = &amp;lt;sqlalchemy.engine.base.Connection object at 0x00000269418C0C40&amp;gt;\n\n    def test_DT_Aggregator_sales_data_checks(conect_to_mysql_database):\n        try:\n            logger.info(&amp;quot;Test case for Aggregator - Sales transfromaiton check has started..&amp;quot;)\n            query_expected =&amp;quot;&amp;quot;&amp;quot;select product_id,month(sale_date) as month,year(sale_date) as year,sum(price*quantity) as total_sales from filtered_sales\n                    group by product_id,month(sale_date),year(sale_date) &amp;quot;&amp;quot;&amp;quot;\n            query_actual = &amp;quot;&amp;quot;&amp;quot;select * from monthly_sales_summary_source&amp;quot;&amp;quot;&amp;quot;\n&amp;gt;           verify_expected_as_db_to_actual_as_db(conect_to_mysql_database, query_expected, conect_to_mysql_database, query_actual)\n\nTestScripts\\test_DT_checks.py:65: \n_ _ _ _ _ _ _ _ _ _ _ _ _ _ _ _ _ _ _ _ _ _ _ _ _ _ _ _ _ _ _ _ _ _ _ _ _ _ _ _ _ _ _ _ _ _ _ _ _ _ _ _ _ _ _ _ _ _ _ _ _ _ _ _ _ _ \nCommonUtilities\\utilities.py:159: in verify_expected_as_db_to_actual_as_db\n    logger.info(&amp;quot;Expected data :&amp;quot;,df_expected)\nC:\\Python310\\lib\\logging\\__init__.py:1468: in info\n    self._log(INFO, msg, args, **kwargs)\nC:\\Python310\\lib\\logging\\__init__.py:1615: in _log\n    self.handle(record)\nC:\\Python310\\lib\\logging\\__init__.py:1625: in handle\n    self.callHandlers(record)\nC:\\Python310\\lib\\logging\\__init__.py:1687: in callHandlers\n    hdlr.handle(record)\nC:\\Python310\\lib\\logging\\__init__.py:967: in handle\n    self.emit(record)\nC:\\Python310\\lib\\site-packages\\_pytest\\logging.py:386: in emit\n    super().emit(record)\nC:\\Python310\\lib\\logging\\__init__.py:1106: in emit\n    self.handleError(record)\nC:\\Python310\\lib\\logging\\__init__.py:1098: in emit\n    msg = self.format(record)\nC:\\Python310\\lib\\logging\\__init__.py:942: in format\n    return fmt.format(record)\nC:\\Python310\\lib\\site-packages\\_pytest\\logging.py:139: in format\n    return super().format(record)\nC:\\Python310\\lib\\logging\\__init__.py:678: in format\n    record.message = record.getMessage()\n_ _ _ _ _ _ _ _ _ _ _ _ _ _ _ _ _ _ _ _ _ _ _ _ _ _ _ _ _ _ _ _ _ _ _ _ _ _ _ _ _ _ _ _ _ _ _ _ _ _ _ _ _ _ _ _ _ _ _ _ _ _ _ _ _ _ \n\nself = &amp;lt;LogRecord: CommonUtilities.utilities, 20, D:\\Capstone_June_2025_Test_Automation_Framework\\CommonUtilities\\utilities.py, 159, &amp;quot;Expected data :&amp;quot;&amp;gt;\n\n    def getMessage(self):\n        &amp;quot;&amp;quot;&amp;quot;\n        Return the message for this LogRecord.\n    \n        Return the message for this LogRecord after merging any user-supplied\n        arguments with the message.\n        &amp;quot;&amp;quot;&amp;quot;\n        msg = str(self.msg)\n        if self.args:\n&amp;gt;           msg = msg % self.args\nE           TypeError: not all arguments converted during string formatting\n\nC:\\Python310\\lib\\logging\\__init__.py:368: TypeError\n\nDuring handling of the above exception, another exception occurred:\n\nconect_to_mysql_database = &amp;lt;sqlalchemy.engine.base.Connection object at 0x00000269418C0C40&amp;gt;\n\n    def test_DT_Aggregator_sales_data_checks(conect_to_mysql_database):\n        try:\n            logger.info(&amp;quot;Test case for Aggregator - Sales transfromaiton check has started..&amp;quot;)\n            query_expected =&amp;quot;&amp;quot;&amp;quot;select product_id,month(sale_date) as month,year(sale_date) as year,sum(price*quantity) as total_sales from filtered_sales\n                    group by product_id,month(sale_date),year(sale_date) &amp;quot;&amp;quot;&amp;quot;\n            query_actual = &amp;quot;&amp;quot;&amp;quot;select * from monthly_sales_summary_source&amp;quot;&amp;quot;&amp;quot;\n            verify_expected_as_db_to_actual_as_db(conect_to_mysql_database, query_expected, conect_to_mysql_database, query_actual)\n            logger.info(&amp;quot;Test case for Aggregator - Sales transfromaiton check has completed..&amp;quot;)\n        except Exception as e:\n            logger.error(&amp;quot;Test case for Aggregator - Sales transfromaiton check caused problem..&amp;quot;)\n&amp;gt;           pytest.fail(&amp;quot;Test case for Aggregator - Sales transfromaiton check has failed..&amp;quot;)\nE           Failed: Test case for Aggregator - Sales transfromaiton check has failed..\n\nTestScripts\\test_DT_checks.py:69: Failed\n\n------------------------------ Captured log setup ------------------------------\nINFO     conftest:conftest.py:32 Mysql connection getting established...\nINFO     conftest:conftest.py:34 mysql connection has been established...\n\n----------------------------- Captured stderr call -----------------------------\n--- Logging error ---\nTraceback (most recent call last):\n  File &amp;quot;C:\\Python310\\lib\\logging\\__init__.py&amp;quot;, line 1098, in emit\n    msg = self.format(record)\n  File &amp;quot;C:\\Python310\\lib\\logging\\__init__.py&amp;quot;, line 942, in format\n    return fmt.format(record)\n  File &amp;quot;C:\\Python310\\lib\\logging\\__init__.py&amp;quot;, line 678, in format\n    record.message = record.getMessage()\n  File &amp;quot;C:\\Python310\\lib\\logging\\__init__.py&amp;quot;, line 368, in getMessage\n    msg = msg % self.args\nTypeError: not all arguments converted during string formatting\nCall stack:\n  File &amp;quot;C:\\Python310\\lib\\runpy.py&amp;quot;, line 196, in _run_module_as_main\n    return _run_code(code, main_globals, None,\n  File &amp;quot;C:\\Python310\\lib\\runpy.py&amp;quot;, line 86, in _run_code\n    exec(code, run_globals)\n  File &amp;quot;C:\\Python310\\Scripts\\pytest.exe\\__main__.py&amp;quot;, line 7, in &amp;lt;module&amp;gt;\n    sys.exit(console_main())\n  File &amp;quot;C:\\Python310\\lib\\site-packages\\_pytest\\config\\__init__.py&amp;quot;, line 201, in console_main\n    code = main()\n  File &amp;quot;C:\\Python310\\lib\\site-packages\\_pytest\\config\\__init__.py&amp;quot;, line 175, in main\n    ret: ExitCode | int = config.hook.pytest_cmdline_main(config=config)\n  File &amp;quot;C:\\Python310\\lib\\site-packages\\pluggy\\_hooks.py&amp;quot;, line 513, in __call__\n    return self._hookexec(self.name, self._hookimpls.copy(), kwargs, firstresult)\n  File &amp;quot;C:\\Python310\\lib\\site-packages\\pluggy\\_manager.py&amp;quot;, line 120, in _hookexec\n    return self._inner_hookexec(hook_name, methods, kwargs, firstresult)\n  File &amp;quot;C:\\Python310\\lib\\site-packages\\pluggy\\_callers.py&amp;quot;, line 103, in _multicall\n    res = hook_impl.function(*args)\n  File &amp;quot;C:\\Python310\\lib\\site-packages\\_pytest\\main.py&amp;quot;, line 330, in pytest_cmdline_main\n    return wrap_session(config, _main)\n  File &amp;quot;C:\\Python310\\lib\\site-packages\\_pytest\\main.py&amp;quot;, line 283, in wrap_session\n    session.exitstatus = doit(config, session) or 0\n  File &amp;quot;C:\\Python310\\lib\\site-packages\\_pytest\\main.py&amp;quot;, line 337, in _main\n    config.hook.pytest_runtestloop(session=session)\n  File &amp;quot;C:\\Python310\\lib\\site-packages\\pluggy\\_hooks.py&amp;quot;, line 513, in __call__\n    return self._hookexec(self.name, self._hookimpls.copy(), kwargs, firstresult)\n  File &amp;quot;C:\\Python310\\lib\\site-packages\\pluggy\\_manager.py&amp;quot;, line 120, in _hookexec\n    return self._inner_hookexec(hook_name, methods, kwargs, firstresult)\n  File &amp;quot;C:\\Python310\\lib\\site-packages\\pluggy\\_callers.py&amp;quot;, line 103, in _multicall\n    res = hook_impl.function(*args)\n  File &amp;quot;C:\\Python310\\lib\\site-packages\\_pytest\\main.py&amp;quot;, line 362, in pytest_runtestloop\n    item.config.hook.pytest_runtest_protocol(item=item, nextitem=nextitem)\n  File &amp;quot;C:\\Python310\\lib\\site-packages\\pluggy\\_hooks.py&amp;quot;, line 513, in __call__\n    return self._hookexec(self.name, self._hookimpls.copy(), kwargs, firstresult)\n  File &amp;quot;C:\\Python310\\lib\\site-packages\\pluggy\\_manager.py&amp;quot;, line 120, in _hookexec\n    return self._inner_hookexec(hook_name, methods, kwargs, firstresult)\n  File &amp;quot;C:\\Python310\\lib\\site-packages\\pluggy\\_callers.py&amp;quot;, line 103, in _multicall\n    res = hook_impl.function(*args)\n  File &amp;quot;C:\\Python310\\lib\\site-packages\\_pytest\\runner.py&amp;quot;, line 113, in pytest_runtest_protocol\n    runtestprotocol(item, nextitem=nextitem)\n  File &amp;quot;C:\\Python310\\lib\\site-packages\\_pytest\\runner.py&amp;quot;, line 132, in runtestprotocol\n    reports.append(call_and_report(item, &amp;quot;call&amp;quot;, log))\n  File &amp;quot;C:\\Python310\\lib\\site-packages\\_pytest\\runner.py&amp;quot;, line 241, in call_and_report\n    call = CallInfo.from_call(\n  File &amp;quot;C:\\Python310\\lib\\site-packages\\_pytest\\runner.py&amp;quot;, line 341, in from_call\n    result: TResult | None = func()\n  File &amp;quot;C:\\Python310\\lib\\site-packages\\_pytest\\runner.py&amp;quot;, line 242, in &amp;lt;lambda&amp;gt;\n    lambda: runtest_hook(item=item, **kwds), when=when, reraise=reraise\n  File &amp;quot;C:\\Python310\\lib\\site-packages\\pluggy\\_hooks.py&amp;quot;, line 513, in __call__\n    return self._hookexec(self.name, self._hookimpls.copy(), kwargs, firstresult)\n  File &amp;quot;C:\\Python310\\lib\\site-packages\\pluggy\\_manager.py&amp;quot;, line 120, in _hookexec\n    return self._inner_hookexec(hook_name, methods, kwargs, firstresult)\n  File &amp;quot;C:\\Python310\\lib\\site-packages\\pluggy\\_callers.py&amp;quot;, line 103, in _multicall\n    res = hook_impl.function(*args)\n  File &amp;quot;C:\\Python310\\lib\\site-packages\\_pytest\\runner.py&amp;quot;, line 174, in pytest_runtest_call\n    item.runtest()\n  File &amp;quot;C:\\Python310\\lib\\site-packages\\_pytest\\python.py&amp;quot;, line 1627, in runtest\n    self.ihook.pytest_pyfunc_call(pyfuncitem=self)\n  File &amp;quot;C:\\Python310\\lib\\site-packages\\pluggy\\_hooks.py&amp;quot;, line 513, in __call__\n    return self._hookexec(self.name, self._hookimpls.copy(), kwargs, firstresult)\n  File &amp;quot;C:\\Python310\\lib\\site-packages\\pluggy\\_manager.py&amp;quot;, line 120, in _hookexec\n    return self._inner_hookexec(hook_name, methods, kwargs, firstresult)\n  File &amp;quot;C:\\Python310\\lib\\site-packages\\pluggy\\_callers.py&amp;quot;, line 103, in _multicall\n    res = hook_impl.function(*args)\n  File &amp;quot;C:\\Python310\\lib\\site-packages\\_pytest\\python.py&amp;quot;, line 159, in pytest_pyfunc_call\n    result = testfunction(**testargs)\n  File &amp;quot;D:\\Capstone_June_2025_Test_Automation_Framework\\TestScripts\\test_DT_checks.py&amp;quot;, line 65, in test_DT_Aggregator_sales_data_checks\n    verify_expected_as_db_to_actual_as_db(conect_to_mysql_database, query_expected, conect_to_mysql_database, query_actual)\n  File &amp;quot;D:\\Capstone_June_2025_Test_Automation_Framework\\CommonUtilities\\utilities.py&amp;quot;, line 159, in verify_expected_as_db_to_actual_as_db\n    logger.info(&amp;quot;Expected data :&amp;quot;,df_expected)\nMessage: &amp;#x27;Expected data :&amp;#x27;\nArguments: (   product_id month  year total_sales\n0         110     9  2024       646.0\n1         101     9  2024       427.0\n2         102     9  2024       419.0\n3         103     9  2024       346.0\n4         104     9  2024       398.0\n5         105     9  2024       294.0\n6         106     9  2024       220.0\n7         107     9  2024       268.0\n8         108     9  2024       330.0\n9         109     9  2024       436.0\n10        101    10  2024       263.5\n11        102    10  2024       254.0\n12        103    10  2024       339.0\n13        104    10  2024       346.0\n14        105    10  2024       355.0\n15        106    10  2024       255.0\n16        107    10  2024       360.0\n17        108    10  2024       261.0\n18        109    10  2024       423.5\n19        110    10  2024       408.0,)\n\n------------------------------ Captured log call -------------------------------\nINFO     TestScripts.test_DT_checks:test_DT_checks.py:61 Test case for Aggregator - Sales transfromaiton check has started..\nERROR    TestScripts.test_DT_checks:test_DT_checks.py:68 Test case for Aggregator - Sales transfromaiton check caused problem..\n\n---------------------------- Captured log teardown -----------------------------\nINFO     conftest:conftest.py:37 mysql connection has been closed...&#34;}], &#34;TestScripts/test_DT_checks.py::test_DT_Joiner_sales_product_stores_checks&#34;: [{&#34;extras&#34;: [], &#34;result&#34;: &#34;Failed&#34;, &#34;testId&#34;: &#34;TestScripts/test_DT_checks.py::test_DT_Joiner_sales_product_stores_checks&#34;, &#34;duration&#34;: &#34;78 ms&#34;, &#34;resultsTableRow&#34;: [&#34;&lt;td class=\&#34;col-result\&#34;&gt;Failed&lt;/td&gt;&#34;, &#34;&lt;td class=\&#34;col-testId\&#34;&gt;TestScripts/test_DT_checks.py::test_DT_Joiner_sales_product_stores_checks&lt;/td&gt;&#34;, &#34;&lt;td class=\&#34;col-duration\&#34;&gt;78 ms&lt;/td&gt;&#34;, &#34;&lt;td class=\&#34;col-links\&#34;&gt;&lt;/td&gt;&#34;], &#34;log&#34;: &#34;conect_to_mysql_database = &amp;lt;sqlalchemy.engine.base.Connection object at 0x000002694214D330&amp;gt;\n\n    def test_DT_Joiner_sales_product_stores_checks(conect_to_mysql_database):\n        try:\n            logger.info(&amp;quot;Test case for Joiner_sales_product_stores transfromaiton check has started..&amp;quot;)\n            query_expected =&amp;quot;&amp;quot;&amp;quot;select fs.sales_id,fs.quantity,fs.price,fs.quantity*fs.price as total_sales_amount,fs.sale_date,\n                    p.product_id,p.product_name,\n                    s.store_id,s.store_name\n                    from filtered_sales as fs\n                    inner join stag_product as p on fs.product_id = p.product_id\n                    inner join stag_stores as s on s.store_id = fs.store_id&amp;quot;&amp;quot;&amp;quot;\n    \n            query_actual = &amp;quot;&amp;quot;&amp;quot;select * from sales_with_details&amp;quot;&amp;quot;&amp;quot;\n&amp;gt;           verify_expected_as_db_to_actual_as_db(conect_to_mysql_database, query_expected, conect_to_mysql_database, query_actual)\n\nTestScripts\\test_DT_checks.py:83: \n_ _ _ _ _ _ _ _ _ _ _ _ _ _ _ _ _ _ _ _ _ _ _ _ _ _ _ _ _ _ _ _ _ _ _ _ _ _ _ _ _ _ _ _ _ _ _ _ _ _ _ _ _ _ _ _ _ _ _ _ _ _ _ _ _ _ \nCommonUtilities\\utilities.py:159: in verify_expected_as_db_to_actual_as_db\n    logger.info(&amp;quot;Expected data :&amp;quot;,df_expected)\nC:\\Python310\\lib\\logging\\__init__.py:1468: in info\n    self._log(INFO, msg, args, **kwargs)\nC:\\Python310\\lib\\logging\\__init__.py:1615: in _log\n    self.handle(record)\nC:\\Python310\\lib\\logging\\__init__.py:1625: in handle\n    self.callHandlers(record)\nC:\\Python310\\lib\\logging\\__init__.py:1687: in callHandlers\n    hdlr.handle(record)\nC:\\Python310\\lib\\logging\\__init__.py:967: in handle\n    self.emit(record)\nC:\\Python310\\lib\\site-packages\\_pytest\\logging.py:386: in emit\n    super().emit(record)\nC:\\Python310\\lib\\logging\\__init__.py:1106: in emit\n    self.handleError(record)\nC:\\Python310\\lib\\logging\\__init__.py:1098: in emit\n    msg = self.format(record)\nC:\\Python310\\lib\\logging\\__init__.py:942: in format\n    return fmt.format(record)\nC:\\Python310\\lib\\site-packages\\_pytest\\logging.py:139: in format\n    return super().format(record)\nC:\\Python310\\lib\\logging\\__init__.py:678: in format\n    record.message = record.getMessage()\n_ _ _ _ _ _ _ _ _ _ _ _ _ _ _ _ _ _ _ _ _ _ _ _ _ _ _ _ _ _ _ _ _ _ _ _ _ _ _ _ _ _ _ _ _ _ _ _ _ _ _ _ _ _ _ _ _ _ _ _ _ _ _ _ _ _ \n\nself = &amp;lt;LogRecord: CommonUtilities.utilities, 20, D:\\Capstone_June_2025_Test_Automation_Framework\\CommonUtilities\\utilities.py, 159, &amp;quot;Expected data :&amp;quot;&amp;gt;\n\n    def getMessage(self):\n        &amp;quot;&amp;quot;&amp;quot;\n        Return the message for this LogRecord.\n    \n        Return the message for this LogRecord after merging any user-supplied\n        arguments with the message.\n        &amp;quot;&amp;quot;&amp;quot;\n        msg = str(self.msg)\n        if self.args:\n&amp;gt;           msg = msg % self.args\nE           TypeError: not all arguments converted during string formatting\n\nC:\\Python310\\lib\\logging\\__init__.py:368: TypeError\n\nDuring handling of the above exception, another exception occurred:\n\nconect_to_mysql_database = &amp;lt;sqlalchemy.engine.base.Connection object at 0x000002694214D330&amp;gt;\n\n    def test_DT_Joiner_sales_product_stores_checks(conect_to_mysql_database):\n        try:\n            logger.info(&amp;quot;Test case for Joiner_sales_product_stores transfromaiton check has started..&amp;quot;)\n            query_expected =&amp;quot;&amp;quot;&amp;quot;select fs.sales_id,fs.quantity,fs.price,fs.quantity*fs.price as total_sales_amount,fs.sale_date,\n                    p.product_id,p.product_name,\n                    s.store_id,s.store_name\n                    from filtered_sales as fs\n                    inner join stag_product as p on fs.product_id = p.product_id\n                    inner join stag_stores as s on s.store_id = fs.store_id&amp;quot;&amp;quot;&amp;quot;\n    \n            query_actual = &amp;quot;&amp;quot;&amp;quot;select * from sales_with_details&amp;quot;&amp;quot;&amp;quot;\n            verify_expected_as_db_to_actual_as_db(conect_to_mysql_database, query_expected, conect_to_mysql_database, query_actual)\n            logger.info(&amp;quot;Test case for Joiner_sales_product_stores transfromaiton check has completed..&amp;quot;)\n        except Exception as e:\n            logger.error(&amp;quot;Test case for Joiner_sales_product_stores transfromaiton check caused problem..&amp;quot;)\n&amp;gt;           pytest.fail(&amp;quot;Test case for Joiner_sales_product_stores transfromaiton check has failed..&amp;quot;)\nE           Failed: Test case for Joiner_sales_product_stores transfromaiton check has failed..\n\nTestScripts\\test_DT_checks.py:87: Failed\n\n------------------------------ Captured log setup ------------------------------\nINFO     conftest:conftest.py:32 Mysql connection getting established...\nINFO     conftest:conftest.py:34 mysql connection has been established...\n\n----------------------------- Captured stderr call -----------------------------\n--- Logging error ---\nTraceback (most recent call last):\n  File &amp;quot;C:\\Python310\\lib\\logging\\__init__.py&amp;quot;, line 1098, in emit\n    msg = self.format(record)\n  File &amp;quot;C:\\Python310\\lib\\logging\\__init__.py&amp;quot;, line 942, in format\n    return fmt.format(record)\n  File &amp;quot;C:\\Python310\\lib\\logging\\__init__.py&amp;quot;, line 678, in format\n    record.message = record.getMessage()\n  File &amp;quot;C:\\Python310\\lib\\logging\\__init__.py&amp;quot;, line 368, in getMessage\n    msg = msg % self.args\nTypeError: not all arguments converted during string formatting\nCall stack:\n  File &amp;quot;C:\\Python310\\lib\\runpy.py&amp;quot;, line 196, in _run_module_as_main\n    return _run_code(code, main_globals, None,\n  File &amp;quot;C:\\Python310\\lib\\runpy.py&amp;quot;, line 86, in _run_code\n    exec(code, run_globals)\n  File &amp;quot;C:\\Python310\\Scripts\\pytest.exe\\__main__.py&amp;quot;, line 7, in &amp;lt;module&amp;gt;\n    sys.exit(console_main())\n  File &amp;quot;C:\\Python310\\lib\\site-packages\\_pytest\\config\\__init__.py&amp;quot;, line 201, in console_main\n    code = main()\n  File &amp;quot;C:\\Python310\\lib\\site-packages\\_pytest\\config\\__init__.py&amp;quot;, line 175, in main\n    ret: ExitCode | int = config.hook.pytest_cmdline_main(config=config)\n  File &amp;quot;C:\\Python310\\lib\\site-packages\\pluggy\\_hooks.py&amp;quot;, line 513, in __call__\n    return self._hookexec(self.name, self._hookimpls.copy(), kwargs, firstresult)\n  File &amp;quot;C:\\Python310\\lib\\site-packages\\pluggy\\_manager.py&amp;quot;, line 120, in _hookexec\n    return self._inner_hookexec(hook_name, methods, kwargs, firstresult)\n  File &amp;quot;C:\\Python310\\lib\\site-packages\\pluggy\\_callers.py&amp;quot;, line 103, in _multicall\n    res = hook_impl.function(*args)\n  File &amp;quot;C:\\Python310\\lib\\site-packages\\_pytest\\main.py&amp;quot;, line 330, in pytest_cmdline_main\n    return wrap_session(config, _main)\n  File &amp;quot;C:\\Python310\\lib\\site-packages\\_pytest\\main.py&amp;quot;, line 283, in wrap_session\n    session.exitstatus = doit(config, session) or 0\n  File &amp;quot;C:\\Python310\\lib\\site-packages\\_pytest\\main.py&amp;quot;, line 337, in _main\n    config.hook.pytest_runtestloop(session=session)\n  File &amp;quot;C:\\Python310\\lib\\site-packages\\pluggy\\_hooks.py&amp;quot;, line 513, in __call__\n    return self._hookexec(self.name, self._hookimpls.copy(), kwargs, firstresult)\n  File &amp;quot;C:\\Python310\\lib\\site-packages\\pluggy\\_manager.py&amp;quot;, line 120, in _hookexec\n    return self._inner_hookexec(hook_name, methods, kwargs, firstresult)\n  File &amp;quot;C:\\Python310\\lib\\site-packages\\pluggy\\_callers.py&amp;quot;, line 103, in _multicall\n    res = hook_impl.function(*args)\n  File &amp;quot;C:\\Python310\\lib\\site-packages\\_pytest\\main.py&amp;quot;, line 362, in pytest_runtestloop\n    item.config.hook.pytest_runtest_protocol(item=item, nextitem=nextitem)\n  File &amp;quot;C:\\Python310\\lib\\site-packages\\pluggy\\_hooks.py&amp;quot;, line 513, in __call__\n    return self._hookexec(self.name, self._hookimpls.copy(), kwargs, firstresult)\n  File &amp;quot;C:\\Python310\\lib\\site-packages\\pluggy\\_manager.py&amp;quot;, line 120, in _hookexec\n    return self._inner_hookexec(hook_name, methods, kwargs, firstresult)\n  File &amp;quot;C:\\Python310\\lib\\site-packages\\pluggy\\_callers.py&amp;quot;, line 103, in _multicall\n    res = hook_impl.function(*args)\n  File &amp;quot;C:\\Python310\\lib\\site-packages\\_pytest\\runner.py&amp;quot;, line 113, in pytest_runtest_protocol\n    runtestprotocol(item, nextitem=nextitem)\n  File &amp;quot;C:\\Python310\\lib\\site-packages\\_pytest\\runner.py&amp;quot;, line 132, in runtestprotocol\n    reports.append(call_and_report(item, &amp;quot;call&amp;quot;, log))\n  File &amp;quot;C:\\Python310\\lib\\site-packages\\_pytest\\runner.py&amp;quot;, line 241, in call_and_report\n    call = CallInfo.from_call(\n  File &amp;quot;C:\\Python310\\lib\\site-packages\\_pytest\\runner.py&amp;quot;, line 341, in from_call\n    result: TResult | None = func()\n  File &amp;quot;C:\\Python310\\lib\\site-packages\\_pytest\\runner.py&amp;quot;, line 242, in &amp;lt;lambda&amp;gt;\n    lambda: runtest_hook(item=item, **kwds), when=when, reraise=reraise\n  File &amp;quot;C:\\Python310\\lib\\site-packages\\pluggy\\_hooks.py&amp;quot;, line 513, in __call__\n    return self._hookexec(self.name, self._hookimpls.copy(), kwargs, firstresult)\n  File &amp;quot;C:\\Python310\\lib\\site-packages\\pluggy\\_manager.py&amp;quot;, line 120, in _hookexec\n    return self._inner_hookexec(hook_name, methods, kwargs, firstresult)\n  File &amp;quot;C:\\Python310\\lib\\site-packages\\pluggy\\_callers.py&amp;quot;, line 103, in _multicall\n    res = hook_impl.function(*args)\n  File &amp;quot;C:\\Python310\\lib\\site-packages\\_pytest\\runner.py&amp;quot;, line 174, in pytest_runtest_call\n    item.runtest()\n  File &amp;quot;C:\\Python310\\lib\\site-packages\\_pytest\\python.py&amp;quot;, line 1627, in runtest\n    self.ihook.pytest_pyfunc_call(pyfuncitem=self)\n  File &amp;quot;C:\\Python310\\lib\\site-packages\\pluggy\\_hooks.py&amp;quot;, line 513, in __call__\n    return self._hookexec(self.name, self._hookimpls.copy(), kwargs, firstresult)\n  File &amp;quot;C:\\Python310\\lib\\site-packages\\pluggy\\_manager.py&amp;quot;, line 120, in _hookexec\n    return self._inner_hookexec(hook_name, methods, kwargs, firstresult)\n  File &amp;quot;C:\\Python310\\lib\\site-packages\\pluggy\\_callers.py&amp;quot;, line 103, in _multicall\n    res = hook_impl.function(*args)\n  File &amp;quot;C:\\Python310\\lib\\site-packages\\_pytest\\python.py&amp;quot;, line 159, in pytest_pyfunc_call\n    result = testfunction(**testargs)\n  File &amp;quot;D:\\Capstone_June_2025_Test_Automation_Framework\\TestScripts\\test_DT_checks.py&amp;quot;, line 83, in test_DT_Joiner_sales_product_stores_checks\n    verify_expected_as_db_to_actual_as_db(conect_to_mysql_database, query_expected, conect_to_mysql_database, query_actual)\n  File &amp;quot;D:\\Capstone_June_2025_Test_Automation_Framework\\CommonUtilities\\utilities.py&amp;quot;, line 159, in verify_expected_as_db_to_actual_as_db\n    logger.info(&amp;quot;Expected data :&amp;quot;,df_expected)\nMessage: &amp;#x27;Expected data :&amp;#x27;\nArguments: (   sales_id quantity price  ...        product_name store_id   store_name\n0        48        3  27.0  ...    Philips Hue Bulb        1      Walmart\n1        27       10  19.0  ...      Samsung 55&amp;quot; TV        1      Walmart\n2        21       14  15.5  ...           iPhone 15        1      Walmart\n3        49       11  18.5  ...     Fitbit Charge 5        2       Target\n4        25       12  13.5  ...     Sony WH-1000XM5        2       Target\n5        22        8  22.0  ...  Samsung Galaxy S23        2       Target\n6        50       12  21.0  ...   Kindle Paperwhite        3     Best Buy\n7        41        5  15.0  ...           iPhone 15        3     Best Buy\n8        26        5  21.0  ...       Nike Air Zoom        3     Best Buy\n9        23        7  18.0  ...         Dell XPS 13        3     Best Buy\n10       60        9  17.0  ...   Kindle Paperwhite        4       Costco\n11       42        4  20.0  ...  Samsung Galaxy S23        4       Costco\n12       35        7  15.0  ...     Sony WH-1000XM5        4       Costco\n13       31       13  14.5  ...           iPhone 15        4       Costco\n14       24        6  25.0  ...      MacBook Pro 14        4       Costco\n15       15       12  11.0  ...     Sony WH-1000XM5        4       Costco\n16       11       15  14.0  ...           iPhone 15        4       Costco\n17       10        9  17.0  ...   Kindle Paperwhite        4       Costco\n18       43        9  19.0  ...         Dell XPS 13        5   Home Depot\n19       36        3  25.0  ...       Nike Air Zoom        5   Home Depot\n20       32        6  29.0  ...  Samsung Galaxy S23        5   Home Depot\n21       28        6  27.0  ...    Philips Hue Bulb        5   Home Depot\n22       16        5  23.0  ...       Nike Air Zoom        5   Home Depot\n23       12        9  27.0  ...  Samsung Galaxy S23        5   Home Depot\n24       44        7  28.0  ...      MacBook Pro 14        6       Lowe&amp;#x27;s\n25       37       12  18.0  ...      Samsung 55&amp;quot; TV        6       Lowe&amp;#x27;s\n26       33        8  21.0  ...         Dell XPS 13        6       Lowe&amp;#x27;s\n27       29        9  24.0  ...     Fitbit Charge 5        6       Lowe&amp;#x27;s\n28       17        3  26.0  ...      Samsung 55&amp;quot; TV        6       Lowe&amp;#x27;s\n29       13       10  22.0  ...         Dell XPS 13        6       Lowe&amp;#x27;s\n30       45       10  25.0  ...     Sony WH-1000XM5        7  Apple Store\n31       38        9  20.0  ...    Philips Hue Bulb        7  Apple Store\n32       34        5  30.0  ...      MacBook Pro 14        7  Apple Store\n33       30        7  23.5  ...   Kindle Paperwhite        7  Apple Store\n34       18        6  28.0  ...    Philips Hue Bulb        7  Apple Store\n35       14        8  31.0  ...      MacBook Pro 14        7  Apple Store\n36       46        8  22.5  ...       Nike Air Zoom        8         IKEA\n37       39       10  22.0  ...     Fitbit Charge 5        8         IKEA\n38       19       11  20.0  ...     Fitbit Charge 5        8         IKEA\n39       47        6  24.0  ...      Samsung 55&amp;quot; TV        9    Walgreens\n40       40        6  26.0  ...   Kindle Paperwhite        9    Walgreens\n41       20        9  19.5  ...   Kindle Paperwhite        9    Walgreens\n\n[42 rows x 9 columns],)\n\n------------------------------ Captured log call -------------------------------\nINFO     TestScripts.test_DT_checks:test_DT_checks.py:74 Test case for Joiner_sales_product_stores transfromaiton check has started..\nERROR    TestScripts.test_DT_checks:test_DT_checks.py:86 Test case for Joiner_sales_product_stores transfromaiton check caused problem..\n\n---------------------------- Captured log teardown -----------------------------\nINFO     conftest:conftest.py:37 mysql connection has been closed...&#34;}], &#34;TestScripts/test_DT_checks.py::test_DT_Aggregator_Inventory_data_checks&#34;: [{&#34;extras&#34;: [], &#34;result&#34;: &#34;Failed&#34;, &#34;testId&#34;: &#34;TestScripts/test_DT_checks.py::test_DT_Aggregator_Inventory_data_checks&#34;, &#34;duration&#34;: &#34;34 ms&#34;, &#34;resultsTableRow&#34;: [&#34;&lt;td class=\&#34;col-result\&#34;&gt;Failed&lt;/td&gt;&#34;, &#34;&lt;td class=\&#34;col-testId\&#34;&gt;TestScripts/test_DT_checks.py::test_DT_Aggregator_Inventory_data_checks&lt;/td&gt;&#34;, &#34;&lt;td class=\&#34;col-duration\&#34;&gt;34 ms&lt;/td&gt;&#34;, &#34;&lt;td class=\&#34;col-links\&#34;&gt;&lt;/td&gt;&#34;], &#34;log&#34;: &#34;conect_to_mysql_database = &amp;lt;sqlalchemy.engine.base.Connection object at 0x000002694218CBB0&amp;gt;\n\n    def test_DT_Aggregator_Inventory_data_checks(conect_to_mysql_database):\n        try:\n            logger.info(&amp;quot;Test case for Aggregator - Inventory transfromaiton check has started..&amp;quot;)\n            query_expected =&amp;quot;&amp;quot;&amp;quot;select store_id, sum(quantity_on_hand) as total_inventory from stag_inventory group by store_id &amp;quot;&amp;quot;&amp;quot;\n            query_actual = &amp;quot;&amp;quot;&amp;quot;select * from aggregated_inventory_level&amp;quot;&amp;quot;&amp;quot;\n&amp;gt;           verify_expected_as_db_to_actual_as_db(conect_to_mysql_database, query_expected, conect_to_mysql_database, query_actual)\n\nTestScripts\\test_DT_checks.py:94: \n_ _ _ _ _ _ _ _ _ _ _ _ _ _ _ _ _ _ _ _ _ _ _ _ _ _ _ _ _ _ _ _ _ _ _ _ _ _ _ _ _ _ _ _ _ _ _ _ _ _ _ _ _ _ _ _ _ _ _ _ _ _ _ _ _ _ \nCommonUtilities\\utilities.py:159: in verify_expected_as_db_to_actual_as_db\n    logger.info(&amp;quot;Expected data :&amp;quot;,df_expected)\nC:\\Python310\\lib\\logging\\__init__.py:1468: in info\n    self._log(INFO, msg, args, **kwargs)\nC:\\Python310\\lib\\logging\\__init__.py:1615: in _log\n    self.handle(record)\nC:\\Python310\\lib\\logging\\__init__.py:1625: in handle\n    self.callHandlers(record)\nC:\\Python310\\lib\\logging\\__init__.py:1687: in callHandlers\n    hdlr.handle(record)\nC:\\Python310\\lib\\logging\\__init__.py:967: in handle\n    self.emit(record)\nC:\\Python310\\lib\\site-packages\\_pytest\\logging.py:386: in emit\n    super().emit(record)\nC:\\Python310\\lib\\logging\\__init__.py:1106: in emit\n    self.handleError(record)\nC:\\Python310\\lib\\logging\\__init__.py:1098: in emit\n    msg = self.format(record)\nC:\\Python310\\lib\\logging\\__init__.py:942: in format\n    return fmt.format(record)\nC:\\Python310\\lib\\site-packages\\_pytest\\logging.py:139: in format\n    return super().format(record)\nC:\\Python310\\lib\\logging\\__init__.py:678: in format\n    record.message = record.getMessage()\n_ _ _ _ _ _ _ _ _ _ _ _ _ _ _ _ _ _ _ _ _ _ _ _ _ _ _ _ _ _ _ _ _ _ _ _ _ _ _ _ _ _ _ _ _ _ _ _ _ _ _ _ _ _ _ _ _ _ _ _ _ _ _ _ _ _ \n\nself = &amp;lt;LogRecord: CommonUtilities.utilities, 20, D:\\Capstone_June_2025_Test_Automation_Framework\\CommonUtilities\\utilities.py, 159, &amp;quot;Expected data :&amp;quot;&amp;gt;\n\n    def getMessage(self):\n        &amp;quot;&amp;quot;&amp;quot;\n        Return the message for this LogRecord.\n    \n        Return the message for this LogRecord after merging any user-supplied\n        arguments with the message.\n        &amp;quot;&amp;quot;&amp;quot;\n        msg = str(self.msg)\n        if self.args:\n&amp;gt;           msg = msg % self.args\nE           TypeError: not all arguments converted during string formatting\n\nC:\\Python310\\lib\\logging\\__init__.py:368: TypeError\n\nDuring handling of the above exception, another exception occurred:\n\nconect_to_mysql_database = &amp;lt;sqlalchemy.engine.base.Connection object at 0x000002694218CBB0&amp;gt;\n\n    def test_DT_Aggregator_Inventory_data_checks(conect_to_mysql_database):\n        try:\n            logger.info(&amp;quot;Test case for Aggregator - Inventory transfromaiton check has started..&amp;quot;)\n            query_expected =&amp;quot;&amp;quot;&amp;quot;select store_id, sum(quantity_on_hand) as total_inventory from stag_inventory group by store_id &amp;quot;&amp;quot;&amp;quot;\n            query_actual = &amp;quot;&amp;quot;&amp;quot;select * from aggregated_inventory_level&amp;quot;&amp;quot;&amp;quot;\n            verify_expected_as_db_to_actual_as_db(conect_to_mysql_database, query_expected, conect_to_mysql_database, query_actual)\n            logger.info(&amp;quot;Test case for Aggregator - Inventory transfromaiton check has completed..&amp;quot;)\n        except Exception as e:\n            logger.error(&amp;quot;Test case for Aggregator - Inventory transfromaiton check caused problem..&amp;quot;)\n&amp;gt;           pytest.fail(&amp;quot;Test case for Aggregator - Inventory transfromaiton check has failed..&amp;quot;)\nE           Failed: Test case for Aggregator - Inventory transfromaiton check has failed..\n\nTestScripts\\test_DT_checks.py:98: Failed\n\n------------------------------ Captured log setup ------------------------------\nINFO     conftest:conftest.py:32 Mysql connection getting established...\nINFO     conftest:conftest.py:34 mysql connection has been established...\n\n----------------------------- Captured stderr call -----------------------------\n--- Logging error ---\nTraceback (most recent call last):\n  File &amp;quot;C:\\Python310\\lib\\logging\\__init__.py&amp;quot;, line 1098, in emit\n    msg = self.format(record)\n  File &amp;quot;C:\\Python310\\lib\\logging\\__init__.py&amp;quot;, line 942, in format\n    return fmt.format(record)\n  File &amp;quot;C:\\Python310\\lib\\logging\\__init__.py&amp;quot;, line 678, in format\n    record.message = record.getMessage()\n  File &amp;quot;C:\\Python310\\lib\\logging\\__init__.py&amp;quot;, line 368, in getMessage\n    msg = msg % self.args\nTypeError: not all arguments converted during string formatting\nCall stack:\n  File &amp;quot;C:\\Python310\\lib\\runpy.py&amp;quot;, line 196, in _run_module_as_main\n    return _run_code(code, main_globals, None,\n  File &amp;quot;C:\\Python310\\lib\\runpy.py&amp;quot;, line 86, in _run_code\n    exec(code, run_globals)\n  File &amp;quot;C:\\Python310\\Scripts\\pytest.exe\\__main__.py&amp;quot;, line 7, in &amp;lt;module&amp;gt;\n    sys.exit(console_main())\n  File &amp;quot;C:\\Python310\\lib\\site-packages\\_pytest\\config\\__init__.py&amp;quot;, line 201, in console_main\n    code = main()\n  File &amp;quot;C:\\Python310\\lib\\site-packages\\_pytest\\config\\__init__.py&amp;quot;, line 175, in main\n    ret: ExitCode | int = config.hook.pytest_cmdline_main(config=config)\n  File &amp;quot;C:\\Python310\\lib\\site-packages\\pluggy\\_hooks.py&amp;quot;, line 513, in __call__\n    return self._hookexec(self.name, self._hookimpls.copy(), kwargs, firstresult)\n  File &amp;quot;C:\\Python310\\lib\\site-packages\\pluggy\\_manager.py&amp;quot;, line 120, in _hookexec\n    return self._inner_hookexec(hook_name, methods, kwargs, firstresult)\n  File &amp;quot;C:\\Python310\\lib\\site-packages\\pluggy\\_callers.py&amp;quot;, line 103, in _multicall\n    res = hook_impl.function(*args)\n  File &amp;quot;C:\\Python310\\lib\\site-packages\\_pytest\\main.py&amp;quot;, line 330, in pytest_cmdline_main\n    return wrap_session(config, _main)\n  File &amp;quot;C:\\Python310\\lib\\site-packages\\_pytest\\main.py&amp;quot;, line 283, in wrap_session\n    session.exitstatus = doit(config, session) or 0\n  File &amp;quot;C:\\Python310\\lib\\site-packages\\_pytest\\main.py&amp;quot;, line 337, in _main\n    config.hook.pytest_runtestloop(session=session)\n  File &amp;quot;C:\\Python310\\lib\\site-packages\\pluggy\\_hooks.py&amp;quot;, line 513, in __call__\n    return self._hookexec(self.name, self._hookimpls.copy(), kwargs, firstresult)\n  File &amp;quot;C:\\Python310\\lib\\site-packages\\pluggy\\_manager.py&amp;quot;, line 120, in _hookexec\n    return self._inner_hookexec(hook_name, methods, kwargs, firstresult)\n  File &amp;quot;C:\\Python310\\lib\\site-packages\\pluggy\\_callers.py&amp;quot;, line 103, in _multicall\n    res = hook_impl.function(*args)\n  File &amp;quot;C:\\Python310\\lib\\site-packages\\_pytest\\main.py&amp;quot;, line 362, in pytest_runtestloop\n    item.config.hook.pytest_runtest_protocol(item=item, nextitem=nextitem)\n  File &amp;quot;C:\\Python310\\lib\\site-packages\\pluggy\\_hooks.py&amp;quot;, line 513, in __call__\n    return self._hookexec(self.name, self._hookimpls.copy(), kwargs, firstresult)\n  File &amp;quot;C:\\Python310\\lib\\site-packages\\pluggy\\_manager.py&amp;quot;, line 120, in _hookexec\n    return self._inner_hookexec(hook_name, methods, kwargs, firstresult)\n  File &amp;quot;C:\\Python310\\lib\\site-packages\\pluggy\\_callers.py&amp;quot;, line 103, in _multicall\n    res = hook_impl.function(*args)\n  File &amp;quot;C:\\Python310\\lib\\site-packages\\_pytest\\runner.py&amp;quot;, line 113, in pytest_runtest_protocol\n    runtestprotocol(item, nextitem=nextitem)\n  File &amp;quot;C:\\Python310\\lib\\site-packages\\_pytest\\runner.py&amp;quot;, line 132, in runtestprotocol\n    reports.append(call_and_report(item, &amp;quot;call&amp;quot;, log))\n  File &amp;quot;C:\\Python310\\lib\\site-packages\\_pytest\\runner.py&amp;quot;, line 241, in call_and_report\n    call = CallInfo.from_call(\n  File &amp;quot;C:\\Python310\\lib\\site-packages\\_pytest\\runner.py&amp;quot;, line 341, in from_call\n    result: TResult | None = func()\n  File &amp;quot;C:\\Python310\\lib\\site-packages\\_pytest\\runner.py&amp;quot;, line 242, in &amp;lt;lambda&amp;gt;\n    lambda: runtest_hook(item=item, **kwds), when=when, reraise=reraise\n  File &amp;quot;C:\\Python310\\lib\\site-packages\\pluggy\\_hooks.py&amp;quot;, line 513, in __call__\n    return self._hookexec(self.name, self._hookimpls.copy(), kwargs, firstresult)\n  File &amp;quot;C:\\Python310\\lib\\site-packages\\pluggy\\_manager.py&amp;quot;, line 120, in _hookexec\n    return self._inner_hookexec(hook_name, methods, kwargs, firstresult)\n  File &amp;quot;C:\\Python310\\lib\\site-packages\\pluggy\\_callers.py&amp;quot;, line 103, in _multicall\n    res = hook_impl.function(*args)\n  File &amp;quot;C:\\Python310\\lib\\site-packages\\_pytest\\runner.py&amp;quot;, line 174, in pytest_runtest_call\n    item.runtest()\n  File &amp;quot;C:\\Python310\\lib\\site-packages\\_pytest\\python.py&amp;quot;, line 1627, in runtest\n    self.ihook.pytest_pyfunc_call(pyfuncitem=self)\n  File &amp;quot;C:\\Python310\\lib\\site-packages\\pluggy\\_hooks.py&amp;quot;, line 513, in __call__\n    return self._hookexec(self.name, self._hookimpls.copy(), kwargs, firstresult)\n  File &amp;quot;C:\\Python310\\lib\\site-packages\\pluggy\\_manager.py&amp;quot;, line 120, in _hookexec\n    return self._inner_hookexec(hook_name, methods, kwargs, firstresult)\n  File &amp;quot;C:\\Python310\\lib\\site-packages\\pluggy\\_callers.py&amp;quot;, line 103, in _multicall\n    res = hook_impl.function(*args)\n  File &amp;quot;C:\\Python310\\lib\\site-packages\\_pytest\\python.py&amp;quot;, line 159, in pytest_pyfunc_call\n    result = testfunction(**testargs)\n  File &amp;quot;D:\\Capstone_June_2025_Test_Automation_Framework\\TestScripts\\test_DT_checks.py&amp;quot;, line 94, in test_DT_Aggregator_Inventory_data_checks\n    verify_expected_as_db_to_actual_as_db(conect_to_mysql_database, query_expected, conect_to_mysql_database, query_actual)\n  File &amp;quot;D:\\Capstone_June_2025_Test_Automation_Framework\\CommonUtilities\\utilities.py&amp;quot;, line 159, in verify_expected_as_db_to_actual_as_db\n    logger.info(&amp;quot;Expected data :&amp;quot;,df_expected)\nMessage: &amp;#x27;Expected data :&amp;#x27;\nArguments: (  store_id total_inventory\n0        1           115.0\n1        2           195.0\n2        3           265.0\n3        4           220.0\n4        5           190.0\n5        6           260.0\n6        7           230.0\n7        8           270.0\n8        9           320.0\n9       10           170.0,)\n\n------------------------------ Captured log call -------------------------------\nINFO     TestScripts.test_DT_checks:test_DT_checks.py:91 Test case for Aggregator - Inventory transfromaiton check has started..\nERROR    TestScripts.test_DT_checks:test_DT_checks.py:97 Test case for Aggregator - Inventory transfromaiton check caused problem..\n\n---------------------------- Captured log teardown -----------------------------\nINFO     conftest:conftest.py:37 mysql connection has been closed...&#34;}]}, &#34;renderCollapsed&#34;: [&#34;passed&#34;], &#34;initialSort&#34;: &#34;result&#34;, &#34;title&#34;: &#34;testExecutionResult.html&#34;}"></div>
    <script>
      (function(){function r(e,n,t){function o(i,f){if(!n[i]){if(!e[i]){var c="function"==typeof require&&require;if(!f&&c)return c(i,!0);if(u)return u(i,!0);var a=new Error("Cannot find module '"+i+"'");throw a.code="MODULE_NOT_FOUND",a}var p=n[i]={exports:{}};e[i][0].call(p.exports,function(r){var n=e[i][1][r];return o(n||r)},p,p.exports,r,e,n,t)}return n[i].exports}for(var u="function"==typeof require&&require,i=0;i<t.length;i++)o(t[i]);return o}return r})()({1:[function(require,module,exports){
const { getCollapsedCategory, setCollapsedIds } = require('./storage.js')

class DataManager {
    setManager(data) {
        const collapsedCategories = [...getCollapsedCategory(data.renderCollapsed)]
        const collapsedIds = []
        const tests = Object.values(data.tests).flat().map((test, index) => {
            const collapsed = collapsedCategories.includes(test.result.toLowerCase())
            const id = `test_${index}`
            if (collapsed) {
                collapsedIds.push(id)
            }
            return {
                ...test,
                id,
                collapsed,
            }
        })
        const dataBlob = { ...data, tests }
        this.data = { ...dataBlob }
        this.renderData = { ...dataBlob }
        setCollapsedIds(collapsedIds)
    }

    get allData() {
        return { ...this.data }
    }

    resetRender() {
        this.renderData = { ...this.data }
    }

    setRender(data) {
        this.renderData.tests = [...data]
    }

    toggleCollapsedItem(id) {
        this.renderData.tests = this.renderData.tests.map((test) =>
            test.id === id ? { ...test, collapsed: !test.collapsed } : test,
        )
    }

    set allCollapsed(collapsed) {
        this.renderData = { ...this.renderData, tests: [...this.renderData.tests.map((test) => (
            { ...test, collapsed }
        ))] }
    }

    get testSubset() {
        return [...this.renderData.tests]
    }

    get environment() {
        return this.renderData.environment
    }

    get initialSort() {
        return this.data.initialSort
    }
}

module.exports = {
    manager: new DataManager(),
}

},{"./storage.js":8}],2:[function(require,module,exports){
const mediaViewer = require('./mediaviewer.js')
const templateEnvRow = document.getElementById('template_environment_row')
const templateResult = document.getElementById('template_results-table__tbody')

function htmlToElements(html) {
    const temp = document.createElement('template')
    temp.innerHTML = html
    return temp.content.childNodes
}

const find = (selector, elem) => {
    if (!elem) {
        elem = document
    }
    return elem.querySelector(selector)
}

const findAll = (selector, elem) => {
    if (!elem) {
        elem = document
    }
    return [...elem.querySelectorAll(selector)]
}

const dom = {
    getStaticRow: (key, value) => {
        const envRow = templateEnvRow.content.cloneNode(true)
        const isObj = typeof value === 'object' && value !== null
        const values = isObj ? Object.keys(value).map((k) => `${k}: ${value[k]}`) : null

        const valuesElement = htmlToElements(
            values ? `<ul>${values.map((val) => `<li>${val}</li>`).join('')}<ul>` : `<div>${value}</div>`)[0]
        const td = findAll('td', envRow)
        td[0].textContent = key
        td[1].appendChild(valuesElement)

        return envRow
    },
    getResultTBody: ({ testId, id, log, extras, resultsTableRow, tableHtml, result, collapsed }) => {
        const resultBody = templateResult.content.cloneNode(true)
        resultBody.querySelector('tbody').classList.add(result.toLowerCase())
        resultBody.querySelector('tbody').id = testId
        resultBody.querySelector('.collapsible').dataset.id = id

        resultsTableRow.forEach((html) => {
            const t = document.createElement('template')
            t.innerHTML = html
            resultBody.querySelector('.collapsible').appendChild(t.content)
        })

        if (log) {
            // Wrap lines starting with "E" with span.error to color those lines red
            const wrappedLog = log.replace(/^E.*$/gm, (match) => `<span class="error">${match}</span>`)
            resultBody.querySelector('.log').innerHTML = wrappedLog
        } else {
            resultBody.querySelector('.log').remove()
        }

        if (collapsed) {
            resultBody.querySelector('.collapsible > td')?.classList.add('collapsed')
            resultBody.querySelector('.extras-row').classList.add('hidden')
        } else {
            resultBody.querySelector('.collapsible > td')?.classList.remove('collapsed')
        }

        const media = []
        extras?.forEach(({ name, format_type, content }) => {
            if (['image', 'video'].includes(format_type)) {
                media.push({ path: content, name, format_type })
            }

            if (format_type === 'html') {
                resultBody.querySelector('.extraHTML').insertAdjacentHTML('beforeend', `<div>${content}</div>`)
            }
        })
        mediaViewer.setup(resultBody, media)

        // Add custom html from the pytest_html_results_table_html hook
        tableHtml?.forEach((item) => {
            resultBody.querySelector('td[class="extra"]').insertAdjacentHTML('beforeend', item)
        })

        return resultBody
    },
}

module.exports = {
    dom,
    htmlToElements,
    find,
    findAll,
}

},{"./mediaviewer.js":6}],3:[function(require,module,exports){
const { manager } = require('./datamanager.js')
const { doSort } = require('./sort.js')
const storageModule = require('./storage.js')

const getFilteredSubSet = (filter) =>
    manager.allData.tests.filter(({ result }) => filter.includes(result.toLowerCase()))

const doInitFilter = () => {
    const currentFilter = storageModule.getVisible()
    const filteredSubset = getFilteredSubSet(currentFilter)
    manager.setRender(filteredSubset)
}

const doFilter = (type, show) => {
    if (show) {
        storageModule.showCategory(type)
    } else {
        storageModule.hideCategory(type)
    }

    const currentFilter = storageModule.getVisible()
    const filteredSubset = getFilteredSubSet(currentFilter)
    manager.setRender(filteredSubset)

    const sortColumn = storageModule.getSort()
    doSort(sortColumn, true)
}

module.exports = {
    doFilter,
    doInitFilter,
}

},{"./datamanager.js":1,"./sort.js":7,"./storage.js":8}],4:[function(require,module,exports){
const { redraw, bindEvents, renderStatic } = require('./main.js')
const { doInitFilter } = require('./filter.js')
const { doInitSort } = require('./sort.js')
const { manager } = require('./datamanager.js')
const data = JSON.parse(document.getElementById('data-container').dataset.jsonblob)

function init() {
    manager.setManager(data)
    doInitFilter()
    doInitSort()
    renderStatic()
    redraw()
    bindEvents()
}

init()

},{"./datamanager.js":1,"./filter.js":3,"./main.js":5,"./sort.js":7}],5:[function(require,module,exports){
const { dom, find, findAll } = require('./dom.js')
const { manager } = require('./datamanager.js')
const { doSort } = require('./sort.js')
const { doFilter } = require('./filter.js')
const {
    getVisible,
    getCollapsedIds,
    setCollapsedIds,
    getSort,
    getSortDirection,
    possibleFilters,
} = require('./storage.js')

const removeChildren = (node) => {
    while (node.firstChild) {
        node.removeChild(node.firstChild)
    }
}

const renderStatic = () => {
    const renderEnvironmentTable = () => {
        const environment = manager.environment
        const rows = Object.keys(environment).map((key) => dom.getStaticRow(key, environment[key]))
        const table = document.getElementById('environment')
        removeChildren(table)
        rows.forEach((row) => table.appendChild(row))
    }
    renderEnvironmentTable()
}

const addItemToggleListener = (elem) => {
    elem.addEventListener('click', ({ target }) => {
        const id = target.parentElement.dataset.id
        manager.toggleCollapsedItem(id)

        const collapsedIds = getCollapsedIds()
        if (collapsedIds.includes(id)) {
            const updated = collapsedIds.filter((item) => item !== id)
            setCollapsedIds(updated)
        } else {
            collapsedIds.push(id)
            setCollapsedIds(collapsedIds)
        }
        redraw()
    })
}

const renderContent = (tests) => {
    const sortAttr = getSort(manager.initialSort)
    const sortAsc = JSON.parse(getSortDirection())
    const rows = tests.map(dom.getResultTBody)
    const table = document.getElementById('results-table')
    const tableHeader = document.getElementById('results-table-head')

    const newTable = document.createElement('table')
    newTable.id = 'results-table'

    // remove all sorting classes and set the relevant
    findAll('.sortable', tableHeader).forEach((elem) => elem.classList.remove('asc', 'desc'))
    tableHeader.querySelector(`.sortable[data-column-type="${sortAttr}"]`)?.classList.add(sortAsc ? 'desc' : 'asc')
    newTable.appendChild(tableHeader)

    if (!rows.length) {
        const emptyTable = document.getElementById('template_results-table__body--empty').content.cloneNode(true)
        newTable.appendChild(emptyTable)
    } else {
        rows.forEach((row) => {
            if (!!row) {
                findAll('.collapsible td:not(.col-links', row).forEach(addItemToggleListener)
                find('.logexpander', row).addEventListener('click',
                    (evt) => evt.target.parentNode.classList.toggle('expanded'),
                )
                newTable.appendChild(row)
            }
        })
    }

    table.replaceWith(newTable)
}

const renderDerived = () => {
    const currentFilter = getVisible()
    possibleFilters.forEach((result) => {
        const input = document.querySelector(`input[data-test-result="${result}"]`)
        input.checked = currentFilter.includes(result)
    })
}

const bindEvents = () => {
    const filterColumn = (evt) => {
        const { target: element } = evt
        const { testResult } = element.dataset

        doFilter(testResult, element.checked)
        const collapsedIds = getCollapsedIds()
        const updated = manager.renderData.tests.map((test) => {
            return {
                ...test,
                collapsed: collapsedIds.includes(test.id),
            }
        })
        manager.setRender(updated)
        redraw()
    }

    const header = document.getElementById('environment-header')
    header.addEventListener('click', () => {
        const table = document.getElementById('environment')
        table.classList.toggle('hidden')
        header.classList.toggle('collapsed')
    })

    findAll('input[name="filter_checkbox"]').forEach((elem) => {
        elem.addEventListener('click', filterColumn)
    })

    findAll('.sortable').forEach((elem) => {
        elem.addEventListener('click', (evt) => {
            const { target: element } = evt
            const { columnType } = element.dataset
            doSort(columnType)
            redraw()
        })
    })

    document.getElementById('show_all_details').addEventListener('click', () => {
        manager.allCollapsed = false
        setCollapsedIds([])
        redraw()
    })
    document.getElementById('hide_all_details').addEventListener('click', () => {
        manager.allCollapsed = true
        const allIds = manager.renderData.tests.map((test) => test.id)
        setCollapsedIds(allIds)
        redraw()
    })
}

const redraw = () => {
    const { testSubset } = manager

    renderContent(testSubset)
    renderDerived()
}

module.exports = {
    redraw,
    bindEvents,
    renderStatic,
}

},{"./datamanager.js":1,"./dom.js":2,"./filter.js":3,"./sort.js":7,"./storage.js":8}],6:[function(require,module,exports){
class MediaViewer {
    constructor(assets) {
        this.assets = assets
        this.index = 0
    }

    nextActive() {
        this.index = this.index === this.assets.length - 1 ? 0 : this.index + 1
        return [this.activeFile, this.index]
    }

    prevActive() {
        this.index = this.index === 0 ? this.assets.length - 1 : this.index -1
        return [this.activeFile, this.index]
    }

    get currentIndex() {
        return this.index
    }

    get activeFile() {
        return this.assets[this.index]
    }
}


const setup = (resultBody, assets) => {
    if (!assets.length) {
        resultBody.querySelector('.media').classList.add('hidden')
        return
    }

    const mediaViewer = new MediaViewer(assets)
    const container = resultBody.querySelector('.media-container')
    const leftArrow = resultBody.querySelector('.media-container__nav--left')
    const rightArrow = resultBody.querySelector('.media-container__nav--right')
    const mediaName = resultBody.querySelector('.media__name')
    const counter = resultBody.querySelector('.media__counter')
    const imageEl = resultBody.querySelector('img')
    const sourceEl = resultBody.querySelector('source')
    const videoEl = resultBody.querySelector('video')

    const setImg = (media, index) => {
        if (media?.format_type === 'image') {
            imageEl.src = media.path

            imageEl.classList.remove('hidden')
            videoEl.classList.add('hidden')
        } else if (media?.format_type === 'video') {
            sourceEl.src = media.path

            videoEl.classList.remove('hidden')
            imageEl.classList.add('hidden')
        }

        mediaName.innerText = media?.name
        counter.innerText = `${index + 1} / ${assets.length}`
    }
    setImg(mediaViewer.activeFile, mediaViewer.currentIndex)

    const moveLeft = () => {
        const [media, index] = mediaViewer.prevActive()
        setImg(media, index)
    }
    const doRight = () => {
        const [media, index] = mediaViewer.nextActive()
        setImg(media, index)
    }
    const openImg = () => {
        window.open(mediaViewer.activeFile.path, '_blank')
    }
    if (assets.length === 1) {
        container.classList.add('media-container--fullscreen')
    } else {
        leftArrow.addEventListener('click', moveLeft)
        rightArrow.addEventListener('click', doRight)
    }
    imageEl.addEventListener('click', openImg)
}

module.exports = {
    setup,
}

},{}],7:[function(require,module,exports){
const { manager } = require('./datamanager.js')
const storageModule = require('./storage.js')

const genericSort = (list, key, ascending, customOrder) => {
    let sorted
    if (customOrder) {
        sorted = list.sort((a, b) => {
            const aValue = a.result.toLowerCase()
            const bValue = b.result.toLowerCase()

            const aIndex = customOrder.findIndex((item) => item.toLowerCase() === aValue)
            const bIndex = customOrder.findIndex((item) => item.toLowerCase() === bValue)

            // Compare the indices to determine the sort order
            return aIndex - bIndex
        })
    } else {
        sorted = list.sort((a, b) => a[key] === b[key] ? 0 : a[key] > b[key] ? 1 : -1)
    }

    if (ascending) {
        sorted.reverse()
    }
    return sorted
}

const durationSort = (list, ascending) => {
    const parseDuration = (duration) => {
        if (duration.includes(':')) {
            // If it's in the format "HH:mm:ss"
            const [hours, minutes, seconds] = duration.split(':').map(Number)
            return (hours * 3600 + minutes * 60 + seconds) * 1000
        } else {
            // If it's in the format "nnn ms"
            return parseInt(duration)
        }
    }
    const sorted = list.sort((a, b) => parseDuration(a['duration']) - parseDuration(b['duration']))
    if (ascending) {
        sorted.reverse()
    }
    return sorted
}

const doInitSort = () => {
    const type = storageModule.getSort(manager.initialSort)
    const ascending = storageModule.getSortDirection()
    const list = manager.testSubset
    const initialOrder = ['Error', 'Failed', 'Rerun', 'XFailed', 'XPassed', 'Skipped', 'Passed']

    storageModule.setSort(type)
    storageModule.setSortDirection(ascending)

    if (type?.toLowerCase() === 'original') {
        manager.setRender(list)
    } else {
        let sortedList
        switch (type) {
        case 'duration':
            sortedList = durationSort(list, ascending)
            break
        case 'result':
            sortedList = genericSort(list, type, ascending, initialOrder)
            break
        default:
            sortedList = genericSort(list, type, ascending)
            break
        }
        manager.setRender(sortedList)
    }
}

const doSort = (type, skipDirection) => {
    const newSortType = storageModule.getSort(manager.initialSort) !== type
    const currentAsc = storageModule.getSortDirection()
    let ascending
    if (skipDirection) {
        ascending = currentAsc
    } else {
        ascending = newSortType ? false : !currentAsc
    }
    storageModule.setSort(type)
    storageModule.setSortDirection(ascending)

    const list = manager.testSubset
    const sortedList = type === 'duration' ? durationSort(list, ascending) : genericSort(list, type, ascending)
    manager.setRender(sortedList)
}

module.exports = {
    doInitSort,
    doSort,
}

},{"./datamanager.js":1,"./storage.js":8}],8:[function(require,module,exports){
const possibleFilters = [
    'passed',
    'skipped',
    'failed',
    'error',
    'xfailed',
    'xpassed',
    'rerun',
]

const getVisible = () => {
    const url = new URL(window.location.href)
    const settings = new URLSearchParams(url.search).get('visible')
    const lower = (item) => {
        const lowerItem = item.toLowerCase()
        if (possibleFilters.includes(lowerItem)) {
            return lowerItem
        }
        return null
    }
    return settings === null ?
        possibleFilters :
        [...new Set(settings?.split(',').map(lower).filter((item) => item))]
}

const hideCategory = (categoryToHide) => {
    const url = new URL(window.location.href)
    const visibleParams = new URLSearchParams(url.search).get('visible')
    const currentVisible = visibleParams ? visibleParams.split(',') : [...possibleFilters]
    const settings = [...new Set(currentVisible)].filter((f) => f !== categoryToHide).join(',')

    url.searchParams.set('visible', settings)
    window.history.pushState({}, null, unescape(url.href))
}

const showCategory = (categoryToShow) => {
    if (typeof window === 'undefined') {
        return
    }
    const url = new URL(window.location.href)
    const currentVisible = new URLSearchParams(url.search).get('visible')?.split(',').filter(Boolean) ||
        [...possibleFilters]
    const settings = [...new Set([categoryToShow, ...currentVisible])]
    const noFilter = possibleFilters.length === settings.length || !settings.length

    noFilter ? url.searchParams.delete('visible') : url.searchParams.set('visible', settings.join(','))
    window.history.pushState({}, null, unescape(url.href))
}

const getSort = (initialSort) => {
    const url = new URL(window.location.href)
    let sort = new URLSearchParams(url.search).get('sort')
    if (!sort) {
        sort = initialSort || 'result'
    }
    return sort
}

const setSort = (type) => {
    const url = new URL(window.location.href)
    url.searchParams.set('sort', type)
    window.history.pushState({}, null, unescape(url.href))
}

const getCollapsedCategory = (renderCollapsed) => {
    let categories
    if (typeof window !== 'undefined') {
        const url = new URL(window.location.href)
        const collapsedItems = new URLSearchParams(url.search).get('collapsed')
        switch (true) {
        case !renderCollapsed && collapsedItems === null:
            categories = ['passed']
            break
        case collapsedItems?.length === 0 || /^["']{2}$/.test(collapsedItems):
            categories = []
            break
        case /^all$/.test(collapsedItems) || collapsedItems === null && /^all$/.test(renderCollapsed):
            categories = [...possibleFilters]
            break
        default:
            categories = collapsedItems?.split(',').map((item) => item.toLowerCase()) || renderCollapsed
            break
        }
    } else {
        categories = []
    }
    return categories
}

const getSortDirection = () => JSON.parse(sessionStorage.getItem('sortAsc')) || false
const setSortDirection = (ascending) => sessionStorage.setItem('sortAsc', ascending)

const getCollapsedIds = () => JSON.parse(sessionStorage.getItem('collapsedIds')) || []
const setCollapsedIds = (list) => sessionStorage.setItem('collapsedIds', JSON.stringify(list))

module.exports = {
    getVisible,
    hideCategory,
    showCategory,
    getCollapsedIds,
    setCollapsedIds,
    getSort,
    setSort,
    getSortDirection,
    setSortDirection,
    getCollapsedCategory,
    possibleFilters,
}

},{}]},{},[4]);
    </script>
  </footer>
</html>